{"C:\\SCP\\src\\scpx-app\\ext\\wallet\\cli-log.js": {"path":"C:\\SCP\\src\\scpx-app\\ext\\wallet\\cli-log.js","statementMap":{"0":{"start":{"line":3,"column":20},"end":{"line":3,"column":38}},"1":{"start":{"line":6,"column":15},"end":{"line":6,"column":32}},"2":{"start":{"line":8,"column":0},"end":{"line":59,"column":1}},"3":{"start":{"line":11,"column":8},"end":{"line":11,"column":106}},"4":{"start":{"line":15,"column":8},"end":{"line":16,"column":68}},"5":{"start":{"line":15,"column":15},"end":{"line":15,"column":71}},"6":{"start":{"line":16,"column":15},"end":{"line":16,"column":68}},"7":{"start":{"line":20,"column":8},"end":{"line":21,"column":58}},"8":{"start":{"line":20,"column":15},"end":{"line":20,"column":61}},"9":{"start":{"line":21,"column":15},"end":{"line":21,"column":58}},"10":{"start":{"line":26,"column":8},"end":{"line":27,"column":101}},"11":{"start":{"line":26,"column":15},"end":{"line":26,"column":104}},"12":{"start":{"line":27,"column":15},"end":{"line":27,"column":101}},"13":{"start":{"line":31,"column":8},"end":{"line":32,"column":92}},"14":{"start":{"line":31,"column":15},"end":{"line":31,"column":95}},"15":{"start":{"line":32,"column":15},"end":{"line":32,"column":92}},"16":{"start":{"line":36,"column":8},"end":{"line":37,"column":93}},"17":{"start":{"line":36,"column":15},"end":{"line":36,"column":96}},"18":{"start":{"line":37,"column":15},"end":{"line":37,"column":93}},"19":{"start":{"line":41,"column":27},"end":{"line":41,"column":28}},"20":{"start":{"line":42,"column":8},"end":{"line":42,"column":55}},"21":{"start":{"line":42,"column":48},"end":{"line":42,"column":55}},"22":{"start":{"line":43,"column":8},"end":{"line":43,"column":50}},"23":{"start":{"line":44,"column":25},"end":{"line":44,"column":55}},"24":{"start":{"line":45,"column":8},"end":{"line":45,"column":57}},"25":{"start":{"line":47,"column":30},"end":{"line":47,"column":56}},"26":{"start":{"line":48,"column":23},"end":{"line":50,"column":49}},"27":{"start":{"line":52,"column":8},"end":{"line":57,"column":10}},"28":{"start":{"line":53,"column":12},"end":{"line":53,"column":30}},"29":{"start":{"line":54,"column":12},"end":{"line":56,"column":14}},"30":{"start":{"line":55,"column":16},"end":{"line":55,"column":37}}},"fnMap":{"0":{"name":"(anonymous_0)","decl":{"start":{"line":10,"column":11},"end":{"line":10,"column":12}},"loc":{"start":{"line":10,"column":36},"end":{"line":12,"column":5}},"line":10},"1":{"name":"(anonymous_1)","decl":{"start":{"line":14,"column":9},"end":{"line":14,"column":10}},"loc":{"start":{"line":14,"column":19},"end":{"line":17,"column":5}},"line":14},"2":{"name":"(anonymous_2)","decl":{"start":{"line":19,"column":10},"end":{"line":19,"column":11}},"loc":{"start":{"line":19,"column":20},"end":{"line":23,"column":5}},"line":19},"3":{"name":"(anonymous_3)","decl":{"start":{"line":25,"column":10},"end":{"line":25,"column":11}},"loc":{"start":{"line":25,"column":20},"end":{"line":28,"column":5}},"line":25},"4":{"name":"(anonymous_4)","decl":{"start":{"line":30,"column":11},"end":{"line":30,"column":12}},"loc":{"start":{"line":30,"column":21},"end":{"line":33,"column":5}},"line":30},"5":{"name":"(anonymous_5)","decl":{"start":{"line":35,"column":13},"end":{"line":35,"column":14}},"loc":{"start":{"line":35,"column":23},"end":{"line":38,"column":5}},"line":35},"6":{"name":"(anonymous_6)","decl":{"start":{"line":40,"column":13},"end":{"line":40,"column":14}},"loc":{"start":{"line":40,"column":27},"end":{"line":58,"column":5}},"line":40},"7":{"name":"(anonymous_7)","decl":{"start":{"line":52,"column":27},"end":{"line":52,"column":28}},"loc":{"start":{"line":52,"column":38},"end":{"line":57,"column":9}},"line":52},"8":{"name":"(anonymous_8)","decl":{"start":{"line":54,"column":31},"end":{"line":54,"column":32}},"loc":{"start":{"line":54,"column":44},"end":{"line":56,"column":13}},"line":54}},"branchMap":{"0":{"loc":{"start":{"line":15,"column":8},"end":{"line":16,"column":68}},"type":"if","locations":[{"start":{"line":15,"column":8},"end":{"line":16,"column":68}},{"start":{"line":15,"column":8},"end":{"line":16,"column":68}}],"line":15},"1":{"loc":{"start":{"line":20,"column":8},"end":{"line":21,"column":58}},"type":"if","locations":[{"start":{"line":20,"column":8},"end":{"line":21,"column":58}},{"start":{"line":20,"column":8},"end":{"line":21,"column":58}}],"line":20},"2":{"loc":{"start":{"line":26,"column":8},"end":{"line":27,"column":101}},"type":"if","locations":[{"start":{"line":26,"column":8},"end":{"line":27,"column":101}},{"start":{"line":26,"column":8},"end":{"line":27,"column":101}}],"line":26},"3":{"loc":{"start":{"line":31,"column":8},"end":{"line":32,"column":92}},"type":"if","locations":[{"start":{"line":31,"column":8},"end":{"line":32,"column":92}},{"start":{"line":31,"column":8},"end":{"line":32,"column":92}}],"line":31},"4":{"loc":{"start":{"line":36,"column":8},"end":{"line":37,"column":93}},"type":"if","locations":[{"start":{"line":36,"column":8},"end":{"line":37,"column":93}},{"start":{"line":36,"column":8},"end":{"line":37,"column":93}}],"line":36},"5":{"loc":{"start":{"line":42,"column":8},"end":{"line":42,"column":55}},"type":"if","locations":[{"start":{"line":42,"column":8},"end":{"line":42,"column":55}},{"start":{"line":42,"column":8},"end":{"line":42,"column":55}}],"line":42},"6":{"loc":{"start":{"line":42,"column":12},"end":{"line":42,"column":46}},"type":"binary-expr","locations":[{"start":{"line":42,"column":12},"end":{"line":42,"column":14}},{"start":{"line":42,"column":18},"end":{"line":42,"column":46}}],"line":42},"7":{"loc":{"start":{"line":48,"column":23},"end":{"line":50,"column":49}},"type":"cond-expr","locations":[{"start":{"line":49,"column":14},"end":{"line":49,"column":50}},{"start":{"line":50,"column":14},"end":{"line":50,"column":49}}],"line":48}},"s":{"0":1,"1":1,"2":1,"3":0,"4":1,"5":0,"6":1,"7":0,"8":0,"9":0,"10":0,"11":0,"12":0,"13":0,"14":0,"15":0,"16":0,"17":0,"18":0,"19":0,"20":0,"21":0,"22":0,"23":0,"24":0,"25":0,"26":0,"27":0,"28":0,"29":0,"30":0},"f":{"0":0,"1":1,"2":0,"3":0,"4":0,"5":0,"6":0,"7":0,"8":0},"b":{"0":[0,1],"1":[0,0],"2":[0,0],"3":[0,0],"4":[0,0],"5":[0,0],"6":[0,0],"7":[0,0]},"_coverageSchema":"332fd63041d2c1bcb487cc26dd0d5f7d97098a6c","hash":"1c6c7d785c344c828da174dac43fd1db2d41020e"}
,"C:\\SCP\\src\\scpx-app\\ext\\wallet\\cli-repl.js": {"path":"C:\\SCP\\src\\scpx-app\\ext\\wallet\\cli-repl.js","statementMap":{"0":{"start":{"line":3,"column":13},"end":{"line":3,"column":28}},"1":{"start":{"line":4,"column":15},"end":{"line":4,"column":32}},"2":{"start":{"line":6,"column":17},"end":{"line":6,"column":35}},"3":{"start":{"line":7,"column":20},"end":{"line":7,"column":38}},"4":{"start":{"line":8,"column":12},"end":{"line":8,"column":32}},"5":{"start":{"line":10,"column":17},"end":{"line":10,"column":50}},"6":{"start":{"line":11,"column":17},"end":{"line":11,"column":50}},"7":{"start":{"line":13,"column":19},"end":{"line":13,"column":51}},"8":{"start":{"line":15,"column":22},"end":{"line":16,"column":108}},"9":{"start":{"line":18,"column":23},"end":{"line":21,"column":120}},"10":{"start":{"line":23,"column":26},"end":{"line":24,"column":114}},"11":{"start":{"line":26,"column":23},"end":{"line":32,"column":94}},"12":{"start":{"line":34,"column":26},"end":{"line":38,"column":121}},"13":{"start":{"line":40,"column":23},"end":{"line":45,"column":141}},"14":{"start":{"line":47,"column":23},"end":{"line":51,"column":88}},"15":{"start":{"line":55,"column":20},"end":{"line":58,"column":130}},"16":{"start":{"line":60,"column":16},"end":{"line":61,"column":65}},"17":{"start":{"line":63,"column":17},"end":{"line":64,"column":47}},"18":{"start":{"line":67,"column":0},"end":{"line":179,"column":1}},"19":{"start":{"line":70,"column":8},"end":{"line":72,"column":9}},"20":{"start":{"line":71,"column":12},"end":{"line":71,"column":117}},"21":{"start":{"line":75,"column":23},"end":{"line":75,"column":102}},"22":{"start":{"line":76,"column":25},"end":{"line":76,"column":66}},"23":{"start":{"line":76,"column":39},"end":{"line":76,"column":66}},"24":{"start":{"line":77,"column":20},"end":{"line":77,"column":57}},"25":{"start":{"line":77,"column":31},"end":{"line":77,"column":57}},"26":{"start":{"line":77,"column":37},"end":{"line":77,"column":57}},"27":{"start":{"line":78,"column":28},"end":{"line":78,"column":89}},"28":{"start":{"line":79,"column":23},"end":{"line":86,"column":10}},"29":{"start":{"line":89,"column":8},"end":{"line":93,"column":9}},"30":{"start":{"line":90,"column":12},"end":{"line":90,"column":41}},"31":{"start":{"line":91,"column":12},"end":{"line":91,"column":62}},"32":{"start":{"line":92,"column":12},"end":{"line":92,"column":34}},"33":{"start":{"line":94,"column":8},"end":{"line":94,"column":40}},"34":{"start":{"line":97,"column":8},"end":{"line":97,"column":35}},"35":{"start":{"line":98,"column":8},"end":{"line":98,"column":36}},"36":{"start":{"line":99,"column":8},"end":{"line":99,"column":36}},"37":{"start":{"line":100,"column":8},"end":{"line":100,"column":35}},"38":{"start":{"line":101,"column":8},"end":{"line":101,"column":37}},"39":{"start":{"line":102,"column":8},"end":{"line":102,"column":38}},"40":{"start":{"line":103,"column":8},"end":{"line":103,"column":35}},"41":{"start":{"line":104,"column":8},"end":{"line":104,"column":41}},"42":{"start":{"line":106,"column":32},"end":{"line":120,"column":9}},"43":{"start":{"line":107,"column":12},"end":{"line":119,"column":14}},"44":{"start":{"line":110,"column":20},"end":{"line":110,"column":49}},"45":{"start":{"line":111,"column":31},"end":{"line":111,"column":67}},"46":{"start":{"line":112,"column":20},"end":{"line":117,"column":21}},"47":{"start":{"line":112,"column":35},"end":{"line":112,"column":62}},"48":{"start":{"line":115,"column":24},"end":{"line":115,"column":107}},"49":{"start":{"line":115,"column":80},"end":{"line":115,"column":106}},"50":{"start":{"line":123,"column":8},"end":{"line":123,"column":72}},"51":{"start":{"line":126,"column":8},"end":{"line":126,"column":74}},"52":{"start":{"line":129,"column":8},"end":{"line":129,"column":92}},"53":{"start":{"line":132,"column":8},"end":{"line":132,"column":86}},"54":{"start":{"line":135,"column":8},"end":{"line":135,"column":94}},"55":{"start":{"line":138,"column":8},"end":{"line":138,"column":86}},"56":{"start":{"line":141,"column":8},"end":{"line":141,"column":86}},"57":{"start":{"line":145,"column":8},"end":{"line":145,"column":63}},"58":{"start":{"line":150,"column":8},"end":{"line":153,"column":10}},"59":{"start":{"line":151,"column":12},"end":{"line":151,"column":30}},"60":{"start":{"line":152,"column":12},"end":{"line":152,"column":31}},"61":{"start":{"line":156,"column":8},"end":{"line":159,"column":10}},"62":{"start":{"line":157,"column":12},"end":{"line":157,"column":27}},"63":{"start":{"line":173,"column":8},"end":{"line":173,"column":21}},"64":{"start":{"line":177,"column":8},"end":{"line":177,"column":34}},"65":{"start":{"line":182,"column":4},"end":{"line":199,"column":11}},"66":{"start":{"line":183,"column":8},"end":{"line":192,"column":9}},"67":{"start":{"line":184,"column":12},"end":{"line":184,"column":39}},"68":{"start":{"line":184,"column":21},"end":{"line":184,"column":39}},"69":{"start":{"line":185,"column":12},"end":{"line":188,"column":13}},"70":{"start":{"line":186,"column":16},"end":{"line":186,"column":29}},"71":{"start":{"line":187,"column":16},"end":{"line":187,"column":30}},"72":{"start":{"line":191,"column":12},"end":{"line":191,"column":61}},"73":{"start":{"line":194,"column":8},"end":{"line":196,"column":9}},"74":{"start":{"line":195,"column":12},"end":{"line":195,"column":109}},"75":{"start":{"line":198,"column":8},"end":{"line":198,"column":30}}},"fnMap":{"0":{"name":"(anonymous_0)","decl":{"start":{"line":68,"column":15},"end":{"line":68,"column":16}},"loc":{"start":{"line":68,"column":53},"end":{"line":174,"column":5}},"line":68},"1":{"name":"(anonymous_1)","decl":{"start":{"line":76,"column":25},"end":{"line":76,"column":26}},"loc":{"start":{"line":76,"column":39},"end":{"line":76,"column":66}},"line":76},"2":{"name":"(anonymous_2)","decl":{"start":{"line":77,"column":20},"end":{"line":77,"column":21}},"loc":{"start":{"line":77,"column":31},"end":{"line":77,"column":57}},"line":77},"3":{"name":"(anonymous_3)","decl":{"start":{"line":77,"column":31},"end":{"line":77,"column":32}},"loc":{"start":{"line":77,"column":37},"end":{"line":77,"column":57}},"line":77},"4":{"name":"(anonymous_4)","decl":{"start":{"line":106,"column":32},"end":{"line":106,"column":33}},"loc":{"start":{"line":106,"column":74},"end":{"line":120,"column":9}},"line":106},"5":{"name":"(anonymous_5)","decl":{"start":{"line":109,"column":24},"end":{"line":109,"column":25}},"loc":{"start":{"line":109,"column":40},"end":{"line":118,"column":17}},"line":109},"6":{"name":"(anonymous_6)","decl":{"start":{"line":115,"column":73},"end":{"line":115,"column":74}},"loc":{"start":{"line":115,"column":80},"end":{"line":115,"column":106}},"line":115},"7":{"name":"(anonymous_7)","decl":{"start":{"line":150,"column":48},"end":{"line":150,"column":49}},"loc":{"start":{"line":150,"column":60},"end":{"line":153,"column":9}},"line":150},"8":{"name":"(anonymous_8)","decl":{"start":{"line":156,"column":50},"end":{"line":156,"column":51}},"loc":{"start":{"line":156,"column":62},"end":{"line":159,"column":9}},"line":156},"9":{"name":"(anonymous_9)","decl":{"start":{"line":176,"column":13},"end":{"line":176,"column":14}},"loc":{"start":{"line":176,"column":36},"end":{"line":178,"column":5}},"line":176},"10":{"name":"postCmd","decl":{"start":{"line":181,"column":9},"end":{"line":181,"column":16}},"loc":{"start":{"line":181,"column":36},"end":{"line":200,"column":1}},"line":181},"11":{"name":"(anonymous_11)","decl":{"start":{"line":182,"column":15},"end":{"line":182,"column":16}},"loc":{"start":{"line":182,"column":21},"end":{"line":199,"column":5}},"line":182}},"branchMap":{"0":{"loc":{"start":{"line":70,"column":8},"end":{"line":72,"column":9}},"type":"if","locations":[{"start":{"line":70,"column":8},"end":{"line":72,"column":9}},{"start":{"line":70,"column":8},"end":{"line":72,"column":9}}],"line":70},"1":{"loc":{"start":{"line":89,"column":8},"end":{"line":93,"column":9}},"type":"if","locations":[{"start":{"line":89,"column":8},"end":{"line":93,"column":9}},{"start":{"line":89,"column":8},"end":{"line":93,"column":9}}],"line":89},"2":{"loc":{"start":{"line":112,"column":20},"end":{"line":117,"column":21}},"type":"if","locations":[{"start":{"line":112,"column":20},"end":{"line":117,"column":21}},{"start":{"line":112,"column":20},"end":{"line":117,"column":21}}],"line":112},"3":{"loc":{"start":{"line":183,"column":8},"end":{"line":192,"column":9}},"type":"if","locations":[{"start":{"line":183,"column":8},"end":{"line":192,"column":9}},{"start":{"line":183,"column":8},"end":{"line":192,"column":9}}],"line":183},"4":{"loc":{"start":{"line":183,"column":12},"end":{"line":183,"column":27}},"type":"binary-expr","locations":[{"start":{"line":183,"column":12},"end":{"line":183,"column":16}},{"start":{"line":183,"column":20},"end":{"line":183,"column":27}}],"line":183},"5":{"loc":{"start":{"line":184,"column":12},"end":{"line":184,"column":39}},"type":"if","locations":[{"start":{"line":184,"column":12},"end":{"line":184,"column":39}},{"start":{"line":184,"column":12},"end":{"line":184,"column":39}}],"line":184},"6":{"loc":{"start":{"line":185,"column":12},"end":{"line":188,"column":13}},"type":"if","locations":[{"start":{"line":185,"column":12},"end":{"line":188,"column":13}},{"start":{"line":185,"column":12},"end":{"line":188,"column":13}}],"line":185},"7":{"loc":{"start":{"line":194,"column":8},"end":{"line":196,"column":9}},"type":"if","locations":[{"start":{"line":194,"column":8},"end":{"line":196,"column":9}},{"start":{"line":194,"column":8},"end":{"line":196,"column":9}}],"line":194},"8":{"loc":{"start":{"line":194,"column":12},"end":{"line":194,"column":97}},"type":"binary-expr","locations":[{"start":{"line":194,"column":12},"end":{"line":194,"column":35}},{"start":{"line":194,"column":39},"end":{"line":194,"column":66}},{"start":{"line":194,"column":70},"end":{"line":194,"column":97}}],"line":194}},"s":{"0":1,"1":1,"2":1,"3":1,"4":1,"5":1,"6":1,"7":1,"8":1,"9":1,"10":1,"11":1,"12":1,"13":1,"14":1,"15":1,"16":1,"17":1,"18":1,"19":0,"20":0,"21":0,"22":0,"23":0,"24":0,"25":0,"26":0,"27":0,"28":0,"29":0,"30":0,"31":0,"32":0,"33":0,"34":0,"35":0,"36":0,"37":0,"38":0,"39":0,"40":0,"41":0,"42":0,"43":0,"44":0,"45":0,"46":0,"47":0,"48":0,"49":0,"50":0,"51":0,"52":0,"53":0,"54":0,"55":0,"56":0,"57":0,"58":0,"59":0,"60":0,"61":0,"62":0,"63":0,"64":0,"65":0,"66":0,"67":0,"68":0,"69":0,"70":0,"71":0,"72":0,"73":0,"74":0,"75":0},"f":{"0":0,"1":0,"2":0,"3":0,"4":0,"5":0,"6":0,"7":0,"8":0,"9":0,"10":0,"11":0},"b":{"0":[0,0],"1":[0,0],"2":[0,0],"3":[0,0],"4":[0,0],"5":[0,0],"6":[0,0],"7":[0,0],"8":[0,0,0]},"_coverageSchema":"332fd63041d2c1bcb487cc26dd0d5f7d97098a6c","hash":"54b794c0af4d286cdb824424afd8ff4399c8ff83"}
,"C:\\SCP\\src\\scpx-app\\ext\\wallet\\store.js": {"path":"C:\\SCP\\src\\scpx-app\\ext\\wallet\\store.js","statementMap":{"0":{"start":{"line":3,"column":41},"end":{"line":3,"column":57}},"1":{"start":{"line":4,"column":14},"end":{"line":4,"column":44}},"2":{"start":{"line":5,"column":21},"end":{"line":5,"column":45}},"3":{"start":{"line":7,"column":28},"end":{"line":7,"column":60}},"4":{"start":{"line":9,"column":13},"end":{"line":9,"column":39}},"5":{"start":{"line":11,"column":20},"end":{"line":13,"column":1}},"6":{"start":{"line":12,"column":4},"end":{"line":12,"column":30}},"7":{"start":{"line":15,"column":14},"end":{"line":20,"column":1}},"8":{"start":{"line":22,"column":18},"end":{"line":22,"column":50}},"9":{"start":{"line":24,"column":0},"end":{"line":27,"column":1}}},"fnMap":{"0":{"name":"(anonymous_0)","decl":{"start":{"line":11,"column":20},"end":{"line":11,"column":21}},"loc":{"start":{"line":11,"column":39},"end":{"line":13,"column":1}},"line":11}},"branchMap":{},"s":{"0":1,"1":1,"2":1,"3":1,"4":1,"5":1,"6":2,"7":1,"8":1,"9":1},"f":{"0":2},"b":{},"_coverageSchema":"332fd63041d2c1bcb487cc26dd0d5f7d97098a6c","hash":"e93ea722345d0a1f2d874d3111ccf1ebd5d02722"}
,"C:\\SCP\\src\\scpx-app\\ext\\wallet\\svr-workers.js": {"path":"C:\\SCP\\src\\scpx-app\\ext\\wallet\\svr-workers.js","statementMap":{"0":{"start":{"line":2,"column":45},"end":{"line":2,"column":70}},"1":{"start":{"line":4,"column":21},"end":{"line":4,"column":47}},"2":{"start":{"line":5,"column":20},"end":{"line":5,"column":38}},"3":{"start":{"line":7,"column":27},"end":{"line":7,"column":66}},"4":{"start":{"line":9,"column":0},"end":{"line":53,"column":1}},"5":{"start":{"line":13,"column":28},"end":{"line":13,"column":66}},"6":{"start":{"line":16,"column":8},"end":{"line":23,"column":9}},"7":{"start":{"line":17,"column":12},"end":{"line":17,"column":39}},"8":{"start":{"line":18,"column":12},"end":{"line":18,"column":39}},"9":{"start":{"line":19,"column":12},"end":{"line":21,"column":13}},"10":{"start":{"line":20,"column":16},"end":{"line":20,"column":92}},"11":{"start":{"line":22,"column":12},"end":{"line":22,"column":41}},"12":{"start":{"line":26,"column":8},"end":{"line":42,"column":9}},"13":{"start":{"line":27,"column":12},"end":{"line":27,"column":83}},"14":{"start":{"line":28,"column":12},"end":{"line":30,"column":14}},"15":{"start":{"line":29,"column":16},"end":{"line":29,"column":65}},"16":{"start":{"line":33,"column":30},"end":{"line":39,"column":14}},"17":{"start":{"line":34,"column":16},"end":{"line":38,"column":18}},"18":{"start":{"line":35,"column":20},"end":{"line":37,"column":21}},"19":{"start":{"line":36,"column":24},"end":{"line":36,"column":33}},"20":{"start":{"line":40,"column":12},"end":{"line":40,"column":85}},"21":{"start":{"line":41,"column":12},"end":{"line":41,"column":27}},"22":{"start":{"line":45,"column":22},"end":{"line":50,"column":10}},"23":{"start":{"line":46,"column":12},"end":{"line":49,"column":14}},"24":{"start":{"line":47,"column":16},"end":{"line":47,"column":67}},"25":{"start":{"line":47,"column":51},"end":{"line":47,"column":64}},"26":{"start":{"line":48,"column":16},"end":{"line":48,"column":66}},"27":{"start":{"line":51,"column":8},"end":{"line":51,"column":33}}},"fnMap":{"0":{"name":"(anonymous_0)","decl":{"start":{"line":12,"column":18},"end":{"line":12,"column":19}},"loc":{"start":{"line":12,"column":35},"end":{"line":52,"column":5}},"line":12},"1":{"name":"(anonymous_1)","decl":{"start":{"line":28,"column":48},"end":{"line":28,"column":49}},"loc":{"start":{"line":28,"column":57},"end":{"line":30,"column":13}},"line":28},"2":{"name":"(anonymous_2)","decl":{"start":{"line":33,"column":42},"end":{"line":33,"column":43}},"loc":{"start":{"line":33,"column":55},"end":{"line":39,"column":13}},"line":33},"3":{"name":"(anonymous_3)","decl":{"start":{"line":34,"column":52},"end":{"line":34,"column":53}},"loc":{"start":{"line":34,"column":63},"end":{"line":38,"column":17}},"line":34},"4":{"name":"(anonymous_4)","decl":{"start":{"line":45,"column":81},"end":{"line":45,"column":82}},"loc":{"start":{"line":45,"column":91},"end":{"line":50,"column":9}},"line":45},"5":{"name":"(anonymous_5)","decl":{"start":{"line":46,"column":31},"end":{"line":46,"column":32}},"loc":{"start":{"line":46,"column":44},"end":{"line":49,"column":13}},"line":46},"6":{"name":"(anonymous_6)","decl":{"start":{"line":47,"column":39},"end":{"line":47,"column":40}},"loc":{"start":{"line":47,"column":49},"end":{"line":47,"column":66}},"line":47}},"branchMap":{"0":{"loc":{"start":{"line":16,"column":8},"end":{"line":23,"column":9}},"type":"if","locations":[{"start":{"line":16,"column":8},"end":{"line":23,"column":9}},{"start":{"line":16,"column":8},"end":{"line":23,"column":9}}],"line":16},"1":{"loc":{"start":{"line":16,"column":12},"end":{"line":16,"column":86}},"type":"binary-expr","locations":[{"start":{"line":16,"column":12},"end":{"line":16,"column":48}},{"start":{"line":16,"column":52},"end":{"line":16,"column":86}}],"line":16},"2":{"loc":{"start":{"line":26,"column":8},"end":{"line":42,"column":9}},"type":"if","locations":[{"start":{"line":26,"column":8},"end":{"line":42,"column":9}},{"start":{"line":26,"column":8},"end":{"line":42,"column":9}}],"line":26},"3":{"loc":{"start":{"line":35,"column":20},"end":{"line":37,"column":21}},"type":"if","locations":[{"start":{"line":35,"column":20},"end":{"line":37,"column":21}},{"start":{"line":35,"column":20},"end":{"line":37,"column":21}}],"line":35}},"s":{"0":1,"1":1,"2":1,"3":1,"4":1,"5":1,"6":1,"7":1,"8":1,"9":1,"10":8,"11":1,"12":1,"13":1,"14":1,"15":2,"16":1,"17":1,"18":2,"19":1,"20":1,"21":1,"22":1,"23":9,"24":9,"25":9,"26":9,"27":1},"f":{"0":1,"1":2,"2":1,"3":2,"4":9,"5":9,"6":9},"b":{"0":[1,0],"1":[1,0],"2":[1,0],"3":[1,1]},"_coverageSchema":"332fd63041d2c1bcb487cc26dd0d5f7d97098a6c","hash":"6eb8893f34fd1e8288c55b15f3cc2675d4b3f4fc"}
,"C:\\SCP\\src\\scpx-app\\ext\\wallet\\actions\\appWorkerCallbacks.js": {"path":"C:\\SCP\\src\\scpx-app\\ext\\wallet\\actions\\appWorkerCallbacks.js","statementMap":{"0":{"start":{"line":3,"column":21},"end":{"line":3,"column":66}},"1":{"start":{"line":5,"column":23},"end":{"line":5,"column":51}},"2":{"start":{"line":7,"column":21},"end":{"line":7,"column":48}},"3":{"start":{"line":9,"column":20},"end":{"line":9,"column":39}},"4":{"start":{"line":11,"column":0},"end":{"line":109,"column":1}},"5":{"start":{"line":15,"column":8},"end":{"line":24,"column":9}},"6":{"start":{"line":16,"column":12},"end":{"line":16,"column":38}},"7":{"start":{"line":17,"column":12},"end":{"line":17,"column":32}},"8":{"start":{"line":18,"column":12},"end":{"line":18,"column":38}},"9":{"start":{"line":21,"column":12},"end":{"line":21,"column":33}},"10":{"start":{"line":22,"column":12},"end":{"line":22,"column":27}},"11":{"start":{"line":23,"column":12},"end":{"line":23,"column":33}},"12":{"start":{"line":26,"column":28},"end":{"line":26,"column":66}},"13":{"start":{"line":27,"column":26},"end":{"line":27,"column":47}},"14":{"start":{"line":29,"column":8},"end":{"line":107,"column":9}},"15":{"start":{"line":30,"column":30},"end":{"line":30,"column":48}},"16":{"start":{"line":31,"column":12},"end":{"line":45,"column":13}},"17":{"start":{"line":33,"column":37},"end":{"line":33,"column":54}},"18":{"start":{"line":34,"column":36},"end":{"line":34,"column":52}},"19":{"start":{"line":35,"column":39},"end":{"line":35,"column":55}},"20":{"start":{"line":36,"column":20},"end":{"line":43,"column":21}},"21":{"start":{"line":37,"column":38},"end":{"line":37,"column":108}},"22":{"start":{"line":37,"column":77},"end":{"line":37,"column":105}},"23":{"start":{"line":38,"column":24},"end":{"line":42,"column":25}},"24":{"start":{"line":39,"column":28},"end":{"line":41,"column":32}},"25":{"start":{"line":44,"column":20},"end":{"line":44,"column":25}},"26":{"start":{"line":47,"column":13},"end":{"line":107,"column":9}},"27":{"start":{"line":48,"column":33},"end":{"line":48,"column":54}},"28":{"start":{"line":49,"column":36},"end":{"line":49,"column":60}},"29":{"start":{"line":50,"column":12},"end":{"line":50,"column":76}},"30":{"start":{"line":54,"column":13},"end":{"line":107,"column":9}},"31":{"start":{"line":55,"column":35},"end":{"line":55,"column":126}},"32":{"start":{"line":56,"column":12},"end":{"line":59,"column":13}},"33":{"start":{"line":57,"column":16},"end":{"line":57,"column":24}},"34":{"start":{"line":58,"column":16},"end":{"line":58,"column":46}},"35":{"start":{"line":61,"column":13},"end":{"line":107,"column":9}},"36":{"start":{"line":62,"column":35},"end":{"line":62,"column":126}},"37":{"start":{"line":63,"column":12},"end":{"line":66,"column":13}},"38":{"start":{"line":64,"column":16},"end":{"line":64,"column":24}},"39":{"start":{"line":65,"column":16},"end":{"line":65,"column":46}},"40":{"start":{"line":68,"column":13},"end":{"line":107,"column":9}},"41":{"start":{"line":69,"column":36},"end":{"line":69,"column":60}},"42":{"start":{"line":70,"column":12},"end":{"line":106,"column":13}},"43":{"start":{"line":73,"column":35},"end":{"line":73,"column":51}},"44":{"start":{"line":74,"column":16},"end":{"line":102,"column":17}},"45":{"start":{"line":75,"column":40},"end":{"line":75,"column":115}},"46":{"start":{"line":75,"column":70},"end":{"line":75,"column":112}},"47":{"start":{"line":76,"column":20},"end":{"line":101,"column":22}},"48":{"start":{"line":77,"column":38},"end":{"line":77,"column":112}},"49":{"start":{"line":77,"column":73},"end":{"line":77,"column":111}},"50":{"start":{"line":78,"column":24},"end":{"line":100,"column":25}},"51":{"start":{"line":79,"column":46},"end":{"line":79,"column":84}},"52":{"start":{"line":80,"column":44},"end":{"line":80,"column":76}},"53":{"start":{"line":81,"column":45},"end":{"line":81,"column":71}},"54":{"start":{"line":83,"column":28},"end":{"line":99,"column":30}},"55":{"start":{"line":84,"column":32},"end":{"line":98,"column":33}},"56":{"start":{"line":84,"column":55},"end":{"line":84,"column":126}},"57":{"start":{"line":85,"column":36},"end":{"line":97,"column":37}},"58":{"start":{"line":89,"column":40},"end":{"line":96,"column":41}},"59":{"start":{"line":90,"column":44},"end":{"line":95,"column":46}},"60":{"start":{"line":105,"column":16},"end":{"line":105,"column":61}}},"fnMap":{"0":{"name":"(anonymous_0)","decl":{"start":{"line":12,"column":22},"end":{"line":12,"column":23}},"loc":{"start":{"line":12,"column":40},"end":{"line":108,"column":5}},"line":12},"1":{"name":"(anonymous_1)","decl":{"start":{"line":37,"column":68},"end":{"line":37,"column":69}},"loc":{"start":{"line":37,"column":75},"end":{"line":37,"column":107}},"line":37},"2":{"name":"(anonymous_2)","decl":{"start":{"line":75,"column":63},"end":{"line":75,"column":64}},"loc":{"start":{"line":75,"column":68},"end":{"line":75,"column":114}},"line":75},"3":{"name":"(anonymous_3)","decl":{"start":{"line":76,"column":40},"end":{"line":76,"column":41}},"loc":{"start":{"line":76,"column":54},"end":{"line":101,"column":21}},"line":76},"4":{"name":"(anonymous_4)","decl":{"start":{"line":77,"column":68},"end":{"line":77,"column":69}},"loc":{"start":{"line":77,"column":73},"end":{"line":77,"column":111}},"line":77},"5":{"name":"(anonymous_5)","decl":{"start":{"line":83,"column":59},"end":{"line":83,"column":60}},"loc":{"start":{"line":83,"column":71},"end":{"line":99,"column":29}},"line":83},"6":{"name":"(anonymous_6)","decl":{"start":{"line":84,"column":50},"end":{"line":84,"column":51}},"loc":{"start":{"line":84,"column":55},"end":{"line":84,"column":126}},"line":84}},"branchMap":{"0":{"loc":{"start":{"line":15,"column":8},"end":{"line":24,"column":9}},"type":"if","locations":[{"start":{"line":15,"column":8},"end":{"line":24,"column":9}},{"start":{"line":15,"column":8},"end":{"line":24,"column":9}}],"line":15},"1":{"loc":{"start":{"line":29,"column":8},"end":{"line":107,"column":9}},"type":"if","locations":[{"start":{"line":29,"column":8},"end":{"line":107,"column":9}},{"start":{"line":29,"column":8},"end":{"line":107,"column":9}}],"line":29},"2":{"loc":{"start":{"line":29,"column":12},"end":{"line":29,"column":47}},"type":"binary-expr","locations":[{"start":{"line":29,"column":12},"end":{"line":29,"column":35}},{"start":{"line":29,"column":39},"end":{"line":29,"column":47}}],"line":29},"3":{"loc":{"start":{"line":31,"column":12},"end":{"line":45,"column":13}},"type":"switch","locations":[{"start":{"line":32,"column":16},"end":{"line":44,"column":25}}],"line":31},"4":{"loc":{"start":{"line":36,"column":20},"end":{"line":43,"column":21}},"type":"if","locations":[{"start":{"line":36,"column":20},"end":{"line":43,"column":21}},{"start":{"line":36,"column":20},"end":{"line":43,"column":21}}],"line":36},"5":{"loc":{"start":{"line":36,"column":24},"end":{"line":36,"column":83}},"type":"binary-expr","locations":[{"start":{"line":36,"column":24},"end":{"line":36,"column":34}},{"start":{"line":36,"column":38},"end":{"line":36,"column":55}},{"start":{"line":36,"column":59},"end":{"line":36,"column":83}}],"line":36},"6":{"loc":{"start":{"line":38,"column":24},"end":{"line":42,"column":25}},"type":"if","locations":[{"start":{"line":38,"column":24},"end":{"line":42,"column":25}},{"start":{"line":38,"column":24},"end":{"line":42,"column":25}}],"line":38},"7":{"loc":{"start":{"line":47,"column":13},"end":{"line":107,"column":9}},"type":"if","locations":[{"start":{"line":47,"column":13},"end":{"line":107,"column":9}},{"start":{"line":47,"column":13},"end":{"line":107,"column":9}}],"line":47},"8":{"loc":{"start":{"line":54,"column":13},"end":{"line":107,"column":9}},"type":"if","locations":[{"start":{"line":54,"column":13},"end":{"line":107,"column":9}},{"start":{"line":54,"column":13},"end":{"line":107,"column":9}}],"line":54},"9":{"loc":{"start":{"line":56,"column":12},"end":{"line":59,"column":13}},"type":"if","locations":[{"start":{"line":56,"column":12},"end":{"line":59,"column":13}},{"start":{"line":56,"column":12},"end":{"line":59,"column":13}}],"line":56},"10":{"loc":{"start":{"line":61,"column":13},"end":{"line":107,"column":9}},"type":"if","locations":[{"start":{"line":61,"column":13},"end":{"line":107,"column":9}},{"start":{"line":61,"column":13},"end":{"line":107,"column":9}}],"line":61},"11":{"loc":{"start":{"line":63,"column":12},"end":{"line":66,"column":13}},"type":"if","locations":[{"start":{"line":63,"column":12},"end":{"line":66,"column":13}},{"start":{"line":63,"column":12},"end":{"line":66,"column":13}}],"line":63},"12":{"loc":{"start":{"line":68,"column":13},"end":{"line":107,"column":9}},"type":"if","locations":[{"start":{"line":68,"column":13},"end":{"line":107,"column":9}},{"start":{"line":68,"column":13},"end":{"line":107,"column":9}}],"line":68},"13":{"loc":{"start":{"line":70,"column":12},"end":{"line":106,"column":13}},"type":"if","locations":[{"start":{"line":70,"column":12},"end":{"line":106,"column":13}},{"start":{"line":70,"column":12},"end":{"line":106,"column":13}}],"line":70},"14":{"loc":{"start":{"line":74,"column":16},"end":{"line":102,"column":17}},"type":"if","locations":[{"start":{"line":74,"column":16},"end":{"line":102,"column":17}},{"start":{"line":74,"column":16},"end":{"line":102,"column":17}}],"line":74},"15":{"loc":{"start":{"line":74,"column":20},"end":{"line":74,"column":79}},"type":"binary-expr","locations":[{"start":{"line":74,"column":20},"end":{"line":74,"column":30}},{"start":{"line":74,"column":34},"end":{"line":74,"column":51}},{"start":{"line":74,"column":55},"end":{"line":74,"column":79}}],"line":74},"16":{"loc":{"start":{"line":78,"column":24},"end":{"line":100,"column":25}},"type":"if","locations":[{"start":{"line":78,"column":24},"end":{"line":100,"column":25}},{"start":{"line":78,"column":24},"end":{"line":100,"column":25}}],"line":78},"17":{"loc":{"start":{"line":78,"column":28},"end":{"line":78,"column":59}},"type":"binary-expr","locations":[{"start":{"line":78,"column":28},"end":{"line":78,"column":33}},{"start":{"line":78,"column":37},"end":{"line":78,"column":59}}],"line":78},"18":{"loc":{"start":{"line":84,"column":32},"end":{"line":98,"column":33}},"type":"if","locations":[{"start":{"line":84,"column":32},"end":{"line":98,"column":33}},{"start":{"line":84,"column":32},"end":{"line":98,"column":33}}],"line":84},"19":{"loc":{"start":{"line":84,"column":55},"end":{"line":84,"column":126}},"type":"binary-expr","locations":[{"start":{"line":84,"column":55},"end":{"line":84,"column":79}},{"start":{"line":84,"column":83},"end":{"line":84,"column":99}},{"start":{"line":84,"column":103},"end":{"line":84,"column":126}}],"line":84},"20":{"loc":{"start":{"line":85,"column":36},"end":{"line":97,"column":37}},"type":"if","locations":[{"start":{"line":85,"column":36},"end":{"line":97,"column":37}},{"start":{"line":85,"column":36},"end":{"line":97,"column":37}}],"line":85},"21":{"loc":{"start":{"line":85,"column":40},"end":{"line":85,"column":94}},"type":"binary-expr","locations":[{"start":{"line":85,"column":40},"end":{"line":85,"column":62}},{"start":{"line":85,"column":66},"end":{"line":85,"column":94}}],"line":85},"22":{"loc":{"start":{"line":89,"column":40},"end":{"line":96,"column":41}},"type":"if","locations":[{"start":{"line":89,"column":40},"end":{"line":96,"column":41}},{"start":{"line":89,"column":40},"end":{"line":96,"column":41}}],"line":89}},"s":{"0":1,"1":1,"2":1,"3":1,"4":1,"5":2,"6":0,"7":0,"8":0,"9":2,"10":2,"11":2,"12":2,"13":2,"14":2,"15":0,"16":0,"17":0,"18":0,"19":0,"20":0,"21":0,"22":0,"23":0,"24":0,"25":0,"26":2,"27":0,"28":0,"29":0,"30":2,"31":0,"32":0,"33":0,"34":0,"35":2,"36":0,"37":0,"38":0,"39":0,"40":2,"41":0,"42":0,"43":0,"44":0,"45":0,"46":0,"47":0,"48":0,"49":0,"50":0,"51":0,"52":0,"53":0,"54":0,"55":0,"56":0,"57":0,"58":0,"59":0,"60":0},"f":{"0":2,"1":0,"2":0,"3":0,"4":0,"5":0,"6":0},"b":{"0":[0,2],"1":[0,2],"2":[2,0],"3":[0],"4":[0,0],"5":[0,0,0],"6":[0,0],"7":[0,2],"8":[0,2],"9":[0,0],"10":[0,2],"11":[0,0],"12":[0,2],"13":[0,0],"14":[0,0],"15":[0,0,0],"16":[0,0],"17":[0,0],"18":[0,0],"19":[0,0,0],"20":[0,0],"21":[0,0],"22":[0,0]},"_coverageSchema":"332fd63041d2c1bcb487cc26dd0d5f7d97098a6c","hash":"f9e2c5e88215788e13f2f6ec4b4c91150a81afaa"}
,"C:\\SCP\\src\\scpx-app\\ext\\wallet\\actions\\index.js": {"path":"C:\\SCP\\src\\scpx-app\\ext\\wallet\\actions\\index.js","statementMap":{"0":{"start":{"line":3,"column":0},"end":{"line":50,"column":1}},"1":{"start":{"line":47,"column":46},"end":{"line":47,"column":89}}},"fnMap":{"0":{"name":"(anonymous_0)","decl":{"start":{"line":47,"column":32},"end":{"line":47,"column":33}},"loc":{"start":{"line":47,"column":44},"end":{"line":47,"column":91}},"line":47}},"branchMap":{},"s":{"0":1,"1":0},"f":{"0":0},"b":{},"_coverageSchema":"332fd63041d2c1bcb487cc26dd0d5f7d97098a6c","hash":"a8bfaff6283d2f855be6fb8eaa15106312fbc3f7"}
,"C:\\SCP\\src\\scpx-app\\ext\\wallet\\actions\\wallet-account.js": {"path":"C:\\SCP\\src\\scpx-app\\ext\\wallet\\actions\\wallet-account.js","statementMap":{"0":{"start":{"line":3,"column":14},"end":{"line":3,"column":30}},"1":{"start":{"line":4,"column":19},"end":{"line":4,"column":41}},"2":{"start":{"line":9,"column":14},"end":{"line":9,"column":38}},"3":{"start":{"line":10,"column":18},"end":{"line":10,"column":41}},"4":{"start":{"line":12,"column":21},"end":{"line":12,"column":48}},"5":{"start":{"line":13,"column":23},"end":{"line":13,"column":59}},"6":{"start":{"line":14,"column":22},"end":{"line":14,"column":43}},"7":{"start":{"line":15,"column":17},"end":{"line":15,"column":46}},"8":{"start":{"line":16,"column":20},"end":{"line":16,"column":39}},"9":{"start":{"line":18,"column":23},"end":{"line":18,"column":51}},"10":{"start":{"line":20,"column":0},"end":{"line":189,"column":1}},"11":{"start":{"line":30,"column":8},"end":{"line":30,"column":77}},"12":{"start":{"line":32,"column":8},"end":{"line":38,"column":9}},"13":{"start":{"line":35,"column":16},"end":{"line":35,"column":80}},"14":{"start":{"line":37,"column":16},"end":{"line":37,"column":82}},"15":{"start":{"line":43,"column":23},"end":{"line":43,"column":35}},"16":{"start":{"line":44,"column":29},"end":{"line":44,"column":72}},"17":{"start":{"line":44,"column":56},"end":{"line":44,"column":69}},"18":{"start":{"line":46,"column":8},"end":{"line":46,"column":82}},"19":{"start":{"line":47,"column":21},"end":{"line":47,"column":36}},"20":{"start":{"line":48,"column":21},"end":{"line":48,"column":121}},"21":{"start":{"line":49,"column":8},"end":{"line":133,"column":10}},"22":{"start":{"line":50,"column":12},"end":{"line":119,"column":13}},"23":{"start":{"line":51,"column":16},"end":{"line":51,"column":99}},"24":{"start":{"line":52,"column":16},"end":{"line":52,"column":35}},"25":{"start":{"line":54,"column":16},"end":{"line":118,"column":18}},"26":{"start":{"line":56,"column":20},"end":{"line":56,"column":72}},"27":{"start":{"line":58,"column":20},"end":{"line":117,"column":21}},"28":{"start":{"line":59,"column":43},"end":{"line":59,"column":96}},"29":{"start":{"line":59,"column":66},"end":{"line":59,"column":95}},"30":{"start":{"line":61,"column":24},"end":{"line":74,"column":32}},"31":{"start":{"line":77,"column":43},"end":{"line":77,"column":104}},"32":{"start":{"line":77,"column":66},"end":{"line":77,"column":103}},"33":{"start":{"line":79,"column":42},"end":{"line":92,"column":25}},"34":{"start":{"line":93,"column":24},"end":{"line":93,"column":81}},"35":{"start":{"line":94,"column":24},"end":{"line":94,"column":75}},"36":{"start":{"line":95,"column":24},"end":{"line":97,"column":32}},"37":{"start":{"line":100,"column":24},"end":{"line":116,"column":26}},"38":{"start":{"line":123,"column":12},"end":{"line":123,"column":107}},"39":{"start":{"line":126,"column":25},"end":{"line":126,"column":55}},"40":{"start":{"line":127,"column":33},"end":{"line":127,"column":55}},"41":{"start":{"line":128,"column":12},"end":{"line":130,"column":13}},"42":{"start":{"line":129,"column":16},"end":{"line":129,"column":58}},"43":{"start":{"line":131,"column":12},"end":{"line":131,"column":90}},"44":{"start":{"line":132,"column":12},"end":{"line":132,"column":31}},"45":{"start":{"line":138,"column":8},"end":{"line":138,"column":87}},"46":{"start":{"line":139,"column":21},"end":{"line":139,"column":36}},"47":{"start":{"line":140,"column":21},"end":{"line":140,"column":127}},"48":{"start":{"line":142,"column":18},"end":{"line":142,"column":20}},"49":{"start":{"line":147,"column":8},"end":{"line":149,"column":9}},"50":{"start":{"line":148,"column":12},"end":{"line":148,"column":77}},"51":{"start":{"line":151,"column":8},"end":{"line":184,"column":10}},"52":{"start":{"line":155,"column":12},"end":{"line":162,"column":13}},"53":{"start":{"line":156,"column":16},"end":{"line":156,"column":39}},"54":{"start":{"line":159,"column":16},"end":{"line":160,"column":105}},"55":{"start":{"line":160,"column":20},"end":{"line":160,"column":105}},"56":{"start":{"line":161,"column":16},"end":{"line":161,"column":110}},"57":{"start":{"line":164,"column":12},"end":{"line":164,"column":41}},"58":{"start":{"line":167,"column":12},"end":{"line":167,"column":57}},"59":{"start":{"line":168,"column":12},"end":{"line":168,"column":60}},"60":{"start":{"line":169,"column":12},"end":{"line":169,"column":71}},"61":{"start":{"line":172,"column":12},"end":{"line":182,"column":13}},"62":{"start":{"line":173,"column":16},"end":{"line":173,"column":93}},"63":{"start":{"line":174,"column":16},"end":{"line":174,"column":87}},"64":{"start":{"line":175,"column":16},"end":{"line":175,"column":93}},"65":{"start":{"line":178,"column":16},"end":{"line":178,"column":120}},"66":{"start":{"line":179,"column":16},"end":{"line":179,"column":53}},"67":{"start":{"line":180,"column":16},"end":{"line":180,"column":71}},"68":{"start":{"line":181,"column":16},"end":{"line":181,"column":71}},"69":{"start":{"line":183,"column":12},"end":{"line":183,"column":22}},"70":{"start":{"line":192,"column":4},"end":{"line":192,"column":77}},"71":{"start":{"line":194,"column":17},"end":{"line":194,"column":32}},"72":{"start":{"line":195,"column":17},"end":{"line":195,"column":117}},"73":{"start":{"line":197,"column":4},"end":{"line":243,"column":5}},"74":{"start":{"line":199,"column":28},"end":{"line":199,"column":93}},"75":{"start":{"line":201,"column":18},"end":{"line":201,"column":66}},"76":{"start":{"line":202,"column":26},"end":{"line":202,"column":131}},"77":{"start":{"line":204,"column":8},"end":{"line":204,"column":81}},"78":{"start":{"line":206,"column":8},"end":{"line":211,"column":9}},"79":{"start":{"line":207,"column":12},"end":{"line":207,"column":75}},"80":{"start":{"line":210,"column":12},"end":{"line":210,"column":85}},"81":{"start":{"line":213,"column":8},"end":{"line":213,"column":48}},"82":{"start":{"line":215,"column":8},"end":{"line":215,"column":76}},"83":{"start":{"line":216,"column":8},"end":{"line":216,"column":76}},"84":{"start":{"line":219,"column":8},"end":{"line":219,"column":54}},"85":{"start":{"line":220,"column":8},"end":{"line":220,"column":59}},"86":{"start":{"line":221,"column":8},"end":{"line":221,"column":59}},"87":{"start":{"line":222,"column":8},"end":{"line":222,"column":32}},"88":{"start":{"line":225,"column":24},"end":{"line":225,"column":82}},"89":{"start":{"line":227,"column":8},"end":{"line":239,"column":9}},"90":{"start":{"line":228,"column":12},"end":{"line":228,"column":36}},"91":{"start":{"line":229,"column":23},"end":{"line":229,"column":40}},"92":{"start":{"line":231,"column":12},"end":{"line":231,"column":101}},"93":{"start":{"line":233,"column":12},"end":{"line":233,"column":69}},"94":{"start":{"line":234,"column":12},"end":{"line":234,"column":96}},"95":{"start":{"line":237,"column":12},"end":{"line":237,"column":95}},"96":{"start":{"line":238,"column":12},"end":{"line":238,"column":34}},"97":{"start":{"line":242,"column":8},"end":{"line":242,"column":50}},"98":{"start":{"line":247,"column":4},"end":{"line":247,"column":79}},"99":{"start":{"line":249,"column":4},"end":{"line":295,"column":6}},"100":{"start":{"line":250,"column":8},"end":{"line":294,"column":9}},"101":{"start":{"line":252,"column":25},"end":{"line":252,"column":40}},"102":{"start":{"line":253,"column":25},"end":{"line":253,"column":125}},"103":{"start":{"line":255,"column":12},"end":{"line":255,"column":77}},"104":{"start":{"line":257,"column":30},"end":{"line":257,"column":66}},"105":{"start":{"line":258,"column":12},"end":{"line":262,"column":25}},"106":{"start":{"line":264,"column":33},"end":{"line":264,"column":45}},"107":{"start":{"line":265,"column":12},"end":{"line":265,"column":57}},"108":{"start":{"line":267,"column":12},"end":{"line":267,"column":57}},"109":{"start":{"line":269,"column":12},"end":{"line":269,"column":72}},"110":{"start":{"line":270,"column":12},"end":{"line":270,"column":72}},"111":{"start":{"line":272,"column":35},"end":{"line":272,"column":47}},"112":{"start":{"line":273,"column":36},"end":{"line":273,"column":96}},"113":{"start":{"line":274,"column":29},"end":{"line":274,"column":106}},"114":{"start":{"line":276,"column":12},"end":{"line":291,"column":18}},"115":{"start":{"line":278,"column":34},"end":{"line":286,"column":21}},"116":{"start":{"line":287,"column":40},"end":{"line":287,"column":56}},"117":{"start":{"line":288,"column":20},"end":{"line":288,"column":86}},"118":{"start":{"line":290,"column":20},"end":{"line":290,"column":114}},"119":{"start":{"line":293,"column":12},"end":{"line":293,"column":56}}},"fnMap":{"0":{"name":"(anonymous_0)","decl":{"start":{"line":29,"column":25},"end":{"line":29,"column":26}},"loc":{"start":{"line":29,"column":63},"end":{"line":39,"column":5}},"line":29},"1":{"name":"(anonymous_1)","decl":{"start":{"line":41,"column":32},"end":{"line":41,"column":33}},"loc":{"start":{"line":41,"column":74},"end":{"line":134,"column":5}},"line":41},"2":{"name":"(anonymous_2)","decl":{"start":{"line":44,"column":49},"end":{"line":44,"column":50}},"loc":{"start":{"line":44,"column":54},"end":{"line":44,"column":71}},"line":44},"3":{"name":"(anonymous_3)","decl":{"start":{"line":49,"column":46},"end":{"line":49,"column":47}},"loc":{"start":{"line":49,"column":63},"end":{"line":120,"column":9}},"line":49},"4":{"name":"(anonymous_4)","decl":{"start":{"line":55,"column":22},"end":{"line":55,"column":23}},"loc":{"start":{"line":55,"column":34},"end":{"line":118,"column":17}},"line":55},"5":{"name":"(anonymous_5)","decl":{"start":{"line":59,"column":61},"end":{"line":59,"column":62}},"loc":{"start":{"line":59,"column":66},"end":{"line":59,"column":95}},"line":59},"6":{"name":"(anonymous_6)","decl":{"start":{"line":77,"column":61},"end":{"line":77,"column":62}},"loc":{"start":{"line":77,"column":66},"end":{"line":77,"column":103}},"line":77},"7":{"name":"(anonymous_7)","decl":{"start":{"line":121,"column":14},"end":{"line":121,"column":15}},"loc":{"start":{"line":121,"column":27},"end":{"line":124,"column":9}},"line":121},"8":{"name":"(anonymous_8)","decl":{"start":{"line":125,"column":15},"end":{"line":125,"column":16}},"loc":{"start":{"line":125,"column":24},"end":{"line":133,"column":9}},"line":125},"9":{"name":"(anonymous_9)","decl":{"start":{"line":137,"column":24},"end":{"line":137,"column":25}},"loc":{"start":{"line":137,"column":43},"end":{"line":188,"column":5}},"line":137},"10":{"name":"(anonymous_10)","decl":{"start":{"line":152,"column":14},"end":{"line":152,"column":15}},"loc":{"start":{"line":152,"column":26},"end":{"line":165,"column":9}},"line":152},"11":{"name":"(anonymous_11)","decl":{"start":{"line":166,"column":14},"end":{"line":166,"column":15}},"loc":{"start":{"line":166,"column":31},"end":{"line":170,"column":9}},"line":166},"12":{"name":"(anonymous_12)","decl":{"start":{"line":171,"column":14},"end":{"line":171,"column":15}},"loc":{"start":{"line":171,"column":21},"end":{"line":184,"column":9}},"line":171},"13":{"name":"createETHTransactionHex","decl":{"start":{"line":191,"column":15},"end":{"line":191,"column":38}},"loc":{"start":{"line":191,"column":67},"end":{"line":244,"column":1}},"line":191},"14":{"name":"createERC20TransactionHex","decl":{"start":{"line":246,"column":9},"end":{"line":246,"column":34}},"loc":{"start":{"line":246,"column":63},"end":{"line":296,"column":1}},"line":246},"15":{"name":"(anonymous_15)","decl":{"start":{"line":249,"column":23},"end":{"line":249,"column":24}},"loc":{"start":{"line":249,"column":44},"end":{"line":295,"column":5}},"line":249},"16":{"name":"(anonymous_16)","decl":{"start":{"line":277,"column":22},"end":{"line":277,"column":23}},"loc":{"start":{"line":277,"column":37},"end":{"line":291,"column":17}},"line":277}},"branchMap":{"0":{"loc":{"start":{"line":32,"column":8},"end":{"line":38,"column":9}},"type":"switch","locations":[{"start":{"line":33,"column":12},"end":{"line":33,"column":23}},{"start":{"line":34,"column":12},"end":{"line":35,"column":80}},{"start":{"line":36,"column":12},"end":{"line":37,"column":82}}],"line":32},"1":{"loc":{"start":{"line":50,"column":12},"end":{"line":119,"column":13}},"type":"if","locations":[{"start":{"line":50,"column":12},"end":{"line":119,"column":13}},{"start":{"line":50,"column":12},"end":{"line":119,"column":13}}],"line":50},"2":{"loc":{"start":{"line":58,"column":20},"end":{"line":117,"column":21}},"type":"if","locations":[{"start":{"line":58,"column":20},"end":{"line":117,"column":21}},{"start":{"line":58,"column":20},"end":{"line":117,"column":21}}],"line":58},"3":{"loc":{"start":{"line":58,"column":24},"end":{"line":58,"column":65}},"type":"binary-expr","locations":[{"start":{"line":58,"column":24},"end":{"line":58,"column":40}},{"start":{"line":58,"column":44},"end":{"line":58,"column":65}}],"line":58},"4":{"loc":{"start":{"line":126,"column":25},"end":{"line":126,"column":55}},"type":"binary-expr","locations":[{"start":{"line":126,"column":25},"end":{"line":126,"column":36}},{"start":{"line":126,"column":40},"end":{"line":126,"column":55}}],"line":126},"5":{"loc":{"start":{"line":128,"column":12},"end":{"line":130,"column":13}},"type":"if","locations":[{"start":{"line":128,"column":12},"end":{"line":130,"column":13}},{"start":{"line":128,"column":12},"end":{"line":130,"column":13}}],"line":128},"6":{"loc":{"start":{"line":147,"column":8},"end":{"line":149,"column":9}},"type":"if","locations":[{"start":{"line":147,"column":8},"end":{"line":149,"column":9}},{"start":{"line":147,"column":8},"end":{"line":149,"column":9}}],"line":147},"7":{"loc":{"start":{"line":155,"column":12},"end":{"line":162,"column":13}},"type":"if","locations":[{"start":{"line":155,"column":12},"end":{"line":162,"column":13}},{"start":{"line":155,"column":12},"end":{"line":162,"column":13}}],"line":155},"8":{"loc":{"start":{"line":159,"column":16},"end":{"line":160,"column":105}},"type":"if","locations":[{"start":{"line":159,"column":16},"end":{"line":160,"column":105}},{"start":{"line":159,"column":16},"end":{"line":160,"column":105}}],"line":159},"9":{"loc":{"start":{"line":161,"column":31},"end":{"line":161,"column":110}},"type":"binary-expr","locations":[{"start":{"line":161,"column":31},"end":{"line":161,"column":59}},{"start":{"line":161,"column":63},"end":{"line":161,"column":110}}],"line":161},"10":{"loc":{"start":{"line":172,"column":12},"end":{"line":182,"column":13}},"type":"if","locations":[{"start":{"line":172,"column":12},"end":{"line":182,"column":13}},{"start":{"line":172,"column":12},"end":{"line":182,"column":13}}],"line":172},"11":{"loc":{"start":{"line":172,"column":16},"end":{"line":172,"column":112}},"type":"binary-expr","locations":[{"start":{"line":172,"column":16},"end":{"line":172,"column":19}},{"start":{"line":172,"column":23},"end":{"line":172,"column":31}},{"start":{"line":172,"column":35},"end":{"line":172,"column":59}},{"start":{"line":172,"column":63},"end":{"line":172,"column":84}},{"start":{"line":172,"column":88},"end":{"line":172,"column":112}}],"line":172},"12":{"loc":{"start":{"line":197,"column":4},"end":{"line":243,"column":5}},"type":"if","locations":[{"start":{"line":197,"column":4},"end":{"line":243,"column":5}},{"start":{"line":197,"column":4},"end":{"line":243,"column":5}}],"line":197},"13":{"loc":{"start":{"line":206,"column":8},"end":{"line":211,"column":9}},"type":"if","locations":[{"start":{"line":206,"column":8},"end":{"line":211,"column":9}},{"start":{"line":206,"column":8},"end":{"line":211,"column":9}}],"line":206},"14":{"loc":{"start":{"line":250,"column":8},"end":{"line":294,"column":9}},"type":"if","locations":[{"start":{"line":250,"column":8},"end":{"line":294,"column":9}},{"start":{"line":250,"column":8},"end":{"line":294,"column":9}}],"line":250}},"s":{"0":1,"1":1,"2":1,"3":1,"4":1,"5":1,"6":1,"7":1,"8":1,"9":1,"10":1,"11":0,"12":0,"13":0,"14":0,"15":0,"16":0,"17":0,"18":0,"19":0,"20":0,"21":0,"22":0,"23":0,"24":0,"25":0,"26":0,"27":0,"28":0,"29":0,"30":0,"31":0,"32":0,"33":0,"34":0,"35":0,"36":0,"37":0,"38":0,"39":0,"40":0,"41":0,"42":0,"43":0,"44":0,"45":0,"46":0,"47":0,"48":0,"49":0,"50":0,"51":0,"52":0,"53":0,"54":0,"55":0,"56":0,"57":0,"58":0,"59":0,"60":0,"61":0,"62":0,"63":0,"64":0,"65":0,"66":0,"67":0,"68":0,"69":0,"70":0,"71":0,"72":0,"73":0,"74":0,"75":0,"76":0,"77":0,"78":0,"79":0,"80":0,"81":0,"82":0,"83":0,"84":0,"85":0,"86":0,"87":0,"88":0,"89":0,"90":0,"91":0,"92":0,"93":0,"94":0,"95":0,"96":0,"97":0,"98":0,"99":0,"100":0,"101":0,"102":0,"103":0,"104":0,"105":0,"106":0,"107":0,"108":0,"109":0,"110":0,"111":0,"112":0,"113":0,"114":0,"115":0,"116":0,"117":0,"118":0,"119":0},"f":{"0":0,"1":0,"2":0,"3":0,"4":0,"5":0,"6":0,"7":0,"8":0,"9":0,"10":0,"11":0,"12":0,"13":0,"14":0,"15":0,"16":0},"b":{"0":[0,0,0],"1":[0,0],"2":[0,0],"3":[0,0],"4":[0,0],"5":[0,0],"6":[0,0],"7":[0,0],"8":[0,0],"9":[0,0],"10":[0,0],"11":[0,0,0,0,0],"12":[0,0],"13":[0,0],"14":[0,0]},"_coverageSchema":"332fd63041d2c1bcb487cc26dd0d5f7d97098a6c","hash":"ed5ce25c40ee7cdfeb2534360cc3313b77e0d96e"}
,"C:\\SCP\\src\\scpx-app\\ext\\wallet\\actions\\wallet-external.js": {"path":"C:\\SCP\\src\\scpx-app\\ext\\wallet\\actions\\wallet-external.js","statementMap":{"0":{"start":{"line":3,"column":21},"end":{"line":3,"column":45}},"1":{"start":{"line":4,"column":21},"end":{"line":4,"column":46}},"2":{"start":{"line":5,"column":16},"end":{"line":5,"column":36}},"3":{"start":{"line":6,"column":18},"end":{"line":6,"column":41}},"4":{"start":{"line":7,"column":10},"end":{"line":7,"column":27}},"5":{"start":{"line":9,"column":22},"end":{"line":9,"column":34}},"6":{"start":{"line":10,"column":21},"end":{"line":10,"column":48}},"7":{"start":{"line":11,"column":23},"end":{"line":11,"column":59}},"8":{"start":{"line":13,"column":19},"end":{"line":13,"column":43}},"9":{"start":{"line":15,"column":20},"end":{"line":15,"column":39}},"10":{"start":{"line":17,"column":0},"end":{"line":21,"column":1}},"11":{"start":{"line":18,"column":4},"end":{"line":20,"column":5}},"12":{"start":{"line":19,"column":8},"end":{"line":19,"column":64}},"13":{"start":{"line":19,"column":43},"end":{"line":19,"column":55}},"14":{"start":{"line":23,"column":0},"end":{"line":392,"column":1}},"15":{"start":{"line":29,"column":8},"end":{"line":29,"column":41}},"16":{"start":{"line":29,"column":30},"end":{"line":29,"column":41}},"17":{"start":{"line":30,"column":8},"end":{"line":30,"column":54}},"18":{"start":{"line":30,"column":39},"end":{"line":30,"column":54}},"19":{"start":{"line":31,"column":8},"end":{"line":31,"column":94}},"20":{"start":{"line":31,"column":49},"end":{"line":31,"column":94}},"21":{"start":{"line":33,"column":31},"end":{"line":34,"column":100}},"22":{"start":{"line":36,"column":26},"end":{"line":36,"column":80}},"23":{"start":{"line":38,"column":31},"end":{"line":38,"column":71}},"24":{"start":{"line":40,"column":24},"end":{"line":40,"column":127}},"25":{"start":{"line":40,"column":46},"end":{"line":40,"column":124}},"26":{"start":{"line":40,"column":96},"end":{"line":40,"column":121}},"27":{"start":{"line":41,"column":22},"end":{"line":41,"column":40}},"28":{"start":{"line":43,"column":8},"end":{"line":64,"column":9}},"29":{"start":{"line":44,"column":12},"end":{"line":55,"column":33}},"30":{"start":{"line":46,"column":38},"end":{"line":46,"column":54}},"31":{"start":{"line":47,"column":20},"end":{"line":52,"column":21}},"32":{"start":{"line":48,"column":24},"end":{"line":51,"column":103}},"33":{"start":{"line":49,"column":40},"end":{"line":49,"column":82}},"34":{"start":{"line":50,"column":37},"end":{"line":50,"column":55}},"35":{"start":{"line":51,"column":47},"end":{"line":51,"column":82}},"36":{"start":{"line":53,"column":20},"end":{"line":53,"column":48}},"37":{"start":{"line":58,"column":12},"end":{"line":63,"column":193}},"38":{"start":{"line":60,"column":31},"end":{"line":60,"column":59}},"39":{"start":{"line":62,"column":20},"end":{"line":63,"column":172}},"40":{"start":{"line":66,"column":33},"end":{"line":66,"column":114}},"41":{"start":{"line":67,"column":33},"end":{"line":67,"column":136}},"42":{"start":{"line":69,"column":33},"end":{"line":69,"column":145}},"43":{"start":{"line":71,"column":8},"end":{"line":111,"column":9}},"44":{"start":{"line":100,"column":26},"end":{"line":100,"column":74}},"45":{"start":{"line":101,"column":12},"end":{"line":101,"column":48}},"46":{"start":{"line":103,"column":12},"end":{"line":103,"column":172}},"47":{"start":{"line":105,"column":35},"end":{"line":105,"column":146}},"48":{"start":{"line":106,"column":12},"end":{"line":106,"column":33}},"49":{"start":{"line":110,"column":12},"end":{"line":110,"column":23}},"50":{"start":{"line":116,"column":107},"end":{"line":116,"column":108}},"51":{"start":{"line":118,"column":8},"end":{"line":118,"column":97}},"52":{"start":{"line":120,"column":8},"end":{"line":146,"column":10}},"53":{"start":{"line":126,"column":26},"end":{"line":126,"column":33}},"54":{"start":{"line":127,"column":12},"end":{"line":136,"column":14}},"55":{"start":{"line":128,"column":16},"end":{"line":135,"column":17}},"56":{"start":{"line":129,"column":20},"end":{"line":129,"column":104}},"57":{"start":{"line":130,"column":20},"end":{"line":130,"column":39}},"58":{"start":{"line":133,"column":20},"end":{"line":133,"column":126}},"59":{"start":{"line":134,"column":20},"end":{"line":134,"column":33}},"60":{"start":{"line":139,"column":12},"end":{"line":139,"column":130}},"61":{"start":{"line":140,"column":12},"end":{"line":145,"column":13}},"62":{"start":{"line":141,"column":30},"end":{"line":141,"column":63}},"63":{"start":{"line":142,"column":16},"end":{"line":142,"column":39}},"64":{"start":{"line":144,"column":16},"end":{"line":144,"column":61}},"65":{"start":{"line":150,"column":8},"end":{"line":154,"column":9}},"66":{"start":{"line":151,"column":24},"end":{"line":151,"column":48}},"67":{"start":{"line":152,"column":29},"end":{"line":152,"column":102}},"68":{"start":{"line":153,"column":12},"end":{"line":153,"column":43}},"69":{"start":{"line":161,"column":8},"end":{"line":161,"column":32}},"70":{"start":{"line":164,"column":8},"end":{"line":164,"column":38}},"71":{"start":{"line":167,"column":8},"end":{"line":167,"column":44}},"72":{"start":{"line":180,"column":8},"end":{"line":180,"column":72}},"73":{"start":{"line":180,"column":66},"end":{"line":180,"column":72}},"74":{"start":{"line":181,"column":21},"end":{"line":181,"column":71}},"75":{"start":{"line":182,"column":18},"end":{"line":194,"column":9}},"76":{"start":{"line":198,"column":8},"end":{"line":207,"column":9}},"77":{"start":{"line":199,"column":12},"end":{"line":199,"column":39}},"78":{"start":{"line":202,"column":12},"end":{"line":202,"column":26}},"79":{"start":{"line":203,"column":12},"end":{"line":206,"column":26}},"80":{"start":{"line":204,"column":16},"end":{"line":204,"column":56}},"81":{"start":{"line":206,"column":16},"end":{"line":206,"column":26}},"82":{"start":{"line":212,"column":31},"end":{"line":212,"column":128}},"83":{"start":{"line":212,"column":61},"end":{"line":212,"column":122}},"84":{"start":{"line":213,"column":33},"end":{"line":213,"column":141}},"85":{"start":{"line":213,"column":63},"end":{"line":213,"column":135}},"86":{"start":{"line":215,"column":8},"end":{"line":220,"column":9}},"87":{"start":{"line":215,"column":32},"end":{"line":215,"column":93}},"88":{"start":{"line":216,"column":12},"end":{"line":216,"column":43}},"89":{"start":{"line":219,"column":12},"end":{"line":219,"column":42}},"90":{"start":{"line":222,"column":8},"end":{"line":222,"column":53}},"91":{"start":{"line":223,"column":8},"end":{"line":223,"column":57}},"92":{"start":{"line":232,"column":12},"end":{"line":243,"column":32}},"93":{"start":{"line":233,"column":25},"end":{"line":233,"column":72}},"94":{"start":{"line":235,"column":25},"end":{"line":236,"column":102}},"95":{"start":{"line":236,"column":45},"end":{"line":236,"column":99}},"96":{"start":{"line":239,"column":31},"end":{"line":239,"column":76}},"97":{"start":{"line":240,"column":30},"end":{"line":240,"column":74}},"98":{"start":{"line":241,"column":31},"end":{"line":241,"column":101}},"99":{"start":{"line":242,"column":16},"end":{"line":242,"column":51}},"100":{"start":{"line":246,"column":12},"end":{"line":255,"column":32}},"101":{"start":{"line":247,"column":25},"end":{"line":247,"column":71}},"102":{"start":{"line":249,"column":25},"end":{"line":250,"column":100}},"103":{"start":{"line":250,"column":45},"end":{"line":250,"column":97}},"104":{"start":{"line":253,"column":31},"end":{"line":253,"column":76}},"105":{"start":{"line":254,"column":16},"end":{"line":254,"column":56}},"106":{"start":{"line":258,"column":8},"end":{"line":258,"column":61}},"107":{"start":{"line":259,"column":8},"end":{"line":259,"column":60}},"108":{"start":{"line":263,"column":8},"end":{"line":263,"column":49}},"109":{"start":{"line":264,"column":8},"end":{"line":264,"column":47}},"110":{"start":{"line":265,"column":8},"end":{"line":265,"column":131}},"111":{"start":{"line":268,"column":8},"end":{"line":269,"column":100}},"112":{"start":{"line":272,"column":8},"end":{"line":272,"column":45}},"113":{"start":{"line":275,"column":8},"end":{"line":284,"column":9}},"114":{"start":{"line":276,"column":12},"end":{"line":279,"column":13}},"115":{"start":{"line":278,"column":16},"end":{"line":278,"column":44}},"116":{"start":{"line":280,"column":12},"end":{"line":283,"column":13}},"117":{"start":{"line":282,"column":16},"end":{"line":282,"column":44}},"118":{"start":{"line":315,"column":32},"end":{"line":315,"column":61}},"119":{"start":{"line":316,"column":8},"end":{"line":316,"column":82}},"120":{"start":{"line":321,"column":8},"end":{"line":321,"column":18}},"121":{"start":{"line":328,"column":109},"end":{"line":328,"column":110}},"122":{"start":{"line":329,"column":8},"end":{"line":329,"column":46}},"123":{"start":{"line":329,"column":24},"end":{"line":329,"column":44}},"124":{"start":{"line":331,"column":18},"end":{"line":331,"column":20}},"125":{"start":{"line":333,"column":8},"end":{"line":379,"column":40}},"126":{"start":{"line":335,"column":30},"end":{"line":337,"column":64}},"127":{"start":{"line":339,"column":31},"end":{"line":339,"column":99}},"128":{"start":{"line":340,"column":12},"end":{"line":342,"column":13}},"129":{"start":{"line":341,"column":16},"end":{"line":341,"column":29}},"130":{"start":{"line":343,"column":26},"end":{"line":343,"column":119}},"131":{"start":{"line":346,"column":30},"end":{"line":346,"column":72}},"132":{"start":{"line":348,"column":24},"end":{"line":352,"column":14}},"133":{"start":{"line":353,"column":12},"end":{"line":360,"column":13}},"134":{"start":{"line":354,"column":36},"end":{"line":354,"column":51}},"135":{"start":{"line":355,"column":30},"end":{"line":355,"column":39}},"136":{"start":{"line":356,"column":31},"end":{"line":356,"column":87}},"137":{"start":{"line":358,"column":31},"end":{"line":358,"column":79}},"138":{"start":{"line":359,"column":16},"end":{"line":359,"column":97}},"139":{"start":{"line":362,"column":13},"end":{"line":379,"column":40}},"140":{"start":{"line":363,"column":12},"end":{"line":377,"column":54}},"141":{"start":{"line":365,"column":36},"end":{"line":367,"column":68}},"142":{"start":{"line":370,"column":32},"end":{"line":370,"column":161}},"143":{"start":{"line":371,"column":16},"end":{"line":374,"column":53}},"144":{"start":{"line":377,"column":17},"end":{"line":377,"column":54}},"145":{"start":{"line":379,"column":13},"end":{"line":379,"column":40}},"146":{"start":{"line":381,"column":8},"end":{"line":381,"column":80}},"147":{"start":{"line":382,"column":8},"end":{"line":382,"column":18}},"148":{"start":{"line":390,"column":8},"end":{"line":390,"column":34}},"149":{"start":{"line":399,"column":32},"end":{"line":399,"column":38}},"150":{"start":{"line":401,"column":4},"end":{"line":401,"column":75}},"151":{"start":{"line":402,"column":27},"end":{"line":402,"column":36}},"152":{"start":{"line":403,"column":36},"end":{"line":403,"column":40}},"153":{"start":{"line":406,"column":16},"end":{"line":406,"column":18}},"154":{"start":{"line":407,"column":4},"end":{"line":407,"column":124}},"155":{"start":{"line":407,"column":35},"end":{"line":407,"column":123}},"156":{"start":{"line":407,"column":69},"end":{"line":407,"column":120}},"157":{"start":{"line":411,"column":8},"end":{"line":415,"column":9}},"158":{"start":{"line":416,"column":4},"end":{"line":416,"column":54}},"159":{"start":{"line":416,"column":48},"end":{"line":416,"column":54}},"160":{"start":{"line":417,"column":23},"end":{"line":417,"column":48}},"161":{"start":{"line":418,"column":19},"end":{"line":418,"column":57}},"162":{"start":{"line":419,"column":4},"end":{"line":419,"column":38}},"163":{"start":{"line":420,"column":4},"end":{"line":420,"column":24}},"164":{"start":{"line":423,"column":23},"end":{"line":423,"column":25}},"165":{"start":{"line":424,"column":4},"end":{"line":438,"column":6}},"166":{"start":{"line":425,"column":8},"end":{"line":437,"column":10}},"167":{"start":{"line":427,"column":25},"end":{"line":427,"column":75}},"168":{"start":{"line":431,"column":29},"end":{"line":431,"column":79}},"169":{"start":{"line":431,"column":55},"end":{"line":431,"column":78}},"170":{"start":{"line":432,"column":12},"end":{"line":434,"column":13}},"171":{"start":{"line":433,"column":16},"end":{"line":433,"column":83}},"172":{"start":{"line":436,"column":12},"end":{"line":436,"column":82}},"173":{"start":{"line":439,"column":4},"end":{"line":439,"column":34}},"174":{"start":{"line":441,"column":4},"end":{"line":671,"column":5}},"175":{"start":{"line":446,"column":33},"end":{"line":446,"column":132}},"176":{"start":{"line":446,"column":59},"end":{"line":446,"column":115}},"177":{"start":{"line":449,"column":31},"end":{"line":457,"column":13}},"178":{"start":{"line":451,"column":46},"end":{"line":454,"column":25}},"179":{"start":{"line":459,"column":31},"end":{"line":459,"column":99}},"180":{"start":{"line":460,"column":12},"end":{"line":460,"column":58}},"181":{"start":{"line":460,"column":42},"end":{"line":460,"column":58}},"182":{"start":{"line":461,"column":12},"end":{"line":465,"column":13}},"183":{"start":{"line":462,"column":16},"end":{"line":464,"column":18}},"184":{"start":{"line":463,"column":20},"end":{"line":463,"column":74}},"185":{"start":{"line":463,"column":62},"end":{"line":463,"column":71}},"186":{"start":{"line":467,"column":12},"end":{"line":467,"column":61}},"187":{"start":{"line":468,"column":34},"end":{"line":468,"column":53}},"188":{"start":{"line":469,"column":32},"end":{"line":469,"column":70}},"189":{"start":{"line":473,"column":16},"end":{"line":627,"column":17}},"190":{"start":{"line":479,"column":32},"end":{"line":479,"column":76}},"191":{"start":{"line":480,"column":20},"end":{"line":484,"column":21}},"192":{"start":{"line":481,"column":24},"end":{"line":481,"column":86}},"193":{"start":{"line":482,"column":24},"end":{"line":482,"column":57}},"194":{"start":{"line":483,"column":24},"end":{"line":483,"column":46}},"195":{"start":{"line":487,"column":20},"end":{"line":503,"column":22}},"196":{"start":{"line":490,"column":44},"end":{"line":490,"column":58}},"197":{"start":{"line":493,"column":24},"end":{"line":500,"column":25}},"198":{"start":{"line":494,"column":28},"end":{"line":496,"column":29}},"199":{"start":{"line":495,"column":32},"end":{"line":495,"column":119}},"200":{"start":{"line":497,"column":28},"end":{"line":499,"column":29}},"201":{"start":{"line":498,"column":32},"end":{"line":498,"column":86}},"202":{"start":{"line":502,"column":24},"end":{"line":502,"column":74}},"203":{"start":{"line":506,"column":35},"end":{"line":506,"column":56}},"204":{"start":{"line":507,"column":35},"end":{"line":507,"column":55}},"205":{"start":{"line":508,"column":20},"end":{"line":508,"column":66}},"206":{"start":{"line":509,"column":20},"end":{"line":556,"column":21}},"207":{"start":{"line":510,"column":24},"end":{"line":510,"column":93}},"208":{"start":{"line":511,"column":24},"end":{"line":511,"column":35}},"209":{"start":{"line":516,"column":24},"end":{"line":519,"column":25}},"210":{"start":{"line":517,"column":28},"end":{"line":517,"column":152}},"211":{"start":{"line":518,"column":28},"end":{"line":518,"column":104}},"212":{"start":{"line":522,"column":24},"end":{"line":540,"column":25}},"213":{"start":{"line":523,"column":38},"end":{"line":523,"column":125}},"214":{"start":{"line":523,"column":63},"end":{"line":523,"column":114}},"215":{"start":{"line":524,"column":42},"end":{"line":524,"column":83}},"216":{"start":{"line":525,"column":28},"end":{"line":536,"column":29}},"217":{"start":{"line":526,"column":32},"end":{"line":526,"column":133}},"218":{"start":{"line":528,"column":33},"end":{"line":536,"column":29}},"219":{"start":{"line":529,"column":32},"end":{"line":532,"column":71}},"220":{"start":{"line":535,"column":32},"end":{"line":535,"column":52}},"221":{"start":{"line":538,"column":28},"end":{"line":538,"column":57}},"222":{"start":{"line":539,"column":28},"end":{"line":539,"column":53}},"223":{"start":{"line":543,"column":24},"end":{"line":543,"column":40}},"224":{"start":{"line":544,"column":38},"end":{"line":544,"column":54}},"225":{"start":{"line":545,"column":24},"end":{"line":545,"column":37}},"226":{"start":{"line":546,"column":24},"end":{"line":546,"column":65}},"227":{"start":{"line":549,"column":41},"end":{"line":549,"column":55}},"228":{"start":{"line":550,"column":47},"end":{"line":550,"column":82}},"229":{"start":{"line":551,"column":24},"end":{"line":551,"column":67}},"230":{"start":{"line":552,"column":24},"end":{"line":552,"column":79}},"231":{"start":{"line":554,"column":24},"end":{"line":554,"column":40}},"232":{"start":{"line":555,"column":24},"end":{"line":555,"column":143}},"233":{"start":{"line":562,"column":32},"end":{"line":562,"column":76}},"234":{"start":{"line":565,"column":20},"end":{"line":565,"column":37}},"235":{"start":{"line":566,"column":20},"end":{"line":569,"column":22}},"236":{"start":{"line":567,"column":24},"end":{"line":567,"column":47}},"237":{"start":{"line":568,"column":24},"end":{"line":568,"column":75}},"238":{"start":{"line":572,"column":35},"end":{"line":572,"column":56}},"239":{"start":{"line":573,"column":35},"end":{"line":573,"column":55}},"240":{"start":{"line":575,"column":20},"end":{"line":575,"column":66}},"241":{"start":{"line":576,"column":20},"end":{"line":626,"column":21}},"242":{"start":{"line":577,"column":24},"end":{"line":577,"column":93}},"243":{"start":{"line":578,"column":24},"end":{"line":578,"column":35}},"244":{"start":{"line":583,"column":24},"end":{"line":586,"column":25}},"245":{"start":{"line":584,"column":28},"end":{"line":584,"column":101}},"246":{"start":{"line":585,"column":28},"end":{"line":585,"column":104}},"247":{"start":{"line":588,"column":24},"end":{"line":610,"column":25}},"248":{"start":{"line":589,"column":28},"end":{"line":599,"column":29}},"249":{"start":{"line":590,"column":42},"end":{"line":590,"column":129}},"250":{"start":{"line":590,"column":67},"end":{"line":590,"column":118}},"251":{"start":{"line":591,"column":46},"end":{"line":591,"column":87}},"252":{"start":{"line":593,"column":47},"end":{"line":593,"column":115}},"253":{"start":{"line":594,"column":45},"end":{"line":594,"column":100}},"254":{"start":{"line":595,"column":32},"end":{"line":595,"column":114}},"255":{"start":{"line":597,"column":32},"end":{"line":597,"column":61}},"256":{"start":{"line":598,"column":32},"end":{"line":598,"column":57}},"257":{"start":{"line":601,"column":28},"end":{"line":609,"column":29}},"258":{"start":{"line":602,"column":42},"end":{"line":602,"column":129}},"259":{"start":{"line":602,"column":67},"end":{"line":602,"column":118}},"260":{"start":{"line":603,"column":46},"end":{"line":603,"column":87}},"261":{"start":{"line":605,"column":32},"end":{"line":605,"column":52}},"262":{"start":{"line":607,"column":32},"end":{"line":607,"column":61}},"263":{"start":{"line":608,"column":32},"end":{"line":608,"column":57}},"264":{"start":{"line":613,"column":24},"end":{"line":613,"column":40}},"265":{"start":{"line":614,"column":38},"end":{"line":614,"column":54}},"266":{"start":{"line":615,"column":24},"end":{"line":615,"column":37}},"267":{"start":{"line":616,"column":24},"end":{"line":616,"column":65}},"268":{"start":{"line":619,"column":41},"end":{"line":619,"column":55}},"269":{"start":{"line":620,"column":47},"end":{"line":620,"column":82}},"270":{"start":{"line":621,"column":24},"end":{"line":621,"column":67}},"271":{"start":{"line":622,"column":24},"end":{"line":622,"column":79}},"272":{"start":{"line":624,"column":24},"end":{"line":624,"column":40}},"273":{"start":{"line":625,"column":24},"end":{"line":625,"column":143}},"274":{"start":{"line":628,"column":12},"end":{"line":628,"column":64}},"275":{"start":{"line":630,"column":12},"end":{"line":630,"column":46}},"276":{"start":{"line":631,"column":12},"end":{"line":631,"column":158}},"277":{"start":{"line":631,"column":54},"end":{"line":631,"column":155}},"278":{"start":{"line":638,"column":29},"end":{"line":638,"column":46}},"279":{"start":{"line":639,"column":26},"end":{"line":639,"column":40}},"280":{"start":{"line":641,"column":12},"end":{"line":644,"column":13}},"281":{"start":{"line":642,"column":16},"end":{"line":642,"column":117}},"282":{"start":{"line":643,"column":16},"end":{"line":643,"column":82}},"283":{"start":{"line":643,"column":58},"end":{"line":643,"column":79}},"284":{"start":{"line":646,"column":31},"end":{"line":646,"column":68}},"285":{"start":{"line":647,"column":22},"end":{"line":647,"column":86}},"286":{"start":{"line":647,"column":47},"end":{"line":647,"column":75}},"287":{"start":{"line":649,"column":12},"end":{"line":649,"column":41}},"288":{"start":{"line":651,"column":29},"end":{"line":658,"column":13}},"289":{"start":{"line":660,"column":34},"end":{"line":660,"column":61}},"290":{"start":{"line":661,"column":34},"end":{"line":661,"column":102}},"291":{"start":{"line":662,"column":12},"end":{"line":662,"column":153}},"292":{"start":{"line":664,"column":12},"end":{"line":664,"column":46}},"293":{"start":{"line":665,"column":12},"end":{"line":665,"column":149}},"294":{"start":{"line":665,"column":54},"end":{"line":665,"column":146}},"295":{"start":{"line":669,"column":12},"end":{"line":669,"column":78}},"296":{"start":{"line":670,"column":12},"end":{"line":670,"column":17}},"297":{"start":{"line":678,"column":4},"end":{"line":678,"column":78}},"298":{"start":{"line":680,"column":4},"end":{"line":696,"column":5}},"299":{"start":{"line":682,"column":12},"end":{"line":684,"column":14}},"300":{"start":{"line":683,"column":16},"end":{"line":683,"column":34}},"301":{"start":{"line":685,"column":12},"end":{"line":685,"column":17}},"302":{"start":{"line":688,"column":34},"end":{"line":688,"column":61}},"303":{"start":{"line":689,"column":12},"end":{"line":691,"column":14}},"304":{"start":{"line":690,"column":16},"end":{"line":690,"column":34}},"305":{"start":{"line":692,"column":12},"end":{"line":692,"column":17}},"306":{"start":{"line":695,"column":12},"end":{"line":695,"column":63}},"307":{"start":{"line":703,"column":18},"end":{"line":703,"column":20}},"308":{"start":{"line":704,"column":4},"end":{"line":713,"column":5}},"309":{"start":{"line":705,"column":21},"end":{"line":705,"column":39}},"310":{"start":{"line":706,"column":29},"end":{"line":706,"column":67}},"311":{"start":{"line":706,"column":49},"end":{"line":706,"column":63}},"312":{"start":{"line":707,"column":8},"end":{"line":712,"column":9}},"313":{"start":{"line":708,"column":26},"end":{"line":710,"column":82}},"314":{"start":{"line":710,"column":31},"end":{"line":710,"column":79}},"315":{"start":{"line":710,"column":65},"end":{"line":710,"column":78}},"316":{"start":{"line":711,"column":12},"end":{"line":711,"column":35}},"317":{"start":{"line":714,"column":4},"end":{"line":719,"column":6}},"318":{"start":{"line":716,"column":27},"end":{"line":716,"column":83}},"319":{"start":{"line":717,"column":27},"end":{"line":717,"column":83}},"320":{"start":{"line":718,"column":8},"end":{"line":718,"column":38}},"321":{"start":{"line":720,"column":4},"end":{"line":720,"column":18}},"322":{"start":{"line":724,"column":24},"end":{"line":724,"column":39}},"323":{"start":{"line":725,"column":4},"end":{"line":725,"column":73}},"324":{"start":{"line":725,"column":34},"end":{"line":725,"column":70}},"325":{"start":{"line":726,"column":4},"end":{"line":726,"column":24}},"326":{"start":{"line":730,"column":20},"end":{"line":730,"column":37}},"327":{"start":{"line":731,"column":28},"end":{"line":734,"column":6}},"328":{"start":{"line":732,"column":8},"end":{"line":733,"column":36}},"329":{"start":{"line":735,"column":4},"end":{"line":735,"column":26}},"330":{"start":{"line":742,"column":4},"end":{"line":756,"column":5}},"331":{"start":{"line":743,"column":8},"end":{"line":755,"column":11}}},"fnMap":{"0":{"name":"(anonymous_0)","decl":{"start":{"line":17,"column":25},"end":{"line":17,"column":26}},"loc":{"start":{"line":17,"column":48},"end":{"line":21,"column":1}},"line":17},"1":{"name":"(anonymous_1)","decl":{"start":{"line":19,"column":28},"end":{"line":19,"column":29}},"loc":{"start":{"line":19,"column":41},"end":{"line":19,"column":57}},"line":19},"2":{"name":"(anonymous_2)","decl":{"start":{"line":28,"column":34},"end":{"line":28,"column":35}},"loc":{"start":{"line":28,"column":59},"end":{"line":112,"column":5}},"line":28},"3":{"name":"(anonymous_3)","decl":{"start":{"line":40,"column":39},"end":{"line":40,"column":40}},"loc":{"start":{"line":40,"column":44},"end":{"line":40,"column":126}},"line":40},"4":{"name":"(anonymous_4)","decl":{"start":{"line":40,"column":88},"end":{"line":40,"column":89}},"loc":{"start":{"line":40,"column":94},"end":{"line":40,"column":123}},"line":40},"5":{"name":"(anonymous_5)","decl":{"start":{"line":45,"column":31},"end":{"line":45,"column":32}},"loc":{"start":{"line":45,"column":42},"end":{"line":54,"column":17}},"line":45},"6":{"name":"(anonymous_6)","decl":{"start":{"line":49,"column":32},"end":{"line":49,"column":33}},"loc":{"start":{"line":49,"column":38},"end":{"line":49,"column":84}},"line":49},"7":{"name":"(anonymous_7)","decl":{"start":{"line":50,"column":29},"end":{"line":50,"column":30}},"loc":{"start":{"line":50,"column":35},"end":{"line":50,"column":57}},"line":50},"8":{"name":"(anonymous_8)","decl":{"start":{"line":51,"column":32},"end":{"line":51,"column":33}},"loc":{"start":{"line":51,"column":45},"end":{"line":51,"column":84}},"line":51},"9":{"name":"(anonymous_9)","decl":{"start":{"line":60,"column":24},"end":{"line":60,"column":25}},"loc":{"start":{"line":60,"column":29},"end":{"line":60,"column":61}},"line":60},"10":{"name":"(anonymous_10)","decl":{"start":{"line":61,"column":24},"end":{"line":61,"column":25}},"loc":{"start":{"line":61,"column":35},"end":{"line":63,"column":174}},"line":61},"11":{"name":"(anonymous_11)","decl":{"start":{"line":115,"column":21},"end":{"line":115,"column":22}},"loc":{"start":{"line":115,"column":38},"end":{"line":147,"column":5}},"line":115},"12":{"name":"(anonymous_12)","decl":{"start":{"line":125,"column":14},"end":{"line":125,"column":15}},"loc":{"start":{"line":125,"column":21},"end":{"line":137,"column":9}},"line":125},"13":{"name":"(anonymous_13)","decl":{"start":{"line":127,"column":67},"end":{"line":127,"column":68}},"loc":{"start":{"line":127,"column":81},"end":{"line":136,"column":13}},"line":127},"14":{"name":"(anonymous_14)","decl":{"start":{"line":138,"column":15},"end":{"line":138,"column":16}},"loc":{"start":{"line":138,"column":22},"end":{"line":146,"column":9}},"line":138},"15":{"name":"(anonymous_15)","decl":{"start":{"line":149,"column":25},"end":{"line":149,"column":26}},"loc":{"start":{"line":149,"column":45},"end":{"line":155,"column":5}},"line":149},"16":{"name":"(anonymous_16)","decl":{"start":{"line":160,"column":16},"end":{"line":160,"column":17}},"loc":{"start":{"line":160,"column":27},"end":{"line":162,"column":5}},"line":160},"17":{"name":"(anonymous_17)","decl":{"start":{"line":163,"column":22},"end":{"line":163,"column":23}},"loc":{"start":{"line":163,"column":33},"end":{"line":165,"column":5}},"line":163},"18":{"name":"(anonymous_18)","decl":{"start":{"line":166,"column":28},"end":{"line":166,"column":29}},"loc":{"start":{"line":166,"column":39},"end":{"line":168,"column":5}},"line":166},"19":{"
[...]
:229,"column":12},"end":{"line":266,"column":13}},{"start":{"line":229,"column":12},"end":{"line":266,"column":13}}],"line":229},"23":{"loc":{"start":{"line":229,"column":16},"end":{"line":229,"column":70}},"type":"binary-expr","locations":[{"start":{"line":229,"column":16},"end":{"line":229,"column":35}},{"start":{"line":229,"column":40},"end":{"line":229,"column":44}},{"start":{"line":229,"column":48},"end":{"line":229,"column":69}}],"line":229},"24":{"loc":{"start":{"line":230,"column":16},"end":{"line":265,"column":17}},"type":"if","locations":[{"start":{"line":230,"column":16},"end":{"line":265,"column":17}},{"start":{"line":230,"column":16},"end":{"line":265,"column":17}}],"line":230},"25":{"loc":{"start":{"line":231,"column":20},"end":{"line":232,"column":68}},"type":"if","locations":[{"start":{"line":231,"column":20},"end":{"line":232,"column":68}},{"start":{"line":231,"column":20},"end":{"line":232,"column":68}}],"line":231},"26":{"loc":{"start":{"line":234,"column":21},"end":{"line":265,"column":17}},"type":"if","locations":[{"start":{"line":234,"column":21},"end":{"line":265,"column":17}},{"start":{"line":234,"column":21},"end":{"line":265,"column":17}}],"line":234},"27":{"loc":{"start":{"line":235,"column":20},"end":{"line":236,"column":70}},"type":"if","locations":[{"start":{"line":235,"column":20},"end":{"line":236,"column":70}},{"start":{"line":235,"column":20},"end":{"line":236,"column":70}}],"line":235},"28":{"loc":{"start":{"line":238,"column":21},"end":{"line":265,"column":17}},"type":"if","locations":[{"start":{"line":238,"column":21},"end":{"line":265,"column":17}},{"start":{"line":238,"column":21},"end":{"line":265,"column":17}}],"line":238},"29":{"loc":{"start":{"line":239,"column":20},"end":{"line":240,"column":69}},"type":"if","locations":[{"start":{"line":239,"column":20},"end":{"line":240,"column":69}},{"start":{"line":239,"column":20},"end":{"line":240,"column":69}}],"line":239},"30":{"loc":{"start":{"line":242,"column":21},"end":{"line":265,"column":17}},"type":"if","locations":[{"start":{"line":242,"column":21},"end":{"line":265,"column":17}},{"start":{"line":242,"column":21},"end":{"line":265,"column":17}}],"line":242},"31":{"loc":{"start":{"line":243,"column":20},"end":{"line":244,"column":69}},"type":"if","locations":[{"start":{"line":243,"column":20},"end":{"line":244,"column":69}},{"start":{"line":243,"column":20},"end":{"line":244,"column":69}}],"line":243},"32":{"loc":{"start":{"line":246,"column":21},"end":{"line":265,"column":17}},"type":"if","locations":[{"start":{"line":246,"column":21},"end":{"line":265,"column":17}},{"start":{"line":246,"column":21},"end":{"line":265,"column":17}}],"line":246},"33":{"loc":{"start":{"line":247,"column":20},"end":{"line":248,"column":71}},"type":"if","locations":[{"start":{"line":247,"column":20},"end":{"line":248,"column":71}},{"start":{"line":247,"column":20},"end":{"line":248,"column":71}}],"line":247},"34":{"loc":{"start":{"line":250,"column":21},"end":{"line":265,"column":17}},"type":"if","locations":[{"start":{"line":250,"column":21},"end":{"line":265,"column":17}},{"start":{"line":250,"column":21},"end":{"line":265,"column":17}}],"line":250},"35":{"loc":{"start":{"line":251,"column":20},"end":{"line":252,"column":72}},"type":"if","locations":[{"start":{"line":251,"column":20},"end":{"line":252,"column":72}},{"start":{"line":251,"column":20},"end":{"line":252,"column":72}}],"line":251},"36":{"loc":{"start":{"line":254,"column":21},"end":{"line":265,"column":17}},"type":"if","locations":[{"start":{"line":254,"column":21},"end":{"line":265,"column":17}},{"start":{"line":254,"column":21},"end":{"line":265,"column":17}}],"line":254},"37":{"loc":{"start":{"line":255,"column":20},"end":{"line":256,"column":70}},"type":"if","locations":[{"start":{"line":255,"column":20},"end":{"line":256,"column":70}},{"start":{"line":255,"column":20},"end":{"line":256,"column":70}}],"line":255},"38":{"loc":{"start":{"line":258,"column":21},"end":{"line":265,"column":17}},"type":"if","locations":[{"start":{"line":258,"column":21},"end":{"line":265,"column":17}},{"start":{"line":258,"column":21},"end":{"line":265,"column":17}}],"line":258},"39":{"loc":{"start":{"line":259,"column":20},"end":{"line":260,"column":69}},"type":"if","locations":[{"start":{"line":259,"column":20},"end":{"line":260,"column":69}},{"start":{"line":259,"column":20},"end":{"line":260,"column":69}}],"line":259},"40":{"loc":{"start":{"line":263,"column":20},"end":{"line":264,"column":70}},"type":"if","locations":[{"start":{"line":263,"column":20},"end":{"line":264,"column":70}},{"start":{"line":263,"column":20},"end":{"line":264,"column":70}}],"line":263},"41":{"loc":{"start":{"line":269,"column":12},"end":{"line":270,"column":111}},"type":"if","locations":[{"start":{"line":269,"column":12},"end":{"line":270,"column":111}},{"start":{"line":269,"column":12},"end":{"line":270,"column":111}}],"line":269},"42":{"loc":{"start":{"line":274,"column":8},"end":{"line":284,"column":9}},"type":"if","locations":[{"start":{"line":274,"column":8},"end":{"line":284,"column":9}},{"start":{"line":274,"column":8},"end":{"line":284,"column":9}}],"line":274},"43":{"loc":{"start":{"line":276,"column":12},"end":{"line":279,"column":13}},"type":"if","locations":[{"start":{"line":276,"column":12},"end":{"line":279,"column":13}},{"start":{"line":276,"column":12},"end":{"line":279,"column":13}}],"line":276},"44":{"loc":{"start":{"line":276,"column":16},"end":{"line":276,"column":70}},"type":"binary-expr","locations":[{"start":{"line":276,"column":16},"end":{"line":276,"column":35}},{"start":{"line":276,"column":40},"end":{"line":276,"column":44}},{"start":{"line":276,"column":48},"end":{"line":276,"column":69}}],"line":276},"45":{"loc":{"start":{"line":277,"column":16},"end":{"line":278,"column":62}},"type":"if","locations":[{"start":{"line":277,"column":16},"end":{"line":278,"column":62}},{"start":{"line":277,"column":16},"end":{"line":278,"column":62}}],"line":277},"46":{"loc":{"start":{"line":282,"column":12},"end":{"line":283,"column":47}},"type":"if","locations":[{"start":{"line":282,"column":12},"end":{"line":283,"column":47}},{"start":{"line":282,"column":12},"end":{"line":283,"column":47}}],"line":282},"47":{"loc":{"start":{"line":287,"column":8},"end":{"line":297,"column":9}},"type":"if","locations":[{"start":{"line":287,"column":8},"end":{"line":297,"column":9}},{"start":{"line":287,"column":8},"end":{"line":297,"column":9}}],"line":287},"48":{"loc":{"start":{"line":289,"column":12},"end":{"line":292,"column":13}},"type":"if","locations":[{"start":{"line":289,"column":12},"end":{"line":292,"column":13}},{"start":{"line":289,"column":12},"end":{"line":292,"column":13}}],"line":289},"49":{"loc":{"start":{"line":289,"column":16},"end":{"line":289,"column":70}},"type":"binary-expr","locations":[{"start":{"line":289,"column":16},"end":{"line":289,"column":35}},{"start":{"line":289,"column":40},"end":{"line":289,"column":44}},{"start":{"line":289,"column":48},"end":{"line":289,"column":69}}],"line":289},"50":{"loc":{"start":{"line":290,"column":16},"end":{"line":291,"column":60}},"type":"if","locations":[{"start":{"line":290,"column":16},"end":{"line":291,"column":60}},{"start":{"line":290,"column":16},"end":{"line":291,"column":60}}],"line":290},"51":{"loc":{"start":{"line":295,"column":12},"end":{"line":296,"column":48}},"type":"if","locations":[{"start":{"line":295,"column":12},"end":{"line":296,"column":48}},{"start":{"line":295,"column":12},"end":{"line":296,"column":48}}],"line":295},"52":{"loc":{"start":{"line":300,"column":8},"end":{"line":310,"column":9}},"type":"if","locations":[{"start":{"line":300,"column":8},"end":{"line":310,"column":9}},{"start":{"line":300,"column":8},"end":{"line":310,"column":9}}],"line":300},"53":{"loc":{"start":{"line":302,"column":12},"end":{"line":305,"column":13}},"type":"if","locations":[{"start":{"line":302,"column":12},"end":{"line":305,"column":13}},{"start":{"line":302,"column":12},"end":{"line":305,"column":13}}],"line":302},"54":{"loc":{"start":{"line":302,"column":16},"end":{"line":302,"column":70}},"type":"binary-expr","locations":[{"start":{"line":302,"column":16},"end":{"line":302,"column":35}},{"start":{"line":302,"column":40},"end":{"line":302,"column":44}},{"start":{"line":302,"column":48},"end":{"line":302,"column":69}}],"line":302},"55":{"loc":{"start":{"line":303,"column":16},"end":{"line":304,"column":63}},"type":"if","locations":[{"start":{"line":303,"column":16},"end":{"line":304,"column":63}},{"start":{"line":303,"column":16},"end":{"line":304,"column":63}}],"line":303},"56":{"loc":{"start":{"line":308,"column":12},"end":{"line":309,"column":47}},"type":"if","locations":[{"start":{"line":308,"column":12},"end":{"line":309,"column":47}},{"start":{"line":308,"column":12},"end":{"line":309,"column":47}}],"line":308},"57":{"loc":{"start":{"line":313,"column":8},"end":{"line":325,"column":9}},"type":"if","locations":[{"start":{"line":313,"column":8},"end":{"line":325,"column":9}},{"start":{"line":313,"column":8},"end":{"line":325,"column":9}}],"line":313},"58":{"loc":{"start":{"line":315,"column":12},"end":{"line":318,"column":13}},"type":"if","locations":[{"start":{"line":315,"column":12},"end":{"line":318,"column":13}},{"start":{"line":315,"column":12},"end":{"line":318,"column":13}}],"line":315},"59":{"loc":{"start":{"line":315,"column":16},"end":{"line":315,"column":70}},"type":"binary-expr","locations":[{"start":{"line":315,"column":16},"end":{"line":315,"column":35}},{"start":{"line":315,"column":40},"end":{"line":315,"column":44}},{"start":{"line":315,"column":48},"end":{"line":315,"column":69}}],"line":315},"60":{"loc":{"start":{"line":316,"column":16},"end":{"line":317,"column":56}},"type":"if","locations":[{"start":{"line":316,"column":16},"end":{"line":317,"column":56}},{"start":{"line":316,"column":16},"end":{"line":317,"column":56}}],"line":316},"61":{"loc":{"start":{"line":321,"column":12},"end":{"line":322,"column":49}},"type":"if","locations":[{"start":{"line":321,"column":12},"end":{"line":322,"column":49}},{"start":{"line":321,"column":12},"end":{"line":322,"column":49}}],"line":321},"62":{"loc":{"start":{"line":332,"column":8},"end":{"line":336,"column":9}},"type":"if","locations":[{"start":{"line":332,"column":8},"end":{"line":336,"column":9}},{"start":{"line":332,"column":8},"end":{"line":336,"column":9}}],"line":332},"63":{"loc":{"start":{"line":333,"column":12},"end":{"line":335,"column":13}},"type":"if","locations":[{"start":{"line":333,"column":12},"end":{"line":335,"column":13}},{"start":{"line":333,"column":12},"end":{"line":335,"column":13}}],"line":333},"64":{"loc":{"start":{"line":333,"column":16},"end":{"line":333,"column":64}},"type":"binary-expr","locations":[{"start":{"line":333,"column":16},"end":{"line":333,"column":53}},{"start":{"line":333,"column":57},"end":{"line":333,"column":64}}],"line":333},"65":{"loc":{"start":{"line":344,"column":8},"end":{"line":353,"column":9}},"type":"if","locations":[{"start":{"line":344,"column":8},"end":{"line":353,"column":9}},{"start":{"line":344,"column":8},"end":{"line":353,"column":9}}],"line":344},"66":{"loc":{"start":{"line":345,"column":12},"end":{"line":349,"column":13}},"type":"if","locations":[{"start":{"line":345,"column":12},"end":{"line":349,"column":13}},{"start":{"line":345,"column":12},"end":{"line":349,"column":13}}],"line":345},"67":{"loc":{"start":{"line":346,"column":16},"end":{"line":348,"column":17}},"type":"if","locations":[{"start":{"line":346,"column":16},"end":{"line":348,"column":17}},{"start":{"line":346,"column":16},"end":{"line":348,"column":17}}],"line":346},"68":{"loc":{"start":{"line":374,"column":12},"end":{"line":379,"column":13}},"type":"if","locations":[{"start":{"line":374,"column":12},"end":{"line":379,"column":13}},{"start":{"line":374,"column":12},"end":{"line":379,"column":13}}],"line":374},"69":{"loc":{"start":{"line":383,"column":16},"end":{"line":390,"column":17}},"type":"if","locations":[{"start":{"line":383,"column":16},"end":{"line":390,"column":17}},{"start":{"line":383,"column":16},"end":{"line":390,"column":17}}],"line":383},"70":{"loc":{"start":{"line":384,"column":20},"end":{"line":384,"column":72}},"type":"if","locations":[{"start":{"line":384,"column":20},"end":{"line":384,"column":72}},{"start":{"line":384,"column":20},"end":{"line":384,"column":72}}],"line":384},"71":{"loc":{"start":{"line":384,"column":24},"end":{"line":384,"column":45}},"type":"binary-expr","locations":[{"start":{"line":384,"column":24},"end":{"line":384,"column":30}},{"start":{"line":384,"column":34},"end":{"line":384,"column":45}}],"line":384},"72":{"loc":{"start":{"line":388,"column":20},"end":{"line":388,"column":57}},"type":"if","locations":[{"start":{"line":388,"column":20},"end":{"line":388,"column":57}},{"start":{"line":388,"column":20},"end":{"line":388,"column":57}}],"line":388},"73":{"loc":{"start":{"line":398,"column":16},"end":{"line":410,"column":17}},"type":"if","locations":[{"start":{"line":398,"column":16},"end":{"line":410,"column":17}},{"start":{"line":398,"column":16},"end":{"line":410,"column":17}}],"line":398},"74":{"loc":{"start":{"line":398,"column":20},"end":{"line":398,"column":92}},"type":"binary-expr","locations":[{"start":{"line":398,"column":20},"end":{"line":398,"column":54}},{"start":{"line":398,"column":58},"end":{"line":398,"column":85}},{"start":{"line":398,"column":89},"end":{"line":398,"column":92}}],"line":398},"75":{"loc":{"start":{"line":400,"column":20},"end":{"line":405,"column":21}},"type":"if","locations":[{"start":{"line":400,"column":20},"end":{"line":405,"column":21}},{"start":{"line":400,"column":20},"end":{"line":405,"column":21}}],"line":400},"76":{"loc":{"start":{"line":406,"column":20},"end":{"line":408,"column":21}},"type":"if","locations":[{"start":{"line":406,"column":20},"end":{"line":408,"column":21}},{"start":{"line":406,"column":20},"end":{"line":408,"column":21}}],"line":406},"77":{"loc":{"start":{"line":421,"column":12},"end":{"line":426,"column":13}},"type":"if","locations":[{"start":{"line":421,"column":12},"end":{"line":426,"column":13}},{"start":{"line":421,"column":12},"end":{"line":426,"column":13}}],"line":421},"78":{"loc":{"start":{"line":430,"column":16},"end":{"line":437,"column":17}},"type":"if","locations":[{"start":{"line":430,"column":16},"end":{"line":437,"column":17}},{"start":{"line":430,"column":16},"end":{"line":437,"column":17}}],"line":430},"79":{"loc":{"start":{"line":431,"column":20},"end":{"line":431,"column":72}},"type":"if","locations":[{"start":{"line":431,"column":20},"end":{"line":431,"column":72}},{"start":{"line":431,"column":20},"end":{"line":431,"column":72}}],"line":431},"80":{"loc":{"start":{"line":431,"column":24},"end":{"line":431,"column":45}},"type":"binary-expr","locations":[{"start":{"line":431,"column":24},"end":{"line":431,"column":30}},{"start":{"line":431,"column":34},"end":{"line":431,"column":45}}],"line":431},"81":{"loc":{"start":{"line":435,"column":20},"end":{"line":435,"column":57}},"type":"if","locations":[{"start":{"line":435,"column":20},"end":{"line":435,"column":57}},{"start":{"line":435,"column":20},"end":{"line":435,"column":57}}],"line":435},"82":{"loc":{"start":{"line":446,"column":16},"end":{"line":458,"column":17}},"type":"if","locations":[{"start":{"line":446,"column":16},"end":{"line":458,"column":17}},{"start":{"line":446,"column":16},"end":{"line":458,"column":17}}],"line":446},"83":{"loc":{"start":{"line":446,"column":20},"end":{"line":446,"column":85}},"type":"binary-expr","locations":[{"start":{"line":446,"column":20},"end":{"line":446,"column":47}},{"start":{"line":446,"column":51},"end":{"line":446,"column":78}},{"start":{"line":446,"column":82},"end":{"line":446,"column":85}}],"line":446},"84":{"loc":{"start":{"line":448,"column":20},"end":{"line":453,"column":21}},"type":"if","locations":[{"start":{"line":448,"column":20},"end":{"line":453,"column":21}},{"start":{"line":448,"column":20},"end":{"line":453,"column":21}}],"line":448},"85":{"loc":{"start":{"line":454,"column":20},"end":{"line":456,"column":21}},"type":"if","locations":[{"start":{"line":454,"column":20},"end":{"line":456,"column":21}},{"start":{"line":454,"column":20},"end":{"line":456,"column":21}}],"line":454},"86":{"loc":{"start":{"line":474,"column":4},"end":{"line":479,"column":5}},"type":"if","locations":[{"start":{"line":474,"column":4},"end":{"line":479,"column":5}},{"start":{"line":474,"column":4},"end":{"line":479,"column":5}}],"line":474},"87":{"loc":{"start":{"line":486,"column":4},"end":{"line":488,"column":5}},"type":"if","locations":[{"start":{"line":486,"column":4},"end":{"line":488,"column":5}},{"start":{"line":486,"column":4},"end":{"line":488,"column":5}}],"line":486}},"s":{"0":1,"1":1,"2":1,"3":1,"4":1,"5":1,"6":1,"7":1,"8":1,"9":0,"10":0,"11":1,"12":1,"13":1,"14":1,"15":1,"16":1,"17":0,"18":0,"19":0,"20":1,"21":0,"22":0,"23":0,"24":0,"25":0,"26":1,"27":0,"28":1,"29":0,"30":0,"31":0,"32":0,"33":0,"34":0,"35":0,"36":0,"37":0,"38":0,"39":0,"40":0,"41":0,"42":0,"43":0,"44":0,"45":0,"46":0,"47":0,"48":0,"49":0,"50":0,"51":0,"52":0,"53":0,"54":0,"55":0,"56":0,"57":0,"58":0,"59":0,"60":0,"61":0,"62":0,"63":0,"64":0,"65":0,"66":0,"67":0,"68":0,"69":0,"70":0,"71":0,"72":0,"73":0,"74":0,"75":0,"76":0,"77":0,"78":0,"79":0,"80":0,"81":0,"82":0,"83":0,"84":0,"85":0,"86":0,"87":0,"88":0,"89":0,"90":0,"91":0,"92":0,"93":0,"94":0,"95":0,"96":0,"97":0,"98":0,"99":0,"100":0,"101":0,"102":0,"103":0,"104":0,"105":0,"106":0,"107":0,"108":0,"109":0,"110":0,"111":0,"112":0,"113":0,"114":0,"115":0,"116":0,"117":0,"118":0,"119":0,"120":0,"121":0,"122":0,"123":0,"124":0,"125":0,"126":0,"127":0,"128":0,"129":0,"130":0,"131":0,"132":0,"133":0,"134":0,"135":0,"136":0,"137":0,"138":0,"139":0,"140":0,"141":0,"142":0,"143":0,"144":0,"145":0,"146":0,"147":0,"148":0,"149":0,"150":0,"151":0,"152":0,"153":0,"154":0,"155":0,"156":0,"157":0,"158":0,"159":0,"160":0,"161":0,"162":0,"163":0,"164":0,"165":0,"166":0,"167":0,"168":0,"169":0,"170":0,"171":0,"172":0,"173":3,"174":0,"175":0,"176":0,"177":0,"178":0,"179":0,"180":0,"181":0,"182":0,"183":0,"184":0,"185":0,"186":0,"187":0,"188":0,"189":0,"190":0,"191":0,"192":0,"193":0,"194":0,"195":0,"196":0,"197":0,"198":0,"199":0,"200":0,"201":0,"202":0,"203":0,"204":0,"205":0,"206":0,"207":0,"208":0,"209":0,"210":0,"211":0,"212":0,"213":0,"214":0,"215":0,"216":0,"217":0,"218":0,"219":0,"220":0,"221":0,"222":0,"223":0,"224":0,"225":0,"226":0,"227":0,"228":0,"229":0,"230":0,"231":0,"232":0,"233":1,"234":0,"235":0,"236":0,"237":0,"238":0,"239":3,"240":0,"241":3,"242":0,"243":0,"244":0,"245":0,"246":0},"f":{"0":0,"1":0,"2":0,"3":0,"4":0,"5":0,"6":0,"7":0,"8":0,"9":0,"10":0,"11":0,"12":0,"13":0,"14":0,"15":0,"16":0,"17":0,"18":0,"19":0,"20":0,"21":0,"22":0,"23":0,"24":0,"25":0,"26":0,"27":0,"28":3,"29":0,"30":0,"31":0,"32":0,"33":0,"34":0,"35":0,"36":0,"37":3,"38":0},"b":{"0":[0,1],"1":[1,0],"2":[0,0],"3":[0,0],"4":[0,0],"5":[0,0],"6":[0,0],"7":[0,0],"8":[0,0],"9":[0,0],"10":[0,0],"11":[0,0,0],"12":[0,0,0],"13":[0,0],"14":[0,0],"15":[0,0],"16":[0,0,0],"17":[0,0,0],"18":[0,0],"19":[0,0],"20":[0,0,0],"21":[0,0],"22":[0,0],"23":[0,0,0],"24":[0,0],"25":[0,0],"26":[0,0],"27":[0,0],"28":[0,0],"29":[0,0],"30":[0,0],"31":[0,0],"32":[0,0],"33":[0,0],"34":[0,0],"35":[0,0],"36":[0,0],"37":[0,0],"38":[0,0],"39":[0,0],"40":[0,0],"41":[0,0],"42":[0,0],"43":[0,0],"44":[0,0,0],"45":[0,0],"46":[0,0],"47":[0,0],"48":[0,0],"49":[0,0,0],"50":[0,0],"51":[0,0],"52":[0,0],"53":[0,0],"54":[0,0,0],"55":[0,0],"56":[0,0],"57":[0,0],"58":[0,0],"59":[0,0,0],"60":[0,0],"61":[0,0],"62":[0,0],"63":[0,0],"64":[0,0],"65":[0,0],"66":[0,0],"67":[0,0],"68":[0,0],"69":[0,0],"70":[0,0],"71":[0,0],"72":[0,0],"73":[0,0],"74":[0,0,0],"75":[0,0],"76":[0,0],"77":[0,0],"78":[0,0],"79":[0,0],"80":[0,0],"81":[0,0],"82":[0,0],"83":[0,0,0],"84":[0,0],"85":[0,0],"86":[0,3],"87":[0,0]},"_coverageSchema":"332fd63041d2c1bcb487cc26dd0d5f7d97098a6c","hash":"e51ffa6a459cc065b5a049c5d76d41314f7a8f65"}
}
