TN:
SF:C:\SCP\src\scpx-app\ext\wallet\cli-log.js
FN:10,(anonymous_0)
FN:14,(anonymous_1)
FN:19,(anonymous_2)
FN:25,(anonymous_3)
FN:30,(anonymous_4)
FN:35,(anonymous_5)
FN:40,(anonymous_6)
FN:52,(anonymous_7)
FN:54,(anonymous_8)
FNF:9
FNH:1
FNDA:0,(anonymous_0)
FNDA:1,(anonymous_1)
FNDA:0,(anonymous_2)
FNDA:0,(anonymous_3)
FNDA:0,(anonymous_4)
FNDA:0,(anonymous_5)
FNDA:0,(anonymous_6)
FNDA:0,(anonymous_7)
FNDA:0,(anonymous_8)
DA:3,1
DA:6,1
DA:8,1
DA:11,0
DA:15,1
DA:16,1
DA:20,0
DA:21,0
DA:26,0
DA:27,0
DA:31,0
DA:32,0
DA:36,0
DA:37,0
DA:41,0
DA:42,0
DA:43,0
DA:44,0
DA:45,0
DA:47,0
DA:48,0
DA:52,0
DA:53,0
DA:54,0
DA:55,0
LF:25
LH:5
BRDA:15,0,0,0
BRDA:15,0,1,1
BRDA:20,1,0,0
BRDA:20,1,1,0
BRDA:26,2,0,0
BRDA:26,2,1,0
BRDA:31,3,0,0
BRDA:31,3,1,0
BRDA:36,4,0,0
BRDA:36,4,1,0
BRDA:42,5,0,0
BRDA:42,5,1,0
BRDA:42,6,0,0
BRDA:42,6,1,0
BRDA:48,7,0,0
BRDA:48,7,1,0
BRF:16
BRH:1
end_of_record
TN:
SF:C:\SCP\src\scpx-app\ext\wallet\cli-repl.js
FN:68,(anonymous_0)
FN:76,(anonymous_1)
FN:77,(anonymous_2)
FN:77,(anonymous_3)
FN:106,(anonymous_4)
FN:109,(anonymous_5)
FN:115,(anonymous_6)
FN:150,(anonymous_7)
FN:156,(anonymous_8)
FN:176,(anonymous_9)
FN:181,postCmd
FN:182,(anonymous_11)
FNF:12
FNH:0
FNDA:0,(anonymous_0)
FNDA:0,(anonymous_1)
FNDA:0,(anonymous_2)
FNDA:0,(anonymous_3)
FNDA:0,(anonymous_4)
FNDA:0,(anonymous_5)
FNDA:0,(anonymous_6)
FNDA:0,(anonymous_7)
FNDA:0,(anonymous_8)
FNDA:0,(anonymous_9)
FNDA:0,postCmd
FNDA:0,(anonymous_11)
DA:3,1
DA:4,1
DA:6,1
DA:7,1
DA:8,1
DA:10,1
DA:11,1
DA:13,1
DA:15,1
DA:18,1
DA:23,1
DA:26,1
DA:34,1
DA:40,1
DA:47,1
DA:55,1
DA:60,1
DA:63,1
DA:67,1
DA:70,0
DA:71,0
DA:75,0
DA:76,0
DA:77,0
DA:78,0
DA:79,0
DA:89,0
DA:90,0
DA:91,0
DA:92,0
DA:94,0
DA:97,0
DA:98,0
DA:99,0
DA:100,0
DA:101,0
DA:102,0
DA:103,0
DA:104,0
DA:106,0
DA:107,0
DA:110,0
DA:111,0
DA:112,0
DA:115,0
DA:123,0
DA:126,0
DA:129,0
DA:132,0
DA:135,0
DA:138,0
DA:141,0
DA:145,0
DA:150,0
DA:151,0
DA:152,0
DA:156,0
DA:157,0
DA:173,0
DA:177,0
DA:182,0
DA:183,0
DA:184,0
DA:185,0
DA:186,0
DA:187,0
DA:191,0
DA:194,0
DA:195,0
DA:198,0
LF:70
LH:19
BRDA:70,0,0,0
BRDA:70,0,1,0
BRDA:89,1,0,0
BRDA:89,1,1,0
BRDA:112,2,0,0
BRDA:112,2,1,0
BRDA:183,3,0,0
BRDA:183,3,1,0
BRDA:183,4,0,0
BRDA:183,4,1,0
BRDA:184,5,0,0
BRDA:184,5,1,0
BRDA:185,6,0,0
BRDA:185,6,1,0
BRDA:194,7,0,0
BRDA:194,7,1,0
BRDA:194,8,0,0
BRDA:194,8,1,0
BRDA:194,8,2,0
BRF:19
BRH:0
end_of_record
TN:
SF:C:\SCP\src\scpx-app\ext\wallet\store.js
FN:11,(anonymous_0)
FNF:1
FNH:1
FNDA:2,(anonymous_0)
DA:3,1
DA:4,1
DA:5,1
DA:7,1
DA:9,1
DA:11,1
DA:12,2
DA:15,1
DA:22,1
DA:24,1
LF:10
LH:10
BRF:0
BRH:0
end_of_record
TN:
SF:C:\SCP\src\scpx-app\ext\wallet\svr-workers.js
FN:12,(anonymous_0)
FN:28,(anonymous_1)
FN:33,(anonymous_2)
FN:34,(anonymous_3)
FN:45,(anonymous_4)
FN:46,(anonymous_5)
FN:47,(anonymous_6)
FNF:7
FNH:7
FNDA:1,(anonymous_0)
FNDA:2,(anonymous_1)
FNDA:1,(anonymous_2)
FNDA:2,(anonymous_3)
FNDA:9,(anonymous_4)
FNDA:9,(anonymous_5)
FNDA:9,(anonymous_6)
DA:2,1
DA:4,1
DA:5,1
DA:7,1
DA:9,1
DA:13,1
DA:16,1
DA:17,1
DA:18,1
DA:19,1
DA:20,8
DA:22,1
DA:26,1
DA:27,1
DA:28,1
DA:29,2
DA:33,1
DA:34,1
DA:35,2
DA:36,1
DA:40,1
DA:41,1
DA:45,1
DA:46,9
DA:47,9
DA:48,9
DA:51,1
LF:27
LH:27
BRDA:16,0,0,1
BRDA:16,0,1,0
BRDA:16,1,0,1
BRDA:16,1,1,0
BRDA:26,2,0,1
BRDA:26,2,1,0
BRDA:35,3,0,1
BRDA:35,3,1,1
BRF:8
BRH:5
end_of_record
TN:
SF:C:\SCP\src\scpx-app\ext\wallet\actions\appWorkerCallbacks.js
FN:12,(anonymous_0)
FN:37,(anonymous_1)
FN:75,(anonymous_2)
FN:76,(anonymous_3)
FN:77,(anonymous_4)
FN:83,(anonymous_5)
FN:84,(anonymous_6)
FNF:7
FNH:1
FNDA:2,(anonymous_0)
FNDA:0,(anonymous_1)
FNDA:0,(anonymous_2)
FNDA:0,(anonymous_3)
FNDA:0,(anonymous_4)
FNDA:0,(anonymous_5)
FNDA:0,(anonymous_6)
DA:3,1
DA:5,1
DA:7,1
DA:9,1
DA:11,1
DA:15,2
DA:16,0
DA:17,0
DA:18,0
DA:21,2
DA:22,2
DA:23,2
DA:26,2
DA:27,2
DA:29,2
DA:30,0
DA:31,0
DA:33,0
DA:34,0
DA:35,0
DA:36,0
DA:37,0
DA:38,0
DA:39,0
DA:44,0
DA:47,2
DA:48,0
DA:49,0
DA:50,0
DA:54,2
DA:55,0
DA:56,0
DA:57,0
DA:58,0
DA:61,2
DA:62,0
DA:63,0
DA:64,0
DA:65,0
DA:68,2
DA:69,0
DA:70,0
DA:73,0
DA:74,0
DA:75,0
DA:76,0
DA:77,0
DA:78,0
DA:79,0
DA:80,0
DA:81,0
DA:83,0
DA:84,0
DA:85,0
DA:89,0
DA:90,0
DA:105,0
LF:57
LH:16
BRDA:15,0,0,0
BRDA:15,0,1,2
BRDA:29,1,0,0
BRDA:29,1,1,2
BRDA:29,2,0,2
BRDA:29,2,1,0
BRDA:31,3,0,0
BRDA:36,4,0,0
BRDA:36,4,1,0
BRDA:36,5,0,0
BRDA:36,5,1,0
BRDA:36,5,2,0
BRDA:38,6,0,0
BRDA:38,6,1,0
BRDA:47,7,0,0
BRDA:47,7,1,2
BRDA:54,8,0,0
BRDA:54,8,1,2
BRDA:56,9,0,0
BRDA:56,9,1,0
BRDA:61,10,0,0
BRDA:61,10,1,2
BRDA:63,11,0,0
BRDA:63,11,1,0
BRDA:68,12,0,0
BRDA:68,12,1,2
BRDA:70,13,0,0
BRDA:70,13,1,0
BRDA:74,14,0,0
BRDA:74,14,1,0
BRDA:74,15,0,0
BRDA:74,15,1,0
BRDA:74,15,2,0
BRDA:78,16,0,0
BRDA:78,16,1,0
BRDA:78,17,0,0
BRDA:78,17,1,0
BRDA:84,18,0,0
BRDA:84,18,1,0
BRDA:84,19,0,0
BRDA:84,19,1,0
BRDA:84,19,2,0
BRDA:85,20,0,0
BRDA:85,20,1,0
BRDA:85,21,0,0
BRDA:85,21,1,0
BRDA:89,22,0,0
BRDA:89,22,1,0
BRF:48
BRH:7
end_of_record
TN:
SF:C:\SCP\src\scpx-app\ext\wallet\actions\index.js
FN:47,(anonymous_0)
FNF:1
FNH:0
FNDA:0,(anonymous_0)
DA:3,1
DA:47,0
LF:2
LH:1
BRF:0
BRH:0
end_of_record
TN:
SF:C:\SCP\src\scpx-app\ext\wallet\actions\wallet-account.js
FN:29,(anonymous_0)
FN:41,(anonymous_1)
FN:44,(anonymous_2)
FN:49,(anonymous_3)
FN:55,(anonymous_4)
FN:59,(anonymous_5)
FN:77,(anonymous_6)
FN:121,(anonymous_7)
FN:125,(anonymous_8)
FN:137,(anonymous_9)
FN:152,(anonymous_10)
FN:166,(anonymous_11)
FN:171,(anonymous_12)
FN:191,createETHTransactionHex
FN:246,createERC20TransactionHex
FN:249,(anonymous_15)
FN:277,(anonymous_16)
FNF:17
FNH:0
FNDA:0,(anonymous_0)
FNDA:0,(anonymous_1)
FNDA:0,(anonymous_2)
FNDA:0,(anonymous_3)
FNDA:0,(anonymous_4)
FNDA:0,(anonymous_5)
FNDA:0,(anonymous_6)
FNDA:0,(anonymous_7)
FNDA:0,(anonymous_8)
FNDA:0,(anonymous_9)
FNDA:0,(anonymous_10)
FNDA:0,(anonymous_11)
FNDA:0,(anonymous_12)
FNDA:0,createETHTransactionHex
FNDA:0,createERC20TransactionHex
FNDA:0,(anonymous_15)
FNDA:0,(anonymous_16)
DA:3,1
DA:4,1
DA:9,1
DA:10,1
DA:12,1
DA:13,1
DA:14,1
DA:15,1
DA:16,1
DA:18,1
DA:20,1
DA:30,0
DA:32,0
DA:35,0
DA:37,0
DA:43,0
DA:44,0
DA:46,0
DA:47,0
DA:48,0
DA:49,0
DA:50,0
DA:51,0
DA:52,0
DA:54,0
DA:56,0
DA:58,0
DA:59,0
DA:61,0
DA:77,0
DA:79,0
DA:93,0
DA:94,0
DA:95,0
DA:100,0
DA:123,0
DA:126,0
DA:127,0
DA:128,0
DA:129,0
DA:131,0
DA:132,0
DA:138,0
DA:139,0
DA:140,0
DA:142,0
DA:147,0
DA:148,0
DA:151,0
DA:155,0
DA:156,0
DA:159,0
DA:160,0
DA:161,0
DA:164,0
DA:167,0
DA:168,0
DA:169,0
DA:172,0
DA:173,0
DA:174,0
DA:175,0
DA:178,0
DA:179,0
DA:180,0
DA:181,0
DA:183,0
DA:192,0
DA:194,0
DA:195,0
DA:197,0
DA:199,0
DA:201,0
DA:202,0
DA:204,0
DA:206,0
DA:207,0
DA:210,0
DA:213,0
DA:215,0
DA:216,0
DA:219,0
DA:220,0
DA:221,0
DA:222,0
DA:225,0
DA:227,0
DA:228,0
DA:229,0
DA:231,0
DA:233,0
DA:234,0
DA:237,0
DA:238,0
DA:242,0
DA:247,0
DA:249,0
DA:250,0
DA:252,0
DA:253,0
DA:255,0
DA:257,0
DA:258,0
DA:264,0
DA:265,0
DA:267,0
DA:269,0
DA:270,0
DA:272,0
DA:273,0
DA:274,0
DA:276,0
DA:278,0
DA:287,0
DA:288,0
DA:290,0
DA:293,0
LF:117
LH:11
BRDA:32,0,0,0
BRDA:32,0,1,0
BRDA:32,0,2,0
BRDA:50,1,0,0
BRDA:50,1,1,0
BRDA:58,2,0,0
BRDA:58,2,1,0
BRDA:58,3,0,0
BRDA:58,3,1,0
BRDA:126,4,0,0
BRDA:126,4,1,0
BRDA:128,5,0,0
BRDA:128,5,1,0
BRDA:147,6,0,0
BRDA:147,6,1,0
BRDA:155,7,0,0
BRDA:155,7,1,0
BRDA:159,8,0,0
BRDA:159,8,1,0
BRDA:161,9,0,0
BRDA:161,9,1,0
BRDA:172,10,0,0
BRDA:172,10,1,0
BRDA:172,11,0,0
BRDA:172,11,1,0
BRDA:172,11,2,0
BRDA:172,11,3,0
BRDA:172,11,4,0
BRDA:197,12,0,0
BRDA:197,12,1,0
BRDA:206,13,0,0
BRDA:206,13,1,0
BRDA:250,14,0,0
BRDA:250,14,1,0
BRF:34
BRH:0
end_of_record
TN:
SF:C:\SCP\src\scpx-app\ext\wallet\actions\wallet-external.js
FN:17,(anonymous_0)
FN:19,(anonymous_1)
FN:28,(anonymous_2)
FN:40,(anonymous_3)
FN:40,(anonymous_4)
FN:45,(anonymous_5)
FN:49,(anonymous_6)
FN:50,(anonymous_7)
FN:51,(anonymous_8)
FN:60,(anonymous_9)
FN:61,(anonymous_10)
FN:115,(anonymous_11)
FN:125,(anonymous_12)
FN:127,(anonymous_13)
FN:138,(anonymous_14)
FN:149,(anonymous_15)
FN:160,(anonymous_16)
FN:163,(anonymous_17)
FN:166,(anonymous_18)
FN:178,(anonymous_19)
FN:212,(anonymous_20)
FN:213,(anonymous_21)
FN:215,(anonymous_22)
FN:233,(anonymous_23)
FN:235,(anonymous_24)
FN:236,(anonymous_25)
FN:238,(anonymous_26)
FN:247,(anonymous_27)
FN:249,(anonymous_28)
FN:250,(anonymous_29)
FN:252,(anonymous_30)
FN:327,(anonymous_31)
FN:389,(anonymous_32)
FN:397,createTxHex
FN:407,(anonymous_34)
FN:407,(anonymous_35)
FN:424,(anonymous_36)
FN:425,(anonymous_37)
FN:431,(anonymous_38)
FN:446,(anonymous_39)
FN:451,(anonymous_40)
FN:462,(anonymous_41)
FN:463,(anonymous_42)
FN:487,(anonymous_43)
FN:523,(anonymous_44)
FN:566,(anonymous_45)
FN:590,(anonymous_46)
FN:602,(anonymous_47)
FN:631,(anonymous_48)
FN:643,(anonymous_49)
FN:647,(anonymous_50)
FN:665,(anonymous_51)
FN:677,pushTransactionHex
FN:682,(anonymous_53)
FN:689,(anonymous_54)
FN:702,getAll_txs
FN:706,(anonymous_56)
FN:710,(anonymous_57)
FN:710,(anonymous_58)
FN:714,(anonymous_59)
FN:723,getAll_local_txs
FN:725,(anonymous_61)
FN:729,getAll_unconfirmed_txs
FN:731,(anonymous_63)
FN:741,testPadTxs
FNF:65
FNH:0
FNDA:0,(anonymous_0)
FNDA:0,(anonymous_1)
FNDA:0,(anonymous_2)
FNDA:0,(anonymous_3)
FNDA:0,(anonymous_4)
FNDA:0,(anonymous_5)
FNDA:0,(anonymous_6)
FNDA:0,(anonymous_7)
FNDA:0,(anonymous_8)
FNDA:0,(anonymous_9)
FNDA:0,(anonymous_10)
FNDA:0,(anonymous_11)
FNDA:0,(anonymous_12)
FNDA:0,(anonymous_13)
FNDA:0,(anonymous_14)
FNDA:0,(anonymous_15)
FNDA:0,(anonymous_16)
FNDA:0,(anonymous_17)
FNDA:0,(anonymous_18)
FNDA:0,(anonymous_19)
FNDA:0,(anonymous_20)
FNDA:0,(anonymous_21)
FNDA:0,(anonymous_22)
FNDA:0,(anonymous_23)
FNDA:0,(anonymous_24)
FNDA:0,(anonymous_25)
FNDA:0,(anonymous_26)
FNDA:0,(anonymous_27)
FNDA:0,(anonymous_28)
FNDA:0,(anonymous_29)
FNDA:0,(anonymous_30)
FNDA:0,(anonymous_31)
FNDA:0,(anonymous_32)
FNDA:0,createTxHex
FNDA:0,(anonymous_34)
FNDA:0,(anonymous_35)
FNDA:0,(anonymous_36)
FNDA:0,(anonymous_37)
FNDA:0,(anonymous_38)
FNDA:0,(anonymous_39)
FNDA:0,(anonymous_40)
FNDA:0,(anonymous_41)
FNDA:0,(anonymous_42)
FNDA:0,(anonymous_43)
FNDA:0,(anonymous_44)
FNDA:0,(anonymous_45)
FNDA:0,(anonymous_46)
FNDA:0,(anonymous_47)
FNDA:0,(anonymous_48)
FNDA:0,(anonymous_49)
FNDA:0,(anonymous_50)
FNDA:0,(anonymous_51)
FNDA:0,pushTransactionHex
FNDA:0,(anonymous_53)
FNDA:0,(anonymous_54)
FNDA:0,getAll_txs
FNDA:0,(anonymous_56)
FNDA:0,(anonymous_57)
FNDA:0,(anonymous_58)
FNDA:0,(anonymous_59)
FNDA:0,getAll_local_txs
FNDA:0,(anonymous_61)
FNDA:0,getAll_unconfirmed_txs
FNDA:0,(anonymous_63)
FNDA:0,testPadTxs
DA:3,1
DA:4,1
DA:5,1
DA:6,1
DA:7,1
DA:9,1
DA:10,1
DA:11,1
DA:13,1
DA:15,1
DA:17,1
DA:18,0
DA:19,0
DA:23,1
DA:29,0
DA:30,0
DA:31,0
DA:33,0
DA:36,0
DA:38,0
DA:40,0
DA:41,0
DA:43,0
DA:44,0
DA:46,0
DA:47,0
DA:48,0
DA:49,0
DA:50,0
DA:51,0
DA:53,0
DA:58,0
DA:60,0
DA:62,0
DA:66,0
DA:67,0
DA:69,0
DA:71,0
DA:100,0
DA:101,0
DA:103,0
DA:105,0
DA:106,0
DA:110,0
DA:116,0
DA:118,0
DA:120,0
DA:126,0
DA:127,0
DA:128,0
DA:129,0
DA:130,0
DA:133,0
DA:134,0
DA:139,0
DA:140,0
DA:141,0
DA:142,0
DA:144,0
DA:150,0
DA:151,0
DA:152,0
DA:153,0
DA:161,0
DA:164,0
DA:167,0
DA:180,0
DA:181,0
DA:182,0
DA:198,0
DA:199,0
DA:202,0
DA:203,0
DA:204,0
DA:206,0
DA:212,0
DA:213,0
DA:215,0
DA:216,0
DA:219,0
DA:222,0
DA:223,0
DA:232,0
DA:233,0
DA:235,0
DA:236,0
DA:239,0
DA:240,0
DA:241,0
DA:242,0
DA:246,0
DA:247,0
DA:249,0
DA:250,0
DA:253,0
DA:254,0
DA:258,0
DA:259,0
DA:263,0
DA:264,0
DA:265,0
DA:268,0
DA:272,0
DA:275,0
DA:276,0
DA:278,0
DA:280,0
DA:282,0
DA:315,0
DA:316,0
DA:321,0
DA:328,0
DA:329,0
DA:331,0
DA:333,0
DA:335,0
DA:339,0
DA:340,0
DA:341,0
DA:343,0
DA:346,0
DA:348,0
DA:353,0
DA:354,0
DA:355,0
DA:356,0
DA:358,0
DA:359,0
DA:362,0
DA:363,0
DA:365,0
DA:370,0
DA:371,0
DA:377,0
DA:379,0
DA:381,0
DA:382,0
DA:390,0
DA:399,0
DA:401,0
DA:402,0
DA:403,0
DA:406,0
DA:407,0
DA:411,0
DA:416,0
DA:417,0
DA:418,0
DA:419,0
DA:420,0
DA:423,0
DA:424,0
DA:425,0
DA:427,0
DA:431,0
DA:432,0
DA:433,0
DA:436,0
DA:439,0
DA:441,0
DA:446,0
DA:449,0
DA:451,0
DA:459,0
DA:460,0
DA:461,0
DA:462,0
DA:463,0
DA:467,0
DA:468,0
DA:469,0
DA:473,0
DA:479,0
DA:480,0
DA:481,0
DA:482,0
DA:483,0
DA:487,0
DA:490,0
DA:493,0
DA:494,0
DA:495,0
DA:497,0
DA:498,0
DA:502,0
DA:506,0
DA:507,0
DA:508,0
DA:509,0
DA:510,0
DA:511,0
DA:516,0
DA:517,0
DA:518,0
DA:522,0
DA:523,0
DA:524,0
DA:525,0
DA:526,0
DA:528,0
DA:529,0
DA:535,0
DA:538,0
DA:539,0
DA:543,0
DA:544,0
DA:545,0
DA:546,0
DA:549,0
DA:550,0
DA:551,0
DA:552,0
DA:554,0
DA:555,0
DA:562,0
DA:565,0
DA:566,0
DA:567,0
DA:568,0
DA:572,0
DA:573,0
DA:575,0
DA:576,0
DA:577,0
DA:578,0
DA:583,0
DA:584,0
DA:585,0
DA:588,0
DA:589,0
DA:590,0
DA:591,0
DA:593,0
DA:594,0
DA:595,0
DA:597,0
DA:598,0
DA:601,0
DA:602,0
DA:603,0
DA:605,0
DA:607,0
DA:608,0
DA:613,0
DA:614,0
DA:615,0
DA:616,0
DA:619,0
DA:620,0
DA:621,0
DA:622,0
DA:624,0
DA:625,0
DA:628,0
DA:630,0
DA:631,0
DA:638,0
DA:639,0
DA:641,0
DA:642,0
DA:643,0
DA:646,0
DA:647,0
DA:649,0
DA:651,0
DA:660,0
DA:661,0
DA:662,0
DA:664,0
DA:665,0
DA:669,0
DA:670,0
DA:678,0
DA:680,0
DA:682,0
DA:683,0
DA:685,0
DA:688,0
DA:689,0
DA:690,0
DA:692,0
DA:695,0
DA:703,0
DA:704,0
DA:705,0
DA:706,0
DA:707,0
DA:708,0
DA:710,0
DA:711,0
DA:714,0
DA:716,0
DA:717,0
DA:718,0
DA:720,0
DA:724,0
DA:725,0
DA:726,0
DA:730,0
DA:731,0
DA:732,0
DA:735,0
DA:742,0
DA:743,0
LF:304
LH:12
BRDA:18,0,0,0
BRDA:18,0,1,0
BRDA:29,1,0,0
BRDA:29,1,1,0
BRDA:29,2,0,0
BRDA:29,2,1,0
BRDA:30,3,0,0
BRDA:30,3,1,0
BRDA:31,4,0,0
BRDA:31,4,1,0
BRDA:33,5,0,0
BRDA:33,5,1,0
BRDA:38,6,0,0
BRDA:38,6,1,0
BRDA:43,7,0,0
BRDA:43,7,1,0
BRDA:47,8,0,0
BRDA:47,8,1,0
BRDA:62,9,0,0
BRDA:62,9,1,0
BRDA:63,10,0,0
BRDA:63,10,1,0
BRDA:63,11,0,0
BRDA:63,11,1,0
BRDA:69,12,0,0
BRDA:69,12,1,0
BRDA:71,13,0,0
BRDA:71,13,1,0
BRDA:73,14,0,0
BRDA:73,14,1,0
BRDA:73,14,2,0
BRDA:73,14,3,0
BRDA:73,14,4,0
BRDA:116,15,0,0
BRDA:116,16,0,0
BRDA:128,17,0,0
BRDA:128,17,1,0
BRDA:144,18,0,0
BRDA:144,18,1,0
BRDA:150,19,0,0
BRDA:150,19,1,0
BRDA:178,20,0,0
BRDA:180,21,0,0
BRDA:180,21,1,0
BRDA:180,22,0,0
BRDA:180,22,1,0
BRDA:198,23,0,0
BRDA:198,23,1,0
BRDA:203,24,0,0
BRDA:203,24,1,0
BRDA:212,25,0,0
BRDA:212,25,1,0
BRDA:213,26,0,0
BRDA:213,26,1,0
BRDA:215,27,0,0
BRDA:215,27,1,0
BRDA:215,28,0,0
BRDA:215,28,1,0
BRDA:222,29,0,0
BRDA:222,29,1,0
BRDA:223,30,0,0
BRDA:223,30,1,0
BRDA:233,31,0,0
BRDA:233,31,1,0
BRDA:235,32,0,0
BRDA:235,32,1,0
BRDA:241,33,0,0
BRDA:241,33,1,0
BRDA:247,34,0,0
BRDA:247,34,1,0
BRDA:249,35,0,0
BRDA:249,35,1,0
BRDA:265,36,0,0
BRDA:265,36,1,0
BRDA:265,36,2,0
BRDA:269,37,0,0
BRDA:269,37,1,0
BRDA:275,38,0,0
BRDA:275,38,1,0
BRDA:275,39,0,0
BRDA:275,39,1,0
BRDA:276,40,0,0
BRDA:276,40,1,0
BRDA:276,41,0,0
BRDA:276,41,1,0
BRDA:276,41,2,0
BRDA:280,42,0,0
BRDA:280,42,1,0
BRDA:280,43,0,0
BRDA:280,43,1,0
BRDA:280,43,2,0
BRDA:329,44,0,0
BRDA:329,44,1,0
BRDA:333,45,0,0
BRDA:333,45,1,0
BRDA:335,46,0,0
BRDA:335,46,1,0
BRDA:336,47,0,0
BRDA:336,47,1,0
BRDA:340,48,0,0
BRDA:340,48,1,0
BRDA:353,49,0,0
BRDA:353,49,1,0
BRDA:362,50,0,0
BRDA:362,50,1,0
BRDA:363,51,0,0
BRDA:363,51,1,0
BRDA:365,52,0,0
BRDA:365,52,1,0
BRDA:366,53,0,0
BRDA:366,53,1,0
BRDA:398,54,0,0
BRDA:398,55,0,0
BRDA:414,56,0,0
BRDA:414,56,1,0
BRDA:416,57,0,0
BRDA:416,57,1,0
BRDA:416,58,0,0
BRDA:416,58,1,0
BRDA:432,59,0,0
BRDA:432,59,1,0
BRDA:441,60,0,0
BRDA:441,60,1,0
BRDA:441,60,2,0
BRDA:460,61,0,0
BRDA:460,61,1,0
BRDA:461,62,0,0
BRDA:461,62,1,0
BRDA:473,63,0,0
BRDA:473,63,1,0
BRDA:473,64,0,0
BRDA:473,64,1,0
BRDA:473,64,2,0
BRDA:473,64,3,0
BRDA:473,64,4,0
BRDA:473,64,5,0
BRDA:480,65,0,0
BRDA:480,65,1,0
BRDA:493,66,0,0
BRDA:493,66,1,0
BRDA:494,67,0,0
BRDA:494,67,1,0
BRDA:497,68,0,0
BRDA:497,68,1,0
BRDA:497,69,0,0
BRDA:497,69,1,0
BRDA:509,70,0,0
BRDA:509,70,1,0
BRDA:509,71,0,0
BRDA:509,71,1,0
BRDA:525,72,0,0
BRDA:525,72,1,0
BRDA:528,73,0,0
BRDA:528,73,1,0
BRDA:576,74,0,0
BRDA:576,74,1,0
BRDA:576,75,0,0
BRDA:576,75,1,0
BRDA:588,76,0,0
BRDA:588,76,1,0
BRDA:641,77,0,0
BRDA:641,77,1,0
BRDA:641,78,0,0
BRDA:641,78,1,0
BRDA:680,79,0,0
BRDA:680,79,1,0
BRDA:680,79,2,0
BRDA:707,80,0,0
BRDA:707,80,1,0
BRDA:716,81,0,0
BRDA:716,81,1,0
BRDA:717,82,0,0
BRDA:717,82,1,0
BRDA:732,83,0,0
BRDA:732,83,1,0
BRDA:732,83,2,0
BRDA:732,83,3,0
BRF:177
BRH:0
end_of_record
TN:
SF:C:\SCP\src\scpx-app\ext\wallet\actions\wallet-utxo.js
FN:19,(anonymous_0)
FN:35,(anonymous_1)
FN:72,(anonymous_2)
FN:73,(anonymous_3)
FN:91,(anonymous_4)
FN:101,(anonymous_5)
FN:146,(anonymous_6)
FN:150,(anonymous_7)
FN:152,(anonymous_8)
FN:157,(anonymous_9)
FN:164,(anonymous_10)
FN:173,(anonymous_11)
FN:177,(anonymous_12)
FN:177,(anonymous_13)
FN:188,(anonymous_14)
FN:206,(anonymous_15)
FN:215,(anonymous_16)
FN:226,(anonymous_17)
FN:238,(anonymous_18)
FN:250,(anonymous_19)
FN:262,(anonymous_20)
FN:277,(anonymous_21)
FN:278,(anonymous_22)
FN:286,(anonymous_23)
FN:287,(anonymous_24)
FN:308,(anonymous_25)
FN:309,(anonymous_26)
FN:315,(anonymous_27)
FN:316,(anonymous_28)
FN:332,(anonymous_29)
FN:339,(anonymous_30)
FN:350,(anonymous_31)
FN:350,(anonymous_32)
FN:351,(anonymous_33)
FNF:34
FNH:0
FNDA:0,(anonymous_0)
FNDA:0,(anonymous_1)
FNDA:0,(anonymous_2)
FNDA:0,(anonymous_3)
FNDA:0,(anonymous_4)
FNDA:0,(anonymous_5)
FNDA:0,(anonymous_6)
FNDA:0,(anonymous_7)
FNDA:0,(anonymous_8)
FNDA:0,(anonymous_9)
FNDA:0,(anonymous_10)
FNDA:0,(anonymous_11)
FNDA:0,(anonymous_12)
FNDA:0,(anonymous_13)
FNDA:0,(anonymous_14)
FNDA:0,(anonymous_15)
FNDA:0,(anonymous_16)
FNDA:0,(anonymous_17)
FNDA:0,(anonymous_18)
FNDA:0,(anonymous_19)
FNDA:0,(anonymous_20)
FNDA:0,(anonymous_21)
FNDA:0,(anonymous_22)
FNDA:0,(anonymous_23)
FNDA:0,(anonymous_24)
FNDA:0,(anonymous_25)
FNDA:0,(anonymous_26)
FNDA:0,(anonymous_27)
FNDA:0,(anonymous_28)
FNDA:0,(anonymous_29)
FNDA:0,(anonymous_30)
FNDA:0,(anonymous_31)
FNDA:0,(anonymous_32)
FNDA:0,(anonymous_33)
DA:3,1
DA:4,1
DA:5,1
DA:7,1
DA:8,1
DA:10,1
DA:12,1
DA:20,0
DA:23,0
DA:24,0
DA:25,0
DA:26,0
DA:28,0
DA:29,0
DA:30,0
DA:31,0
DA:35,0
DA:38,0
DA:41,0
DA:42,0
DA:43,0
DA:47,0
DA:48,0
DA:49,0
DA:50,0
DA:51,0
DA:52,0
DA:53,0
DA:55,0
DA:57,0
DA:62,0
DA:63,0
DA:64,0
DA:67,0
DA:72,0
DA:73,0
DA:76,0
DA:77,0
DA:78,0
DA:79,0
DA:85,0
DA:86,0
DA:88,0
DA:92,0
DA:94,0
DA:96,0
DA:97,0
DA:101,0
DA:102,0
DA:103,0
DA:104,0
DA:105,0
DA:106,0
DA:108,0
DA:109,0
DA:112,0
DA:115,0
DA:116,0
DA:117,0
DA:118,0
DA:121,0
DA:122,0
DA:125,0
DA:133,0
DA:134,0
DA:137,0
DA:141,0
DA:144,0
DA:148,0
DA:149,0
DA:152,0
DA:153,0
DA:154,0
DA:158,0
DA:159,0
DA:165,0
DA:166,0
DA:168,0
DA:171,0
DA:172,0
DA:174,0
DA:177,0
DA:179,0
DA:180,0
DA:181,0
DA:183,0
DA:186,0
DA:187,0
DA:189,0
DA:194,0
DA:197,0
DA:198,0
DA:200,0
DA:205,0
DA:206,0
DA:207,0
DA:208,0
DA:209,0
DA:210,0
DA:213,0
DA:214,0
DA:216,0
DA:217,0
DA:218,0
DA:219,0
DA:220,0
DA:224,0
DA:225,0
DA:227,0
DA:228,0
DA:229,0
DA:230,0
DA:231,0
DA:232,0
DA:236,0
DA:237,0
DA:239,0
DA:240,0
DA:241,0
DA:242,0
DA:243,0
DA:244,0
DA:248,0
DA:249,0
DA:251,0
DA:252,0
DA:253,0
DA:254,0
DA:255,0
DA:256,0
DA:260,0
DA:261,0
DA:263,0
DA:264,0
DA:265,0
DA:266,0
DA:267,0
DA:268,0
DA:273,0
DA:278,0
DA:286,0
DA:287,0
DA:288,0
DA:292,0
DA:294,0
DA:296,0
DA:297,0
DA:298,0
DA:299,0
DA:302,0
DA:307,0
DA:308,0
DA:309,0
DA:310,0
DA:314,0
DA:316,0
DA:317,0
DA:321,0
DA:322,0
DA:323,0
DA:327,0
DA:328,0
DA:331,0
DA:332,0
DA:334,0
DA:338,0
DA:339,0
DA:341,0
DA:343,0
DA:349,0
DA:350,0
DA:351,0
DA:365,0
DA:367,0
LF:174
LH:7
BRDA:19,0,0,0
BRDA:23,1,0,0
BRDA:23,1,1,0
BRDA:23,2,0,0
BRDA:23,2,1,0
BRDA:23,2,2,0
BRDA:25,3,0,0
BRDA:25,3,1,0
BRDA:28,4,0,0
BRDA:28,4,1,0
BRDA:30,5,0,0
BRDA:30,5,1,0
BRDA:55,6,0,0
BRDA:55,6,1,0
BRDA:62,7,0,0
BRDA:62,7,1,0
BRDA:63,8,0,0
BRDA:63,8,1,0
BRDA:78,9,0,0
BRDA:78,9,1,0
BRDA:94,10,0,0
BRDA:94,10,1,0
BRDA:102,11,0,0
BRDA:102,11,1,0
BRDA:102,12,0,0
BRDA:102,12,1,0
BRDA:102,12,2,0
BRDA:105,13,0,0
BRDA:105,13,1,0
BRDA:105,14,0,0
BRDA:105,14,1,0
BRDA:106,15,0,0
BRDA:106,15,1,0
BRDA:108,16,0,0
BRDA:108,16,1,0
BRDA:117,17,0,0
BRDA:117,17,1,0
BRDA:121,18,0,0
BRDA:121,18,1,0
BRDA:133,19,0,0
BRDA:133,19,1,0
BRDA:171,20,0,0
BRDA:171,20,1,0
BRDA:171,21,0,0
BRDA:171,21,1,0
BRDA:171,21,2,0
BRDA:174,22,0,0
BRDA:174,22,1,0
BRDA:174,23,0,0
BRDA:174,23,1,0
BRDA:174,23,2,0
BRDA:177,24,0,0
BRDA:177,24,1,0
BRDA:177,25,0,0
BRDA:177,25,1,0
BRDA:180,26,0,0
BRDA:180,26,1,0
BRDA:181,27,0,0
BRDA:181,27,1,0
BRDA:186,28,0,0
BRDA:186,28,1,0
BRDA:189,29,0,0
BRDA:189,29,1,0
BRDA:189,30,0,0
BRDA:189,30,1,0
BRDA:189,30,2,0
BRDA:205,31,0,0
BRDA:205,31,1,0
BRDA:213,32,0,0
BRDA:213,32,1,0
BRDA:216,33,0,0
BRDA:216,33,1,0
BRDA:216,34,0,0
BRDA:216,34,1,0
BRDA:224,35,0,0
BRDA:224,35,1,0
BRDA:227,36,0,0
BRDA:227,36,1,0
BRDA:227,37,0,0
BRDA:227,37,1,0
BRDA:227,37,2,0
BRDA:236,38,0,0
BRDA:236,38,1,0
BRDA:239,39,0,0
BRDA:239,39,1,0
BRDA:239,40,0,0
BRDA:239,40,1,0
BRDA:239,40,2,0
BRDA:248,41,0,0
BRDA:248,41,1,0
BRDA:251,42,0,0
BRDA:251,42,1,0
BRDA:251,43,0,0
BRDA:251,43,1,0
BRDA:251,43,2,0
BRDA:260,44,0,0
BRDA:260,44,1,0
BRDA:263,45,0,0
BRDA:263,45,1,0
BRDA:263,46,0,0
BRDA:263,46,1,0
BRDA:263,46,2,0
BRDA:296,47,0,0
BRDA:296,47,1,0
BRDA:297,48,0,0
BRDA:297,48,1,0
BRDA:308,49,0,0
BRDA:308,49,1,0
BRDA:310,50,0,0
BRDA:310,50,1,0
BRDA:310,50,2,0
BRDA:314,51,0,0
BRDA:314,51,1,0
BRDA:314,52,0,0
BRDA:314,52,1,0
BRDA:327,53,0,0
BRDA:327,53,1,0
BRDA:331,54,0,0
BRDA:331,54,1,0
BRDA:331,55,0,0
BRDA:331,55,1,0
BRDA:331,55,2,0
BRDA:338,56,0,0
BRDA:338,56,1,0
BRDA:338,57,0,0
BRDA:338,57,1,0
BRDA:338,57,2,0
BRF:127
BRH:0
end_of_record
TN:
SF:C:\SCP\src\scpx-app\ext\wallet\actions\wallet.js
FN:28,(anonymous_0)
FN:42,(anonymous_1)
FN:45,(anonymous_2)
FN:46,(anonymous_3)
FN:51,(anonymous_4)
FN:52,(anonymous_5)
FN:57,(anonymous_6)
FN:62,(anonymous_7)
FN:65,(anonymous_8)
FN:70,(anonymous_9)
FN:71,(anonymous_10)
FN:77,(anonymous_11)
FN:80,(anonymous_12)
FN:81,(anonymous_13)
FN:101,(anonymous_14)
FN:143,(anonymous_15)
FN:154,(anonymous_16)
FN:160,(anonymous_17)
FN:175,(anonymous_18)
FN:192,(anonymous_19)
FN:202,(anonymous_20)
FN:225,(anonymous_21)
FN:225,(anonymous_22)
FN:226,(anonymous_23)
FN:226,(anonymous_24)
FN:227,(anonymous_25)
FN:227,(anonymous_26)
FN:236,(anonymous_27)
FN:237,(anonymous_28)
FN:237,(anonymous_29)
FN:238,(anonymous_30)
FN:238,(anonymous_31)
FN:243,(anonymous_32)
FN:261,(anonymous_33)
FN:271,(anonymous_34)
FN:342,(anonymous_35)
FN:389,(anonymous_36)
FN:413,(anonymous_37)
FN:423,(anonymous_38)
FN:423,(anonymous_39)
FN:426,(anonymous_40)
FN:434,(anonymous_41)
FN:439,(anonymous_42)
FN:446,(anonymous_43)
FN:453,(anonymous_44)
FN:471,(anonymous_45)
FN:472,(anonymous_46)
FN:472,(anonymous_47)
FN:475,(anonymous_48)
FN:495,(anonymous_49)
FN:521,(anonymous_50)
FN:529,(anonymous_51)
FN:532,(anonymous_52)
FN:551,(anonymous_53)
FN:557,(anonymous_54)
FN:561,(anonymous_55)
FN:573,(anonymous_56)
FN:577,(anonymous_57)
FN:589,(anonymous_58)
FN:596,(anonymous_59)
FN:603,(anonymous_60)
FN:612,generateWalletAccount
FN:674,displayableWalletAssets
FN:694,newWalletAddressFromPrivKey
FN:713,getAddressFromPrivateKey
FN:727,getUtxoNetwork
FN:759,generateEthereumWallet
FN:782,getAccountTypeAddress
FN:808,generateUtxoBip44Wifs
FN:836,getUtxoTypeAddressFromWif
FNF:70
FNH:0
FNDA:0,(anonymous_0)
FNDA:0,(anonymous_1)
FNDA:0,(anonymous_2)
FNDA:0,(anonymous_3)
FNDA:0,(anonymous_4)
FNDA:0,(anonymous_5)
FNDA:0,(anonymous_6)
FNDA:0,(anonymous_7)
FNDA:0,(anonymous_8)
FNDA:0,(anonymous_9)
FNDA:0,(anonymous_10)
FNDA:0,(anonymous_11)
FNDA:0,(anonymous_12)
FNDA:0,(anonymous_13)
FNDA:0,(anonymous_14)
FNDA:0,(anonymous_15)
FNDA:0,(anonymous_16)
FNDA:0,(anonymous_17)
FNDA:0,(anonymous_18)
FNDA:0,(anonymous_19)
FNDA:0,(anonymous_20)
FNDA:0,(anonymous_21)
FNDA:0,(anonymous_22)
FNDA:0,(anonymous_23)
FNDA:0,(anonymous_24)
FNDA:0,(anonymous_25)
FNDA:0,(anonymous_26)
FNDA:0,(anonymous_27)
FNDA:0,(anonymous_28)
FNDA:0,(anonymous_29)
FNDA:0,(anonymous_30)
FNDA:0,(anonymous_31)
FNDA:0,(anonymous_32)
FNDA:0,(anonymous_33)
FNDA:0,(anonymous_34)
FNDA:0,(anonymous_35)
FNDA:0,(anonymous_36)
FNDA:0,(anonymous_37)
FNDA:0,(anonymous_38)
FNDA:0,(anonymous_39)
FNDA:0,(anonymous_40)
FNDA:0,(anonymous_41)
FNDA:0,(anonymous_42)
FNDA:0,(anonymous_43)
FNDA:0,(anonymous_44)
FNDA:0,(anonymous_45)
FNDA:0,(anonymous_46)
FNDA:0,(anonymous_47)
FNDA:0,(anonymous_48)
FNDA:0,(anonymous_49)
FNDA:0,(anonymous_50)
FNDA:0,(anonymous_51)
FNDA:0,(anonymous_52)
FNDA:0,(anonymous_53)
FNDA:0,(anonymous_54)
FNDA:0,(anonymous_55)
FNDA:0,(anonymous_56)
FNDA:0,(anonymous_57)
FNDA:0,(anonymous_58)
FNDA:0,(anonymous_59)
FNDA:0,(anonymous_60)
FNDA:0,generateWalletAccount
FNDA:0,displayableWalletAssets
FNDA:0,newWalletAddressFromPrivKey
FNDA:0,getAddressFromPrivateKey
FNDA:0,getUtxoNetwork
FNDA:0,generateEthereumWallet
FNDA:0,getAccountTypeAddress
FNDA:0,generateUtxoBip44Wifs
FNDA:0,getUtxoTypeAddressFromWif
DA:1,1
DA:2,1
DA:3,1
DA:5,1
DA:7,1
DA:8,1
DA:9,1
DA:10,1
DA:12,1
DA:13,1
DA:15,1
DA:16,1
DA:17,1
DA:19,1
DA:21,1
DA:23,1
DA:30,0
DA:31,0
DA:32,0
DA:33,0
DA:34,0
DA:35,0
DA:37,0
DA:39,0
DA:40,0
DA:42,0
DA:45,0
DA:46,0
DA:47,0
DA:51,0
DA:52,0
DA:53,0
DA:57,0
DA:58,0
DA:62,0
DA:63,0
DA:64,0
DA:65,0
DA:66,0
DA:67,0
DA:70,0
DA:71,0
DA:72,0
DA:74,0
DA:77,0
DA:78,0
DA:79,0
DA:80,0
DA:81,0
DA:83,0
DA:84,0
DA:85,0
DA:88,0
DA:102,0
DA:105,0
DA:106,0
DA:107,0
DA:108,0
DA:109,0
DA:110,0
DA:111,0
DA:114,0
DA:115,0
DA:118,0
DA:119,0
DA:120,0
DA:121,0
DA:124,0
DA:125,0
DA:129,0
DA:130,0
DA:131,0
DA:135,0
DA:136,0
DA:137,0
DA:138,0
DA:139,0
DA:143,0
DA:144,0
DA:148,0
DA:149,0
DA:150,0
DA:153,0
DA:154,0
DA:155,0
DA:156,0
DA:157,0
DA:160,0
DA:165,0
DA:166,0
DA:167,0
DA:169,0
DA:171,0
DA:174,0
DA:176,0
DA:178,0
DA:181,0
DA:182,0
DA:185,0
DA:189,0
DA:190,0
DA:193,0
DA:194,0
DA:195,0
DA:203,0
DA:206,0
DA:207,0
DA:208,0
DA:209,0
DA:210,0
DA:211,0
DA:212,0
DA:215,0
DA:216,0
DA:219,0
DA:220,0
DA:221,0
DA:222,0
DA:225,0
DA:226,0
DA:227,0
DA:230,0
DA:231,0
DA:232,0
DA:235,0
DA:236,0
DA:237,0
DA:238,0
DA:239,0
DA:242,0
DA:245,0
DA:247,0
DA:250,0
DA:251,0
DA:254,0
DA:258,0
DA:259,0
DA:262,0
DA:263,0
DA:264,0
DA:274,0
DA:277,0
DA:278,0
DA:279,0
DA:280,0
DA:282,0
DA:283,0
DA:284,0
DA:285,0
DA:288,0
DA:290,0
DA:293,0
DA:294,0
DA:297,0
DA:298,0
DA:299,0
DA:300,0
DA:301,0
DA:305,0
DA:307,0
DA:312,0
DA:315,0
DA:316,0
DA:317,0
DA:322,0
DA:325,0
DA:327,0
DA:329,0
DA:330,0
DA:331,0
DA:334,0
DA:335,0
DA:338,0
DA:341,0
DA:342,0
DA:344,0
DA:353,0
DA:354,0
DA:356,0
DA:357,0
DA:358,0
DA:361,0
DA:362,0
DA:365,0
DA:373,0
DA:374,0
DA:375,0
DA:379,0
DA:380,0
DA:391,0
DA:392,0
DA:393,0
DA:398,0
DA:399,0
DA:400,0
DA:401,0
DA:403,0
DA:405,0
DA:409,0
DA:410,0
DA:411,0
DA:413,0
DA:417,0
DA:419,0
DA:422,0
DA:423,0
DA:424,0
DA:425,0
DA:426,0
DA:427,0
DA:432,0
DA:433,0
DA:434,0
DA:439,0
DA:444,0
DA:445,0
DA:446,0
DA:447,0
DA:448,0
DA:449,0
DA:450,0
DA:451,0
DA:453,0
DA:464,0
DA:469,0
DA:470,0
DA:471,0
DA:472,0
DA:474,0
DA:475,0
DA:476,0
DA:477,0
DA:478,0
DA:479,0
DA:480,0
DA:486,0
DA:493,0
DA:494,0
DA:496,0
DA:497,0
DA:498,0
DA:499,0
DA:501,0
DA:507,0
DA:508,0
DA:509,0
DA:510,0
DA:513,0
DA:514,0
DA:520,0
DA:521,0
DA:522,0
DA:525,0
DA:526,0
DA:531,0
DA:532,0
DA:533,0
DA:534,0
DA:538,0
DA:541,0
DA:543,0
DA:544,0
DA:545,0
DA:553,0
DA:556,0
DA:558,0
DA:559,0
DA:562,0
DA:564,0
DA:567,0
DA:572,0
DA:574,0
DA:575,0
DA:578,0
DA:580,0
DA:582,0
DA:590,0
DA:597,0
DA:604,0
DA:613,0
DA:614,0
DA:616,0
DA:617,0
DA:619,0
DA:620,0
DA:621,0
DA:622,0
DA:623,0
DA:624,0
DA:625,0
DA:626,0
DA:627,0
DA:629,0
DA:633,0
DA:634,0
DA:635,0
DA:639,0
DA:640,0
DA:644,0
DA:647,0
DA:649,0
DA:650,0
DA:652,0
DA:653,0
DA:657,0
DA:658,0
DA:663,0
DA:664,0
DA:668,0
DA:670,0
DA:675,0
DA:676,0
DA:677,0
DA:678,0
DA:679,0
DA:680,0
DA:684,0
DA:688,0
DA:695,0
DA:697,0
DA:702,0
DA:714,0
DA:716,0
DA:717,0
DA:720,0
DA:721,0
DA:724,0
DA:734,0
DA:735,0
DA:736,0
DA:737,0
DA:738,0
DA:739,0
DA:740,0
DA:741,0
DA:742,0
DA:743,0
DA:744,0
DA:746,0
DA:747,0
DA:748,0
DA:749,0
DA:752,0
DA:760,0
DA:762,0
DA:763,0
DA:764,0
DA:765,0
DA:766,0
DA:767,0
DA:768,0
DA:769,0
DA:770,0
DA:771,0
DA:773,0
DA:776,0
DA:777,0
DA:778,0
DA:784,0
DA:785,0
DA:786,0
DA:787,0
DA:790,0
DA:791,0
DA:795,0
DA:799,0
DA:800,0
DA:801,0
DA:809,0
DA:811,0
DA:812,0
DA:813,0
DA:815,0
DA:817,0
DA:818,0
DA:820,0
DA:821,0
DA:822,0
DA:823,0
DA:824,0
DA:827,0
DA:829,0
DA:831,0
DA:833,0
DA:837,0
DA:838,0
DA:840,0
DA:842,0
DA:855,0
DA:856,0
DA:858,0
DA:862,0
DA:863,0
DA:868,0
DA:869,0
DA:870,0
DA:871,0
DA:874,0
DA:878,0
DA:879,0
LF:400
LH:16
BRDA:31,0,0,0
BRDA:31,0,1,0
BRDA:33,1,0,0
BRDA:33,1,1,0
BRDA:35,2,0,0
BRDA:35,2,1,0
BRDA:35,3,0,0
BRDA:35,3,1,0
BRDA:45,4,0,0
BRDA:45,4,1,0
BRDA:51,5,0,0
BRDA:51,5,1,0
BRDA:51,5,2,0
BRDA:64,6,0,0
BRDA:64,6,1,0
BRDA:64,7,0,0
BRDA:64,7,1,0
BRDA:64,7,2,0
BRDA:66,8,0,0
BRDA:66,8,1,0
BRDA:79,9,0,0
BRDA:79,9,1,0
BRDA:79,10,0,0
BRDA:79,10,1,0
BRDA:79,10,2,0
BRDA:81,11,0,0
BRDA:81,11,1,0
BRDA:102,12,0,0
BRDA:102,12,1,0
BRDA:106,13,0,0
BRDA:106,13,1,0
BRDA:107,14,0,0
BRDA:107,14,1,0
BRDA:108,15,0,0
BRDA:108,15,1,0
BRDA:109,16,0,0
BRDA:109,16,1,0
BRDA:110,17,0,0
BRDA:110,17,1,0
BRDA:110,18,0,0
BRDA:110,18,1,0
BRDA:119,19,0,0
BRDA:119,19,1,0
BRDA:119,20,0,0
BRDA:119,20,1,0
BRDA:119,20,2,0
BRDA:124,21,0,0
BRDA:124,21,1,0
BRDA:165,22,0,0
BRDA:165,22,1,0
BRDA:178,23,0,0
BRDA:178,23,1,0
BRDA:203,24,0,0
BRDA:203,24,1,0
BRDA:207,25,0,0
BRDA:207,25,1,0
BRDA:208,26,0,0
BRDA:208,26,1,0
BRDA:209,27,0,0
BRDA:209,27,1,0
BRDA:210,28,0,0
BRDA:210,28,1,0
BRDA:211,29,0,0
BRDA:211,29,1,0
BRDA:211,30,0,0
BRDA:211,30,1,0
BRDA:220,31,0,0
BRDA:220,31,1,0
BRDA:220,32,0,0
BRDA:220,32,1,0
BRDA:220,32,2,0
BRDA:247,33,0,0
BRDA:247,33,1,0
BRDA:277,34,0,0
BRDA:277,34,1,0
BRDA:278,35,0,0
BRDA:278,35,1,0
BRDA:279,36,0,0
BRDA:279,36,1,0
BRDA:280,37,0,0
BRDA:280,37,1,0
BRDA:283,38,0,0
BRDA:283,38,1,0
BRDA:283,39,0,0
BRDA:283,39,1,0
BRDA:283,39,2,0
BRDA:283,39,3,0
BRDA:298,40,0,0
BRDA:298,40,1,0
BRDA:298,41,0,0
BRDA:298,41,1,0
BRDA:298,41,2,0
BRDA:305,42,0,0
BRDA:305,42,1,0
BRDA:309,43,0,0
BRDA:309,43,1,0
BRDA:309,44,0,0
BRDA:309,44,1,0
BRDA:315,45,0,0
BRDA:315,45,1,0
BRDA:316,46,0,0
BRDA:316,46,1,0
BRDA:325,47,0,0
BRDA:325,47,1,0
BRDA:334,48,0,0
BRDA:334,48,1,0
BRDA:334,49,0,0
BRDA:334,49,1,0
BRDA:356,50,0,0
BRDA:356,50,1,0
BRDA:392,51,0,0
BRDA:392,51,1,0
BRDA:393,52,0,0
BRDA:393,52,1,0
BRDA:398,53,0,0
BRDA:398,53,1,0
BRDA:398,54,0,0
BRDA:398,54,1,0
BRDA:398,54,2,0
BRDA:400,55,0,0
BRDA:400,55,1,0
BRDA:400,56,0,0
BRDA:400,56,1,0
BRDA:411,57,0,0
BRDA:411,57,1,0
BRDA:417,58,0,0
BRDA:417,58,1,0
BRDA:424,59,0,0
BRDA:424,59,1,0
BRDA:432,60,0,0
BRDA:432,60,1,0
BRDA:448,61,0,0
BRDA:448,61,1,0
BRDA:448,62,0,0
BRDA:448,62,1,0
BRDA:478,63,0,0
BRDA:478,63,1,0
BRDA:493,64,0,0
BRDA:493,64,1,0
BRDA:493,65,0,0
BRDA:493,65,1,0
BRDA:499,66,0,0
BRDA:499,66,1,0
BRDA:499,66,2,0
BRDA:501,67,0,0
BRDA:501,67,1,0
BRDA:553,68,0,0
BRDA:553,68,1,0
BRDA:553,68,2,0
BRDA:616,69,0,0
BRDA:616,69,1,0
BRDA:616,69,2,0
BRDA:616,69,3,0
BRDA:616,69,4,0
BRDA:616,69,5,0
BRDA:616,69,6,0
BRDA:616,69,7,0
BRDA:616,69,8,0
BRDA:616,69,9,0
BRDA:616,69,10,0
BRDA:616,69,11,0
BRDA:616,69,12,0
BRDA:633,70,0,0
BRDA:633,70,1,0
BRDA:639,71,0,0
BRDA:639,71,1,0
BRDA:640,72,0,0
BRDA:640,72,1,0
BRDA:647,73,0,0
BRDA:647,73,1,0
BRDA:650,74,0,0
BRDA:650,74,1,0
BRDA:676,75,0,0
BRDA:676,75,1,0
BRDA:678,76,0,0
BRDA:678,76,1,0
BRDA:679,77,0,0
BRDA:679,77,1,0
BRDA:697,78,0,0
BRDA:697,78,1,0
BRDA:716,79,0,0
BRDA:716,79,1,0
BRDA:720,80,0,0
BRDA:720,80,1,0
BRDA:735,81,0,0
BRDA:735,81,1,0
BRDA:735,81,2,0
BRDA:735,81,3,0
BRDA:735,81,4,0
BRDA:735,81,5,0
BRDA:735,81,6,0
BRDA:735,81,7,0
BRDA:735,81,8,0
BRDA:735,81,9,0
BRDA:735,81,10,0
BRDA:760,82,0,0
BRDA:760,83,0,0
BRDA:785,84,0,0
BRDA:785,84,1,0
BRDA:786,85,0,0
BRDA:786,85,1,0
BRDA:786,86,0,0
BRDA:786,86,1,0
BRDA:809,87,0,0
BRDA:809,88,0,0
BRDA:813,89,0,0
BRDA:813,89,1,0
BRDA:842,90,0,0
BRDA:842,90,1,0
BRDA:842,91,0,0
BRDA:842,91,1,0
BRDA:842,91,2,0
BRDA:858,92,0,0
BRDA:858,92,1,0
BRDA:869,93,0,0
BRDA:869,93,1,0
BRDA:870,94,0,0
BRDA:870,94,1,0
BRF:218
BRH:0
end_of_record
TN:
SF:C:\SCP\src\scpx-app\ext\wallet\api\api.js
FNF:0
FNH:0
DA:3,1
DA:4,1
DA:6,1
DA:8,1
DA:9,1
DA:11,1
LF:6
LH:6
BRF:0
BRH:0
end_of_record
TN:
SF:C:\SCP\src\scpx-app\ext\wallet\api\wallet.js
FN:8,(anonymous_0)
FN:14,(anonymous_1)
FN:24,(anonymous_2)
FNF:3
FNH:0
FNDA:0,(anonymous_0)
FNDA:0,(anonymous_1)
FNDA:0,(anonymous_2)
DA:3,1
DA:4,1
DA:6,1
DA:9,0
DA:11,0
DA:13,0
DA:15,0
DA:17,0
DA:21,0
DA:25,0
DA:26,0
LF:11
LH:3
BRDA:17,0,0,0
BRDA:17,0,1,0
BRDA:17,1,0,0
BRDA:17,1,1,0
BRDA:25,2,0,0
BRDA:25,2,1,0
BRDA:25,3,0,0
BRDA:25,3,1,0
BRF:8
BRH:0
end_of_record
TN:
SF:C:\SCP\src\scpx-app\ext\wallet\config\erc20ABI.js
FNF:0
FNH:0
DA:2,1
LF:1
LH:1
BRF:0
BRH:0
end_of_record
TN:
SF:C:\SCP\src\scpx-app\ext\wallet\config\wallet-external.js
FN:46,eth_AddrExplorer
FN:50,erc20_AddrExplorer
FN:53,eth_TxExplorer
FN:110,(anonymous_3)
FN:111,(anonymous_4)
FN:113,(anonymous_5)
FN:131,(anonymous_6)
FN:132,(anonymous_7)
FN:134,(anonymous_8)
FN:139,(anonymous_9)
FN:140,(anonymous_10)
FN:142,(anonymous_11)
FN:147,(anonymous_12)
FN:148,(anonymous_13)
FN:150,(anonymous_14)
FN:155,(anonymous_15)
FN:156,(anonymous_16)
FN:158,(anonymous_17)
FN:163,(anonymous_18)
FN:164,(anonymous_19)
FN:166,(anonymous_20)
FN:171,(anonymous_21)
FN:172,(anonymous_22)
FN:174,(anonymous_23)
FN:180,(anonymous_24)
FN:181,(anonymous_25)
FN:183,(anonymous_26)
FN:184,(anonymous_27)
FN:186,(anonymous_28)
FN:187,(anonymous_29)
FN:188,(anonymous_30)
FN:190,(anonymous_31)
FN:191,(anonymous_32)
FN:193,(anonymous_33)
FN:194,(anonymous_34)
FN:195,(anonymous_35)
FN:202,(anonymous_36)
FN:203,(anonymous_37)
FN:206,(anonymous_38)
FN:224,(anonymous_39)
FN:225,(anonymous_40)
FN:230,(anonymous_41)
FN:249,(anonymous_42)
FN:250,(anonymous_43)
FN:252,(anonymous_44)
FN:260,(anonymous_45)
FN:261,(anonymous_46)
FN:271,(anonymous_47)
FN:272,(anonymous_48)
FN:285,(anonymous_49)
FN:286,(anonymous_50)
FN:298,(anonymous_51)
FN:299,(anonymous_52)
FN:305,(anonymous_53)
FN:306,(anonymous_54)
FN:312,(anonymous_55)
FN:313,(anonymous_56)
FN:319,(anonymous_57)
FN:320,(anonymous_58)
FN:327,(anonymous_59)
FN:328,(anonymous_60)
FN:334,(anonymous_61)
FN:335,(anonymous_62)
FN:341,(anonymous_63)
FN:342,(anonymous_64)
FN:348,(anonymous_65)
FN:349,(anonymous_66)
FN:382,(anonymous_67)
FN:383,(anonymous_68)
FN:389,(anonymous_69)
FN:390,(anonymous_70)
FN:397,(anonymous_71)
FN:398,(anonymous_72)
FN:404,(anonymous_73)
FN:405,(anonymous_74)
FN:411,(anonymous_75)
FN:412,(anonymous_76)
FN:418,(anonymous_77)
FN:419,(anonymous_78)
FN:425,(anonymous_79)
FN:426,(anonymous_80)
FNF:81
FNH:0
FNDA:0,eth_AddrExplorer
FNDA:0,erc20_AddrExplorer
FNDA:0,eth_TxExplorer
FNDA:0,(anonymous_3)
FNDA:0,(anonymous_4)
FNDA:0,(anonymous_5)
FNDA:0,(anonymous_6)
FNDA:0,(anonymous_7)
FNDA:0,(anonymous_8)
FNDA:0,(anonymous_9)
FNDA:0,(anonymous_10)
FNDA:0,(anonymous_11)
FNDA:0,(anonymous_12)
FNDA:0,(anonymous_13)
FNDA:0,(anonymous_14)
FNDA:0,(anonymous_15)
FNDA:0,(anonymous_16)
FNDA:0,(anonymous_17)
FNDA:0,(anonymous_18)
FNDA:0,(anonymous_19)
FNDA:0,(anonymous_20)
FNDA:0,(anonymous_21)
FNDA:0,(anonymous_22)
FNDA:0,(anonymous_23)
FNDA:0,(anonymous_24)
FNDA:0,(anonymous_25)
FNDA:0,(anonymous_26)
FNDA:0,(anonymous_27)
FNDA:0,(anonymous_28)
FNDA:0,(anonymous_29)
FNDA:0,(anonymous_30)
FNDA:0,(anonymous_31)
FNDA:0,(anonymous_32)
FNDA:0,(anonymous_33)
FNDA:0,(anonymous_34)
FNDA:0,(anonymous_35)
FNDA:0,(anonymous_36)
FNDA:0,(anonymous_37)
FNDA:0,(anonymous_38)
FNDA:0,(anonymous_39)
FNDA:0,(anonymous_40)
FNDA:0,(anonymous_41)
FNDA:0,(anonymous_42)
FNDA:0,(anonymous_43)
FNDA:0,(anonymous_44)
FNDA:0,(anonymous_45)
FNDA:0,(anonymous_46)
FNDA:0,(anonymous_47)
FNDA:0,(anonymous_48)
FNDA:0,(anonymous_49)
FNDA:0,(anonymous_50)
FNDA:0,(anonymous_51)
FNDA:0,(anonymous_52)
FNDA:0,(anonymous_53)
FNDA:0,(anonymous_54)
FNDA:0,(anonymous_55)
FNDA:0,(anonymous_56)
FNDA:0,(anonymous_57)
FNDA:0,(anonymous_58)
FNDA:0,(anonymous_59)
FNDA:0,(anonymous_60)
FNDA:0,(anonymous_61)
FNDA:0,(anonymous_62)
FNDA:0,(anonymous_63)
FNDA:0,(anonymous_64)
FNDA:0,(anonymous_65)
FNDA:0,(anonymous_66)
FNDA:0,(anonymous_67)
FNDA:0,(anonymous_68)
FNDA:0,(anonymous_69)
FNDA:0,(anonymous_70)
FNDA:0,(anonymous_71)
FNDA:0,(anonymous_72)
FNDA:0,(anonymous_73)
FNDA:0,(anonymous_74)
FNDA:0,(anonymous_75)
FNDA:0,(anonymous_76)
FNDA:0,(anonymous_77)
FNDA:0,(anonymous_78)
FNDA:0,(anonymous_79)
FNDA:0,(anonymous_80)
DA:6,1
DA:7,1
DA:9,1
DA:11,1
DA:13,1
DA:14,1
DA:19,1
DA:20,1
DA:48,0
DA:51,0
DA:55,0
DA:58,1
DA:110,0
DA:111,0
DA:113,0
DA:131,0
DA:132,0
DA:134,0
DA:139,0
DA:140,0
DA:142,0
DA:147,0
DA:148,0
DA:150,0
DA:155,0
DA:156,0
DA:158,0
DA:163,0
DA:164,0
DA:166,0
DA:171,0
DA:172,0
DA:174,0
DA:180,0
DA:181,0
DA:183,0
DA:184,0
DA:186,0
DA:187,0
DA:188,0
DA:190,0
DA:191,0
DA:193,0
DA:194,0
DA:195,0
DA:202,0
DA:203,0
DA:206,0
DA:224,0
DA:225,0
DA:230,0
DA:249,0
DA:250,0
DA:253,0
DA:260,0
DA:261,0
DA:271,0
DA:272,0
DA:285,0
DA:286,0
DA:298,0
DA:299,0
DA:305,0
DA:306,0
DA:312,0
DA:313,0
DA:319,0
DA:320,0
DA:327,0
DA:328,0
DA:334,0
DA:335,0
DA:341,0
DA:342,0
DA:348,0
DA:349,0
DA:382,0
DA:383,0
DA:389,0
DA:390,0
DA:397,0
DA:398,0
DA:404,0
DA:405,0
DA:411,0
DA:412,0
DA:418,0
DA:419,0
DA:425,0
DA:426,0
LF:90
LH:9
BRF:0
BRH:0
end_of_record
TN:
SF:C:\SCP\src\scpx-app\ext\wallet\config\wallet.js
FN:650,(anonymous_0)
FN:680,(anonymous_1)
FN:709,(anonymous_2)
FN:711,(anonymous_3)
FN:725,(anonymous_4)
FN:726,(anonymous_5)
FNF:6
FNH:0
FNDA:0,(anonymous_0)
FNDA:0,(anonymous_1)
FNDA:0,(anonymous_2)
FNDA:0,(anonymous_3)
FNDA:0,(anonymous_4)
FNDA:0,(anonymous_5)
DA:3,1
DA:4,1
DA:7,1
DA:8,1
DA:9,1
DA:12,1
DA:13,1
DA:16,1
DA:17,1
DA:18,1
DA:19,1
DA:20,1
DA:21,1
DA:22,1
DA:23,1
DA:24,1
DA:25,1
DA:28,1
DA:29,1
DA:30,1
DA:33,1
DA:34,1
DA:35,1
DA:36,1
DA:39,1
DA:42,1
DA:43,1
DA:74,1
DA:612,1
DA:650,0
DA:681,0
DA:700,0
DA:701,0
DA:703,0
DA:704,0
DA:706,0
DA:711,0
DA:712,0
DA:713,0
DA:715,0
DA:725,0
DA:726,0
LF:42
LH:29
BRDA:9,0,0,1
BRDA:9,0,1,0
BRDA:700,1,0,0
BRDA:700,1,1,0
BRDA:703,2,0,0
BRDA:703,2,1,0
BRDA:712,3,0,0
BRDA:712,3,1,0
BRF:8
BRH:1
end_of_record
TN:
SF:C:\SCP\src\scpx-app\ext\wallet\reducers\prices.js
FN:41,(anonymous_0)
FN:44,(anonymous_1)
FN:49,(anonymous_2)
FN:52,(anonymous_3)
FN:55,(anonymous_4)
FN:58,(anonymous_5)
FN:61,(anonymous_6)
FN:64,(anonymous_7)
FN:67,(anonymous_8)
FN:70,(anonymous_9)
FN:75,(anonymous_10)
FN:80,(anonymous_11)
FN:83,(anonymous_12)
FN:86,(anonymous_13)
FN:89,(anonymous_14)
FN:92,(anonymous_15)
FN:96,(anonymous_16)
FN:99,(anonymous_17)
FN:102,(anonymous_18)
FN:105,(anonymous_19)
FN:115,(anonymous_20)
FN:118,(anonymous_21)
FN:122,(anonymous_22)
FN:125,(anonymous_23)
FN:128,(anonymous_24)
FN:131,(anonymous_25)
FN:134,(anonymous_26)
FN:139,(anonymous_27)
FN:144,(anonymous_28)
FNF:29
FNH:0
FNDA:0,(anonymous_0)
FNDA:0,(anonymous_1)
FNDA:0,(anonymous_2)
FNDA:0,(anonymous_3)
FNDA:0,(anonymous_4)
FNDA:0,(anonymous_5)
FNDA:0,(anonymous_6)
FNDA:0,(anonymous_7)
FNDA:0,(anonymous_8)
FNDA:0,(anonymous_9)
FNDA:0,(anonymous_10)
FNDA:0,(anonymous_11)
FNDA:0,(anonymous_12)
FNDA:0,(anonymous_13)
FNDA:0,(anonymous_14)
FNDA:0,(anonymous_15)
FNDA:0,(anonymous_16)
FNDA:0,(anonymous_17)
FNDA:0,(anonymous_18)
FNDA:0,(anonymous_19)
FNDA:0,(anonymous_20)
FNDA:0,(anonymous_21)
FNDA:0,(anonymous_22)
FNDA:0,(anonymous_23)
FNDA:0,(anonymous_24)
FNDA:0,(anonymous_25)
FNDA:0,(anonymous_26)
FNDA:0,(anonymous_27)
FNDA:0,(anonymous_28)
DA:23,1
DA:25,1
DA:27,1
DA:40,1
DA:42,0
DA:45,0
DA:50,0
DA:53,0
DA:56,0
DA:59,0
DA:62,0
DA:65,0
DA:68,0
DA:71,0
DA:76,0
DA:81,0
DA:84,0
DA:87,0
DA:90,0
DA:93,0
DA:97,0
DA:100,0
DA:103,0
DA:106,0
DA:116,0
DA:119,0
DA:123,0
DA:126,0
DA:129,0
DA:132,0
DA:135,0
DA:140,0
DA:145,0
DA:150,1
LF:34
LH:5
BRF:0
BRH:0
end_of_record
TN:
SF:C:\SCP\src\scpx-app\ext\wallet\reducers\root.js
FN:15,(anonymous_0)
FNF:1
FNH:1
FNDA:2,(anonymous_0)
DA:2,1
DA:4,1
DA:5,1
DA:6,1
DA:8,1
DA:15,1
DA:16,2
LF:7
LH:7
BRF:0
BRH:0
end_of_record
TN:
SF:C:\SCP\src\scpx-app\ext\wallet\reducers\sync-info.js
FN:13,(anonymous_0)
FNF:1
FNH:0
FNDA:0,(anonymous_0)
DA:3,1
DA:5,1
DA:6,1
DA:9,1
DA:11,1
DA:16,0
DA:18,0
DA:20,0
DA:26,1
LF:9
LH:6
BRF:0
BRH:0
end_of_record
TN:
SF:C:\SCP\src\scpx-app\ext\wallet\reducers\utils.js
FN:4,(anonymous_0)
FN:5,(anonymous_1)
FNF:2
FNH:2
FNDA:3,(anonymous_0)
FNDA:12,(anonymous_1)
DA:3,1
DA:5,3
DA:6,12
DA:7,12
DA:8,0
LF:5
LH:4
BRDA:5,0,0,9
BRDA:7,1,0,12
BRDA:7,1,1,0
BRF:3
BRH:2
end_of_record
TN:
SF:C:\SCP\src\scpx-app\ext\wallet\reducers\wallet.js
FN:17,SetAddressFull_ReconcileLocalTxs
FN:36,(anonymous_1)
FN:45,(anonymous_2)
FN:45,(anonymous_3)
FN:57,(anonymous_4)
FN:59,(anonymous_5)
FN:59,(anonymous_6)
FN:60,(anonymous_7)
FN:66,(anonymous_8)
FN:66,(anonymous_9)
FN:83,(anonymous_10)
FN:88,(anonymous_11)
FN:93,(anonymous_12)
FN:97,(anonymous_13)
FN:101,(anonymous_14)
FN:108,(anonymous_15)
FN:111,(anonymous_16)
FN:119,(anonymous_17)
FN:144,(anonymous_18)
FN:148,(anonymous_19)
FN:153,(anonymous_20)
FN:162,(anonymous_21)
FN:165,(anonymous_22)
FN:168,(anonymous_23)
FN:168,(anonymous_24)
FN:173,(anonymous_25)
FNF:26
FNH:0
FNDA:0,SetAddressFull_ReconcileLocalTxs
FNDA:0,(anonymous_1)
FNDA:0,(anonymous_2)
FNDA:0,(anonymous_3)
FNDA:0,(anonymous_4)
FNDA:0,(anonymous_5)
FNDA:0,(anonymous_6)
FNDA:0,(anonymous_7)
FNDA:0,(anonymous_8)
FNDA:0,(anonymous_9)
FNDA:0,(anonymous_10)
FNDA:0,(anonymous_11)
FNDA:0,(anonymous_12)
FNDA:0,(anonymous_13)
FNDA:0,(anonymous_14)
FNDA:0,(anonymous_15)
FNDA:0,(anonymous_16)
FNDA:0,(anonymous_17)
FNDA:0,(anonymous_18)
FNDA:0,(anonymous_19)
FNDA:0,(anonymous_20)
FNDA:0,(anonymous_21)
FNDA:0,(anonymous_22)
FNDA:0,(anonymous_23)
FNDA:0,(anonymous_24)
FNDA:0,(anonymous_25)
DA:3,1
DA:5,1
DA:11,1
DA:13,1
DA:15,1
DA:18,0
DA:20,0
DA:23,0
DA:24,0
DA:25,0
DA:28,0
DA:31,0
DA:32,0
DA:33,0
DA:34,0
DA:36,0
DA:38,0
DA:39,0
DA:43,0
DA:45,0
DA:51,0
DA:54,0
DA:55,0
DA:56,0
DA:57,0
DA:58,0
DA:59,0
DA:60,0
DA:62,0
DA:63,0
DA:64,0
DA:66,0
DA:67,0
DA:70,0
DA:76,0
DA:79,0
DA:82,1
DA:84,0
DA:85,0
DA:89,0
DA:90,0
DA:94,0
DA:95,0
DA:97,0
DA:98,0
DA:100,0
DA:101,0
DA:102,0
DA:103,0
DA:104,0
DA:106,0
DA:108,0
DA:109,0
DA:111,0
DA:113,0
DA:115,0
DA:119,0
DA:120,0
DA:121,0
DA:124,0
DA:129,0
DA:130,0
DA:134,0
DA:136,0
DA:142,0
DA:145,0
DA:149,0
DA:150,0
DA:151,0
DA:154,0
DA:163,0
DA:164,0
DA:165,0
DA:168,0
DA:169,0
DA:173,0
DA:174,0
DA:177,0
DA:180,0
DA:181,0
DA:186,1
LF:81
LH:7
BRDA:20,0,0,0
BRDA:20,0,1,0
BRDA:20,1,0,0
BRDA:20,1,1,0
BRDA:20,1,2,0
BRDA:24,2,0,0
BRDA:24,2,1,0
BRDA:34,3,0,0
BRDA:34,3,1,0
BRDA:39,4,0,0
BRDA:39,4,1,0
BRDA:56,5,0,0
BRDA:56,5,1,0
BRDA:62,6,0,0
BRDA:62,6,1,0
BRDA:95,7,0,0
BRDA:95,7,1,0
BRDA:95,8,0,0
BRDA:95,8,1,0
BRDA:109,9,0,0
BRDA:109,9,1,0
BRDA:113,10,0,0
BRDA:113,10,1,0
BRDA:113,11,0,0
BRDA:113,11,1,0
BRDA:120,12,0,0
BRDA:120,12,1,0
BRDA:149,13,0,0
BRDA:149,13,1,0
BRDA:168,14,0,0
BRDA:168,14,1,0
BRDA:173,15,0,0
BRDA:173,15,1,0
BRF:33
BRH:0
end_of_record
TN:
SF:C:\SCP\src\scpx-app\ext\wallet\svr-wallet\sw-create.js
FN:21,(anonymous_0)
FN:26,(anonymous_1)
FN:36,(anonymous_2)
FN:61,(anonymous_3)
FN:63,(anonymous_4)
FN:66,(anonymous_5)
FN:74,(anonymous_6)
FN:76,(anonymous_7)
FN:83,(anonymous_8)
FNF:9
FNH:1
FNDA:1,(anonymous_0)
FNDA:0,(anonymous_1)
FNDA:0,(anonymous_2)
FNDA:0,(anonymous_3)
FNDA:0,(anonymous_4)
FNDA:0,(anonymous_5)
FNDA:0,(anonymous_6)
FNDA:0,(anonymous_7)
FNDA:0,(anonymous_8)
DA:3,1
DA:5,1
DA:6,1
DA:7,1
DA:9,1
DA:10,1
DA:11,1
DA:12,1
DA:13,1
DA:19,1
DA:23,1
DA:25,1
DA:27,0
DA:32,0
DA:37,0
DA:38,0
DA:41,0
DA:42,0
DA:43,0
DA:44,0
DA:45,0
DA:47,0
DA:50,0
DA:53,0
DA:65,0
DA:66,0
DA:69,0
DA:70,0
DA:73,0
DA:74,0
DA:76,0
DA:84,0
LF:32
LH:12
BRDA:43,0,0,0
BRDA:43,0,1,0
BRDA:65,1,0,0
BRDA:65,1,1,0
BRDA:65,2,0,0
BRDA:65,2,1,0
BRDA:69,3,0,0
BRDA:69,3,1,0
BRDA:84,4,0,0
BRDA:84,4,1,0
BRF:10
BRH:0
end_of_record
TN:
SF:C:\SCP\src\scpx-app\ext\wallet\svr-wallet\sw-functions.js
FN:20,(anonymous_0)
FN:23,(anonymous_1)
FN:28,blockbookListener
FN:41,(anonymous_3)
FN:57,(anonymous_4)
FN:66,(anonymous_5)
FN:102,(anonymous_6)
FN:108,(anonymous_7)
FN:109,(anonymous_8)
FN:110,(anonymous_9)
FN:119,(anonymous_10)
FN:120,(anonymous_11)
FN:144,(anonymous_12)
FN:150,(anonymous_13)
FN:158,(anonymous_14)
FN:159,(anonymous_15)
FN:160,(anonymous_16)
FN:176,(anonymous_17)
FN:183,(anonymous_18)
FN:185,(anonymous_19)
FN:186,(anonymous_20)
FNF:21
FNH:0
FNDA:0,(anonymous_0)
FNDA:0,(anonymous_1)
FNDA:0,blockbookListener
FNDA:0,(anonymous_3)
FNDA:0,(anonymous_4)
FNDA:0,(anonymous_5)
FNDA:0,(anonymous_6)
FNDA:0,(anonymous_7)
FNDA:0,(anonymous_8)
FNDA:0,(anonymous_9)
FNDA:0,(anonymous_10)
FNDA:0,(anonymous_11)
FNDA:0,(anonymous_12)
FNDA:0,(anonymous_13)
FNDA:0,(anonymous_14)
FNDA:0,(anonymous_15)
FNDA:0,(anonymous_16)
FNDA:0,(anonymous_17)
FNDA:0,(anonymous_18)
FNDA:0,(anonymous_19)
FNDA:0,(anonymous_20)
DA:3,1
DA:5,1
DA:6,1
DA:7,1
DA:9,1
DA:11,1
DA:17,1
DA:21,0
DA:23,0
DA:25,0
DA:26,0
DA:29,0
DA:30,0
DA:31,0
DA:33,0
DA:34,0
DA:35,0
DA:36,0
DA:38,0
DA:40,0
DA:42,0
DA:46,0
DA:49,0
DA:53,0
DA:55,0
DA:56,0
DA:57,0
DA:58,0
DA:59,0
DA:67,0
DA:68,0
DA:69,0
DA:70,0
DA:74,0
DA:75,0
DA:76,0
DA:80,0
DA:81,0
DA:82,0
DA:83,0
DA:87,0
DA:88,0
DA:89,0
DA:90,0
DA:93,0
DA:94,0
DA:98,0
DA:99,0
DA:102,0
DA:104,0
DA:107,0
DA:108,0
DA:109,0
DA:110,0
DA:111,0
DA:116,0
DA:119,0
DA:120,0
DA:122,0
DA:123,0
DA:124,0
DA:126,0
DA:127,0
DA:128,0
DA:130,0
DA:131,0
DA:134,0
DA:135,0
DA:141,0
DA:142,0
DA:144,0
DA:145,0
DA:151,0
DA:152,0
DA:153,0
DA:154,0
DA:157,0
DA:158,0
DA:159,0
DA:160,0
DA:161,0
DA:163,0
DA:164,0
DA:167,0
DA:183,0
DA:186,0
LF:86
LH:7
BRDA:29,0,0,0
BRDA:29,0,1,0
BRDA:29,1,0,0
BRDA:29,1,1,0
BRDA:29,1,2,0
BRDA:33,2,0,0
BRDA:33,2,1,0
BRDA:35,3,0,0
BRDA:35,3,1,0
BRDA:35,4,0,0
BRDA:35,4,1,0
BRDA:74,5,0,0
BRDA:74,5,1,0
BRDA:74,6,0,0
BRDA:74,6,1,0
BRDA:81,7,0,0
BRDA:81,7,1,0
BRDA:88,8,0,0
BRDA:88,8,1,0
BRDA:126,9,0,0
BRDA:126,9,1,0
BRDA:130,10,0,0
BRDA:130,10,1,0
BRDA:134,11,0,0
BRDA:134,11,1,0
BRDA:134,12,0,0
BRDA:134,12,1,0
BRDA:158,13,0,0
BRDA:158,13,1,0
BRDA:160,14,0,0
BRDA:160,14,1,0
BRDA:186,15,0,0
BRDA:186,15,1,0
BRF:33
BRH:0
end_of_record
TN:
SF:C:\SCP\src\scpx-app\ext\wallet\svr-wallet\sw-persist.js
FN:20,(anonymous_0)
FN:29,(anonymous_1)
FN:30,(anonymous_2)
FN:43,(anonymous_3)
FN:46,(anonymous_4)
FN:47,(anonymous_5)
FN:58,(anonymous_6)
FN:65,(anonymous_7)
FN:66,(anonymous_8)
FN:73,(anonymous_9)
FN:76,(anonymous_10)
FN:77,(anonymous_11)
FN:80,(anonymous_12)
FN:86,(anonymous_13)
FNF:14
FNH:0
FNDA:0,(anonymous_0)
FNDA:0,(anonymous_1)
FNDA:0,(anonymous_2)
FNDA:0,(anonymous_3)
FNDA:0,(anonymous_4)
FNDA:0,(anonymous_5)
FNDA:0,(anonymous_6)
FNDA:0,(anonymous_7)
FNDA:0,(anonymous_8)
FNDA:0,(anonymous_9)
FNDA:0,(anonymous_10)
FNDA:0,(anonymous_11)
FNDA:0,(anonymous_12)
FNDA:0,(anonymous_13)
DA:3,1
DA:5,1
DA:6,1
DA:7,1
DA:9,1
DA:11,1
DA:13,1
DA:19,1
DA:21,0
DA:22,0
DA:23,0
DA:24,0
DA:26,0
DA:29,0
DA:30,0
DA:31,0
DA:32,0
DA:34,0
DA:35,0
DA:36,0
DA:37,0
DA:41,0
DA:42,0
DA:43,0
DA:46,0
DA:47,0
DA:49,0
DA:51,0
DA:52,0
DA:59,0
DA:60,0
DA:61,0
DA:62,0
DA:65,0
DA:66,0
DA:67,0
DA:68,0
DA:71,0
DA:72,0
DA:73,0
DA:76,0
DA:77,0
DA:78,0
DA:80,0
DA:82,0
DA:83,0
DA:85,0
DA:87,0
DA:88,0
LF:49
LH:8
BRDA:29,0,0,0
BRDA:29,0,1,0
BRDA:29,1,0,0
BRDA:29,1,1,0
BRDA:29,1,2,0
BRDA:30,2,0,0
BRDA:30,2,1,0
BRDA:35,3,0,0
BRDA:35,3,1,0
BRDA:43,4,0,0
BRDA:43,4,1,0
BRDA:43,5,0,0
BRDA:43,5,1,0
BRDA:49,6,0,0
BRDA:49,6,1,0
BRDA:65,7,0,0
BRDA:65,7,1,0
BRDA:65,8,0,0
BRDA:65,8,1,0
BRDA:66,9,0,0
BRDA:66,9,1,0
BRDA:73,10,0,0
BRDA:73,10,1,0
BRDA:78,11,0,0
BRDA:78,11,1,0
BRDA:80,12,0,0
BRDA:80,12,1,0
BRDA:80,13,0,0
BRDA:80,13,1,0
BRDA:87,14,0,0
BRDA:87,14,1,0
BRF:31
BRH:0
end_of_record
TN:
SF:C:\SCP\src\scpx-app\ext\wallet\svr-wallet\sw-wallet.js
FN:27,(anonymous_0)
FN:30,(anonymous_1)
FN:41,(anonymous_2)
FN:44,(anonymous_3)
FN:70,(anonymous_4)
FN:82,(anonymous_5)
FN:88,validateMpkApk
FN:89,(anonymous_7)
FN:90,(anonymous_8)
FN:91,(anonymous_9)
FN:92,(anonymous_10)
FNF:11
FNH:0
FNDA:0,(anonymous_0)
FNDA:0,(anonymous_1)
FNDA:0,(anonymous_2)
FNDA:0,(anonymous_3)
FNDA:0,(anonymous_4)
FNDA:0,(anonymous_5)
FNDA:0,validateMpkApk
FNDA:0,(anonymous_7)
FNDA:0,(anonymous_8)
FNDA:0,(anonymous_9)
FNDA:0,(anonymous_10)
DA:3,1
DA:5,1
DA:6,1
DA:7,1
DA:9,1
DA:11,1
DA:12,1
DA:13,1
DA:15,1
DA:16,1
DA:18,1
DA:19,1
DA:25,1
DA:27,0
DA:31,0
DA:34,0
DA:35,0
DA:38,0
DA:39,0
DA:40,0
DA:41,0
DA:42,0
DA:43,0
DA:44,0
DA:49,0
DA:50,0
DA:51,0
DA:53,0
DA:54,0
DA:59,0
DA:60,0
DA:65,0
DA:66,0
DA:68,0
DA:70,0
DA:75,0
DA:76,0
DA:78,0
DA:79,0
DA:80,0
DA:81,0
DA:82,0
DA:84,0
DA:89,0
DA:90,0
DA:91,0
DA:92,0
DA:93,0
LF:48
LH:13
BRDA:31,0,0,0
BRDA:31,0,1,0
BRDA:31,0,2,0
BRDA:31,0,3,0
BRDA:35,1,0,0
BRDA:35,1,1,0
BRDA:39,2,0,0
BRDA:39,2,1,0
BRDA:41,3,0,0
BRDA:41,3,1,0
BRDA:42,4,0,0
BRDA:42,4,1,0
BRDA:44,5,0,0
BRDA:44,5,1,0
BRDA:44,6,0,0
BRDA:44,6,1,0
BRDA:44,6,2,0
BRDA:49,7,0,0
BRDA:49,7,1,0
BRDA:50,8,0,0
BRDA:50,8,1,0
BRDA:53,9,0,0
BRDA:53,9,1,0
BRDA:53,10,0,0
BRDA:53,10,1,0
BRDA:59,11,0,0
BRDA:59,11,1,0
BRDA:59,12,0,0
BRDA:59,12,1,0
BRDA:66,13,0,0
BRDA:66,13,1,0
BRDA:75,14,0,0
BRDA:75,14,1,0
BRDA:75,14,2,0
BRDA:75,14,3,0
BRDA:75,14,4,0
BRDA:75,14,5,0
BRDA:89,15,0,0
BRDA:89,15,1,0
BRDA:90,16,0,0
BRDA:90,16,1,0
BRDA:91,17,0,0
BRDA:91,17,1,0
BRDA:92,18,0,0
BRDA:92,18,1,0
BRF:45
BRH:0
end_of_record
TN:
SF:C:\SCP\src\scpx-app\ext\wallet\utils\index.js
FN:36,formatObject
FN:42,(anonymous_1)
FN:56,(anonymous_2)
FN:73,(anonymous_3)
FN:78,(anonymous_4)
FN:82,(anonymous_5)
FN:87,(anonymous_6)
FN:91,(anonymous_7)
FN:96,(anonymous_8)
FN:99,(anonymous_9)
FN:107,(anonymous_10)
FN:134,(anonymous_11)
FN:161,(anonymous_12)
FN:167,(anonymous_13)
FN:174,(anonymous_14)
FN:179,(anonymous_15)
FN:193,(anonymous_16)
FN:199,(anonymous_17)
FN:204,(anonymous_18)
FN:205,(anonymous_19)
FN:209,(anonymous_20)
FN:226,(anonymous_21)
FN:273,(anonymous_22)
FN:286,(anonymous_23)
FN:299,(anonymous_24)
FN:312,(anonymous_25)
FN:331,(anonymous_26)
FN:343,(anonymous_27)
FN:359,(anonymous_28)
FN:366,(anonymous_29)
FN:370,(anonymous_30)
FN:371,(anonymous_31)
FN:381,listener
FN:417,(anonymous_33)
FN:418,(anonymous_34)
FN:428,listener
FN:465,(anonymous_36)
FN:473,getMainThreadGlobalScope
FN:482,getNextCpuWorker
FNF:39
FNH:2
FNDA:0,formatObject
FNDA:0,(anonymous_1)
FNDA:0,(anonymous_2)
FNDA:0,(anonymous_3)
FNDA:0,(anonymous_4)
FNDA:0,(anonymous_5)
FNDA:0,(anonymous_6)
FNDA:0,(anonymous_7)
FNDA:0,(anonymous_8)
FNDA:0,(anonymous_9)
FNDA:0,(anonymous_10)
FNDA:0,(anonymous_11)
FNDA:0,(anonymous_12)
FNDA:0,(anonymous_13)
FNDA:0,(anonymous_14)
FNDA:0,(anonymous_15)
FNDA:0,(anonymous_16)
FNDA:0,(anonymous_17)
FNDA:0,(anonymous_18)
FNDA:0,(anonymous_19)
FNDA:0,(anonymous_20)
FNDA:0,(anonymous_21)
FNDA:0,(anonymous_22)
FNDA:0,(anonymous_23)
FNDA:0,(anonymous_24)
FNDA:0,(anonymous_25)
FNDA:0,(anonymous_26)
FNDA:0,(anonymous_27)
FNDA:3,(anonymous_28)
FNDA:0,(anonymous_29)
FNDA:0,(anonymous_30)
FNDA:0,(anonymous_31)
FNDA:0,listener
FNDA:0,(anonymous_33)
FNDA:0,(anonymous_34)
FNDA:0,listener
FNDA:0,(anonymous_36)
FNDA:3,getMainThreadGlobalScope
FNDA:0,getNextCpuWorker
DA:3,1
DA:4,1
DA:5,1
DA:7,1
DA:8,1
DA:10,1
DA:11,1
DA:14,1
DA:18,1
DA:19,0
DA:20,0
DA:30,1
DA:31,1
DA:32,1
DA:33,1
DA:34,1
DA:35,1
DA:37,0
DA:38,0
DA:40,0
DA:42,1
DA:43,0
DA:44,0
DA:45,0
DA:46,0
DA:47,0
DA:49,1
DA:56,0
DA:68,1
DA:74,0
DA:75,0
DA:78,0
DA:83,0
DA:84,0
DA:87,0
DA:91,0
DA:97,0
DA:98,0
DA:99,0
DA:108,0
DA:109,0
DA:111,0
DA:114,0
DA:115,0
DA:118,0
DA:119,0
DA:122,0
DA:126,0
DA:130,0
DA:131,0
DA:135,0
DA:136,0
DA:138,0
DA:141,0
DA:145,0
DA:146,0
DA:149,0
DA:153,0
DA:154,0
DA:162,0
DA:163,0
DA:167,0
DA:175,0
DA:176,0
DA:177,0
DA:180,0
DA:181,0
DA:182,0
DA:183,0
DA:184,0
DA:187,0
DA:188,0
DA:194,0
DA:195,0
DA:200,0
DA:205,0
DA:206,0
DA:210,0
DA:211,0
DA:212,0
DA:213,0
DA:215,0
DA:227,0
DA:228,0
DA:229,0
DA:230,0
DA:231,0
DA:232,0
DA:234,0
DA:235,0
DA:236,0
DA:238,0
DA:239,0
DA:240,0
DA:242,0
DA:243,0
DA:244,0
DA:246,0
DA:247,0
DA:248,0
DA:250,0
DA:251,0
DA:252,0
DA:254,0
DA:255,0
DA:256,0
DA:258,0
DA:259,0
DA:260,0
DA:263,0
DA:264,0
DA:269,0
DA:270,0
DA:274,0
DA:275,0
DA:276,0
DA:277,0
DA:278,0
DA:282,0
DA:283,0
DA:287,0
DA:288,0
DA:289,0
DA:290,0
DA:291,0
DA:295,0
DA:296,0
DA:300,0
DA:301,0
DA:302,0
DA:303,0
DA:304,0
DA:308,0
DA:309,0
DA:313,0
DA:314,0
DA:315,0
DA:316,0
DA:317,0
DA:321,0
DA:322,0
DA:332,0
DA:333,0
DA:334,0
DA:337,0
DA:344,0
DA:345,0
DA:346,0
DA:347,0
DA:360,3
DA:367,0
DA:371,0
DA:372,0
DA:374,0
DA:375,0
DA:378,0
DA:383,0
DA:384,0
DA:385,0
DA:388,0
DA:389,0
DA:392,0
DA:393,0
DA:394,0
DA:395,0
DA:396,0
DA:398,0
DA:399,0
DA:400,0
DA:401,0
DA:404,0
DA:406,0
DA:407,0
DA:409,0
DA:412,0
DA:414,0
DA:418,0
DA:419,0
DA:421,0
DA:422,0
DA:425,0
DA:430,0
DA:431,0
DA:432,0
DA:435,0
DA:436,0
DA:439,0
DA:440,0
DA:441,0
DA:442,0
DA:443,0
DA:444,0
DA:446,0
DA:447,0
DA:448,0
DA:449,0
DA:452,0
DA:454,0
DA:455,0
DA:457,0
DA:460,0
DA:465,1
DA:466,0
DA:467,0
DA:468,0
DA:469,0
DA:470,0
DA:474,3
DA:475,0
DA:478,3
DA:483,0
DA:484,0
DA:486,0
DA:487,0
DA:489,0
LF:215
LH:22
BRDA:18,0,0,0
BRDA:18,0,1,1
BRDA:31,1,0,1
BRDA:31,1,1,0
BRDA:37,2,0,0
BRDA:37,2,1,0
BRDA:43,3,0,0
BRDA:43,3,1,0
BRDA:74,4,0,0
BRDA:74,4,1,0
BRDA:83,5,0,0
BRDA:83,5,1,0
BRDA:97,6,0,0
BRDA:97,6,1,0
BRDA:97,7,0,0
BRDA:97,7,1,0
BRDA:98,8,0,0
BRDA:98,8,1,0
BRDA:98,9,0,0
BRDA:98,9,1,0
BRDA:108,10,0,0
BRDA:108,10,1,0
BRDA:108,11,0,0
BRDA:108,11,1,0
BRDA:108,11,2,0
BRDA:109,12,0,0
BRDA:109,12,1,0
BRDA:109,12,2,0
BRDA:114,13,0,0
BRDA:114,13,1,0
BRDA:118,14,0,0
BRDA:118,14,1,0
BRDA:135,15,0,0
BRDA:135,15,1,0
BRDA:135,16,0,0
BRDA:135,16,1,0
BRDA:135,16,2,0
BRDA:136,17,0,0
BRDA:136,17,1,0
BRDA:136,17,2,0
BRDA:141,18,0,0
BRDA:141,18,1,0
BRDA:162,19,0,0
BRDA:162,19,1,0
BRDA:163,20,0,0
BRDA:163,20,1,0
BRDA:163,20,2,0
BRDA:227,21,0,0
BRDA:227,21,1,0
BRDA:229,22,0,0
BRDA:229,22,1,0
BRDA:229,23,0,0
BRDA:229,23,1,0
BRDA:229,23,2,0
BRDA:230,24,0,0
BRDA:230,24,1,0
BRDA:231,25,0,0
BRDA:231,25,1,0
BRDA:234,26,0,0
BRDA:234,26,1,0
BRDA:235,27,0,0
BRDA:235,27,1,0
BRDA:238,28,0,0
BRDA:238,28,1,0
BRDA:239,29,0,0
BRDA:239,29,1,0
BRDA:242,30,0,0
BRDA:242,30,1,0
BRDA:243,31,0,0
BRDA:243,31,1,0
BRDA:246,32,0,0
BRDA:246,32,1,0
BRDA:247,33,0,0
BRDA:247,33,1,0
BRDA:250,34,0,0
BRDA:250,34,1,0
BRDA:251,35,0,0
BRDA:251,35,1,0
BRDA:254,36,0,0
BRDA:254,36,1,0
BRDA:255,37,0,0
BRDA:255,37,1,0
BRDA:258,38,0,0
BRDA:258,38,1,0
BRDA:259,39,0,0
BRDA:259,39,1,0
BRDA:263,40,0,0
BRDA:263,40,1,0
BRDA:269,41,0,0
BRDA:269,41,1,0
BRDA:274,42,0,0
BRDA:274,42,1,0
BRDA:276,43,0,0
BRDA:276,43,1,0
BRDA:276,44,0,0
BRDA:276,44,1,0
BRDA:276,44,2,0
BRDA:277,45,0,0
BRDA:277,45,1,0
BRDA:282,46,0,0
BRDA:282,46,1,0
BRDA:287,47,0,0
BRDA:287,47,1,0
BRDA:289,48,0,0
BRDA:289,48,1,0
BRDA:289,49,0,0
BRDA:289,49,1,0
BRDA:289,49,2,0
BRDA:290,50,0,0
BRDA:290,50,1,0
BRDA:295,51,0,0
BRDA:295,51,1,0
BRDA:300,52,0,0
BRDA:300,52,1,0
BRDA:302,53,0,0
BRDA:302,53,1,0
BRDA:302,54,0,0
BRDA:302,54,1,0
BRDA:302,54,2,0
BRDA:303,55,0,0
BRDA:303,55,1,0
BRDA:308,56,0,0
BRDA:308,56,1,0
BRDA:313,57,0,0
BRDA:313,57,1,0
BRDA:315,58,0,0
BRDA:315,58,1,0
BRDA:315,59,0,0
BRDA:315,59,1,0
BRDA:315,59,2,0
BRDA:316,60,0,0
BRDA:316,60,1,0
BRDA:321,61,0,0
BRDA:321,61,1,0
BRDA:332,62,0,0
BRDA:332,62,1,0
BRDA:333,63,0,0
BRDA:333,63,1,0
BRDA:333,64,0,0
BRDA:333,64,1,0
BRDA:344,65,0,0
BRDA:344,65,1,0
BRDA:345,66,0,0
BRDA:345,66,1,0
BRDA:346,67,0,0
BRDA:346,67,1,0
BRDA:374,68,0,0
BRDA:374,68,1,0
BRDA:383,69,0,0
BRDA:383,69,1,0
BRDA:384,70,0,0
BRDA:384,70,1,0
BRDA:384,71,0,0
BRDA:384,71,1,0
BRDA:388,72,0,0
BRDA:388,72,1,0
BRDA:398,73,0,0
BRDA:398,73,1,0
BRDA:398,74,0,0
BRDA:398,74,1,0
BRDA:398,74,2,0
BRDA:400,75,0,0
BRDA:400,75,1,0
BRDA:406,76,0,0
BRDA:406,76,1,0
BRDA:421,77,0,0
BRDA:421,77,1,0
BRDA:430,78,0,0
BRDA:430,78,1,0
BRDA:431,79,0,0
BRDA:431,79,1,0
BRDA:431,80,0,0
BRDA:431,80,1,0
BRDA:435,81,0,0
BRDA:435,81,1,0
BRDA:446,82,0,0
BRDA:446,82,1,0
BRDA:446,83,0,0
BRDA:446,83,1,0
BRDA:446,83,2,0
BRDA:448,84,0,0
BRDA:448,84,1,0
BRDA:454,85,0,0
BRDA:454,85,1,0
BRDA:474,86,0,0
BRDA:474,86,1,3
BRDA:486,87,0,0
BRDA:486,87,1,0
BRF:188
BRH:3
end_of_record
